CRITICAL - 2022-11-27 10:11:18 --> Undefined index: id
in APPPATH/Controllers/Api/Discuz.php on line 103.
 1 APPPATH/Controllers/Api/Discuz.php(103): CodeIgniter\Debug\Exceptions->errorHandler(8, 'Undefined index: id', 'APPPATH/Controllers/Api/Discuz.php', 103, [...])
 2 SYSTEMPATH/CodeIgniter.php(907): App\Controllers\Api\Discuz->getData()
 3 SYSTEMPATH/CodeIgniter.php(457): CodeIgniter\CodeIgniter->runController(Object(App\Controllers\Api\Discuz))
 4 SYSTEMPATH/CodeIgniter.php(340): CodeIgniter\CodeIgniter->handleRequest(null, Object(Config\Cache), false)
 5 FCPATH/index.php(67): CodeIgniter\CodeIgniter->run()
ERROR - 2022-11-27 10:13:28 --> mysqli_sql_exception: You have an error in your SQL syntax; check the manual that corresponds to your MySQL server version for the right syntax to use near ':0:
AND 1 = :1:' at line 3 in /Users/mac/Desktop/Jobs/web/project/ey56_xu/system/Database/MySQLi/Connection.php:292
Stack trace:
#0 /Users/mac/Desktop/Jobs/web/project/ey56_xu/system/Database/MySQLi/Connection.php(292): mysqli->query('SELECT COUNT(`i...', 0)
#1 /Users/mac/Desktop/Jobs/web/project/ey56_xu/system/Database/BaseConnection.php(693): CodeIgniter\Database\MySQLi\Connection->execute('SELECT COUNT(`i...')
#2 /Users/mac/Desktop/Jobs/web/project/ey56_xu/system/Database/BaseConnection.php(620): CodeIgniter\Database\BaseConnection->simpleQuery('SELECT COUNT(`i...')
#3 /Users/mac/Desktop/Jobs/web/project/ey56_xu/system/Database/BaseBuilder.php(1585): CodeIgniter\Database\BaseConnection->query('SELECT COUNT(`i...', Array, false)
#4 /Users/mac/Desktop/Jobs/web/project/ey56_xu/app/Models/DiscuzModel.php(42): CodeIgniter\Database\BaseBuilder->get()
#5 /Users/mac/Desktop/Jobs/web/project/ey56_xu/app/Controllers/Api/Discuz.php(92): App\Models\DiscuzModel->count(Array)
#6 /Users/mac/Desktop/Jobs/web/project/ey56_xu/system/CodeIgniter.php(907): App\Controllers\Api\Discuz->test()
#7 /Users/mac/Desktop/Jobs/web/project/ey56_xu/system/CodeIgniter.php(457): CodeIgniter\CodeIgniter->runController(Object(App\Controllers\Api\Discuz))
#8 /Users/mac/Desktop/Jobs/web/project/ey56_xu/system/CodeIgniter.php(340): CodeIgniter\CodeIgniter->handleRequest(NULL, Object(Config\Cache), false)
#9 /Users/mac/Desktop/Jobs/web/project/ey56_xu/public/index.php(67): CodeIgniter\CodeIgniter->run()
#10 {main}
CRITICAL - 2022-11-27 10:13:28 --> You have an error in your SQL syntax; check the manual that corresponds to your MySQL server version for the right syntax to use near ':0:
AND 1 = :1:' at line 3
in SYSTEMPATH/Database/MySQLi/Connection.php on line 292.
 1 SYSTEMPATH/Database/MySQLi/Connection.php(292): mysqli->query('SELECT COUNT(`id`) AS `id`
FROM `custom_discuz`
WHERE 0 = :0:
AND 1 = :1:', 0)
 2 SYSTEMPATH/Database/BaseConnection.php(693): CodeIgniter\Database\MySQLi\Connection->execute('SELECT COUNT(`id`) AS `id`
FROM `custom_discuz`
WHERE 0 = :0:
AND 1 = :1:')
 3 SYSTEMPATH/Database/BaseConnection.php(620): CodeIgniter\Database\BaseConnection->simpleQuery('SELECT COUNT(`id`) AS `id`
FROM `custom_discuz`
WHERE 0 = :0:
AND 1 = :1:')
 4 SYSTEMPATH/Database/BaseBuilder.php(1585): CodeIgniter\Database\BaseConnection->query('SELECT COUNT(`id`) AS `id`
FROM `custom_discuz`
WHERE 0 = :0:
AND 1 = :1:', [...], false)
 5 APPPATH/Models/DiscuzModel.php(42): CodeIgniter\Database\BaseBuilder->get()
 6 APPPATH/Controllers/Api/Discuz.php(92): App\Models\DiscuzModel->count([...])
 7 SYSTEMPATH/CodeIgniter.php(907): App\Controllers\Api\Discuz->test()
 8 SYSTEMPATH/CodeIgniter.php(457): CodeIgniter\CodeIgniter->runController(Object(App\Controllers\Api\Discuz))
 9 SYSTEMPATH/CodeIgniter.php(340): CodeIgniter\CodeIgniter->handleRequest(null, Object(Config\Cache), false)
10 FCPATH/index.php(67): CodeIgniter\CodeIgniter->run()
CRITICAL - 2022-11-27 10:15:14 --> Undefined index: id
in APPPATH/Controllers/Api/Discuz.php on line 106.
 1 APPPATH/Controllers/Api/Discuz.php(106): CodeIgniter\Debug\Exceptions->errorHandler(8, 'Undefined index: id', 'APPPATH/Controllers/Api/Discuz.php', 106, [...])
 2 SYSTEMPATH/CodeIgniter.php(907): App\Controllers\Api\Discuz->getData()
 3 SYSTEMPATH/CodeIgniter.php(457): CodeIgniter\CodeIgniter->runController(Object(App\Controllers\Api\Discuz))
 4 SYSTEMPATH/CodeIgniter.php(340): CodeIgniter\CodeIgniter->handleRequest(null, Object(Config\Cache), false)
 5 FCPATH/index.php(67): CodeIgniter\CodeIgniter->run()
CRITICAL - 2022-11-27 10:16:30 --> Undefined index: id
in APPPATH/Controllers/Api/Discuz.php on line 106.
 1 APPPATH/Controllers/Api/Discuz.php(106): CodeIgniter\Debug\Exceptions->errorHandler(8, 'Undefined index: id', 'APPPATH/Controllers/Api/Discuz.php', 106, [...])
 2 SYSTEMPATH/CodeIgniter.php(907): App\Controllers\Api\Discuz->getData()
 3 SYSTEMPATH/CodeIgniter.php(457): CodeIgniter\CodeIgniter->runController(Object(App\Controllers\Api\Discuz))
 4 SYSTEMPATH/CodeIgniter.php(340): CodeIgniter\CodeIgniter->handleRequest(null, Object(Config\Cache), false)
 5 FCPATH/index.php(67): CodeIgniter\CodeIgniter->run()
CRITICAL - 2022-11-27 10:29:13 --> Undefined variable: mMode
in APPPATH/Controllers/Api/Discuz.php on line 123.
 1 APPPATH/Controllers/Api/Discuz.php(123): CodeIgniter\Debug\Exceptions->errorHandler(8, 'Undefined variable: mMode', 'APPPATH/Controllers/Api/Discuz.php', 123, [...])
 2 SYSTEMPATH/CodeIgniter.php(907): App\Controllers\Api\Discuz->getData()
 3 SYSTEMPATH/CodeIgniter.php(457): CodeIgniter\CodeIgniter->runController(Object(App\Controllers\Api\Discuz))
 4 SYSTEMPATH/CodeIgniter.php(340): CodeIgniter\CodeIgniter->handleRequest(null, Object(Config\Cache), false)
 5 FCPATH/index.php(67): CodeIgniter\CodeIgniter->run()
CRITICAL - 2022-11-27 10:29:48 --> Undefined variable: mMode
in APPPATH/Controllers/Api/Discuz.php on line 123.
 1 APPPATH/Controllers/Api/Discuz.php(123): CodeIgniter\Debug\Exceptions->errorHandler(8, 'Undefined variable: mMode', 'APPPATH/Controllers/Api/Discuz.php', 123, [...])
 2 SYSTEMPATH/CodeIgniter.php(907): App\Controllers\Api\Discuz->getData()
 3 SYSTEMPATH/CodeIgniter.php(457): CodeIgniter\CodeIgniter->runController(Object(App\Controllers\Api\Discuz))
 4 SYSTEMPATH/CodeIgniter.php(340): CodeIgniter\CodeIgniter->handleRequest(null, Object(Config\Cache), false)
 5 FCPATH/index.php(67): CodeIgniter\CodeIgniter->run()
CRITICAL - 2022-11-27 10:30:05 --> Undefined variable: mMode
in APPPATH/Controllers/Api/Discuz.php on line 123.
 1 APPPATH/Controllers/Api/Discuz.php(123): CodeIgniter\Debug\Exceptions->errorHandler(8, 'Undefined variable: mMode', 'APPPATH/Controllers/Api/Discuz.php', 123, [...])
 2 SYSTEMPATH/CodeIgniter.php(907): App\Controllers\Api\Discuz->getData()
 3 SYSTEMPATH/CodeIgniter.php(457): CodeIgniter\CodeIgniter->runController(Object(App\Controllers\Api\Discuz))
 4 SYSTEMPATH/CodeIgniter.php(340): CodeIgniter\CodeIgniter->handleRequest(null, Object(Config\Cache), false)
 5 FCPATH/index.php(67): CodeIgniter\CodeIgniter->run()
CRITICAL - 2022-11-27 15:49:32 --> Undefined index: content
in APPPATH/Controllers/Api/Discuz.php on line 144.
 1 APPPATH/Controllers/Api/Discuz.php(144): CodeIgniter\Debug\Exceptions->errorHandler(8, 'Undefined index: content', 'APPPATH/Controllers/Api/Discuz.php', 144, [...])
 2 SYSTEMPATH/CodeIgniter.php(907): App\Controllers\Api\Discuz->setData()
 3 SYSTEMPATH/CodeIgniter.php(457): CodeIgniter\CodeIgniter->runController(Object(App\Controllers\Api\Discuz))
 4 SYSTEMPATH/CodeIgniter.php(340): CodeIgniter\CodeIgniter->handleRequest(null, Object(Config\Cache), false)
 5 FCPATH/index.php(67): CodeIgniter\CodeIgniter->run()
CRITICAL - 2022-11-27 15:51:46 --> Access to undeclared static property: App\Controllers\Api\Discuz::$model
in APPPATH/Controllers/Api/Discuz.php on line 151.
 1 SYSTEMPATH/CodeIgniter.php(907): App\Controllers\Api\Discuz->setData()
 2 SYSTEMPATH/CodeIgniter.php(457): CodeIgniter\CodeIgniter->runController(Object(App\Controllers\Api\Discuz))
 3 SYSTEMPATH/CodeIgniter.php(340): CodeIgniter\CodeIgniter->handleRequest(null, Object(Config\Cache), false)
 4 FCPATH/index.php(67): CodeIgniter\CodeIgniter->run()
CRITICAL - 2022-11-27 15:51:52 --> Access to undeclared static property: App\Controllers\Api\Discuz::$model
in APPPATH/Controllers/Api/Discuz.php on line 151.
 1 SYSTEMPATH/CodeIgniter.php(907): App\Controllers\Api\Discuz->setData()
 2 SYSTEMPATH/CodeIgniter.php(457): CodeIgniter\CodeIgniter->runController(Object(App\Controllers\Api\Discuz))
 3 SYSTEMPATH/CodeIgniter.php(340): CodeIgniter\CodeIgniter->handleRequest(null, Object(Config\Cache), false)
 4 FCPATH/index.php(67): CodeIgniter\CodeIgniter->run()
CRITICAL - 2022-11-27 15:51:58 --> Access to undeclared static property: App\Controllers\Api\Discuz::$model
in APPPATH/Controllers/Api/Discuz.php on line 151.
 1 SYSTEMPATH/CodeIgniter.php(907): App\Controllers\Api\Discuz->setData()
 2 SYSTEMPATH/CodeIgniter.php(457): CodeIgniter\CodeIgniter->runController(Object(App\Controllers\Api\Discuz))
 3 SYSTEMPATH/CodeIgniter.php(340): CodeIgniter\CodeIgniter->handleRequest(null, Object(Config\Cache), false)
 4 FCPATH/index.php(67): CodeIgniter\CodeIgniter->run()
CRITICAL - 2022-11-27 15:52:04 --> Undefined index: content
in APPPATH/Controllers/Api/Discuz.php on line 144.
 1 APPPATH/Controllers/Api/Discuz.php(144): CodeIgniter\Debug\Exceptions->errorHandler(8, 'Undefined index: content', 'APPPATH/Controllers/Api/Discuz.php', 144, [...])
 2 SYSTEMPATH/CodeIgniter.php(907): App\Controllers\Api\Discuz->setData()
 3 SYSTEMPATH/CodeIgniter.php(457): CodeIgniter\CodeIgniter->runController(Object(App\Controllers\Api\Discuz))
 4 SYSTEMPATH/CodeIgniter.php(340): CodeIgniter\CodeIgniter->handleRequest(null, Object(Config\Cache), false)
 5 FCPATH/index.php(67): CodeIgniter\CodeIgniter->run()
CRITICAL - 2022-11-27 15:52:15 --> Undefined index: content
in APPPATH/Controllers/Api/Discuz.php on line 144.
 1 APPPATH/Controllers/Api/Discuz.php(144): CodeIgniter\Debug\Exceptions->errorHandler(8, 'Undefined index: content', 'APPPATH/Controllers/Api/Discuz.php', 144, [...])
 2 SYSTEMPATH/CodeIgniter.php(907): App\Controllers\Api\Discuz->setData()
 3 SYSTEMPATH/CodeIgniter.php(457): CodeIgniter\CodeIgniter->runController(Object(App\Controllers\Api\Discuz))
 4 SYSTEMPATH/CodeIgniter.php(340): CodeIgniter\CodeIgniter->handleRequest(null, Object(Config\Cache), false)
 5 FCPATH/index.php(67): CodeIgniter\CodeIgniter->run()
CRITICAL - 2022-11-27 15:52:19 --> Undefined index: content
in APPPATH/Controllers/Api/Discuz.php on line 144.
 1 APPPATH/Controllers/Api/Discuz.php(144): CodeIgniter\Debug\Exceptions->errorHandler(8, 'Undefined index: content', 'APPPATH/Controllers/Api/Discuz.php', 144, [...])
 2 SYSTEMPATH/CodeIgniter.php(907): App\Controllers\Api\Discuz->setData()
 3 SYSTEMPATH/CodeIgniter.php(457): CodeIgniter\CodeIgniter->runController(Object(App\Controllers\Api\Discuz))
 4 SYSTEMPATH/CodeIgniter.php(340): CodeIgniter\CodeIgniter->handleRequest(null, Object(Config\Cache), false)
 5 FCPATH/index.php(67): CodeIgniter\CodeIgniter->run()
CRITICAL - 2022-11-27 15:53:20 --> Undefined index: content
in APPPATH/Controllers/Api/Discuz.php on line 144.
 1 APPPATH/Controllers/Api/Discuz.php(144): CodeIgniter\Debug\Exceptions->errorHandler(8, 'Undefined index: content', 'APPPATH/Controllers/Api/Discuz.php', 144, [...])
 2 SYSTEMPATH/CodeIgniter.php(907): App\Controllers\Api\Discuz->setData()
 3 SYSTEMPATH/CodeIgniter.php(457): CodeIgniter\CodeIgniter->runController(Object(App\Controllers\Api\Discuz))
 4 SYSTEMPATH/CodeIgniter.php(340): CodeIgniter\CodeIgniter->handleRequest(null, Object(Config\Cache), false)
 5 FCPATH/index.php(67): CodeIgniter\CodeIgniter->run()
CRITICAL - 2022-11-27 15:53:28 --> Undefined index: content
in APPPATH/Controllers/Api/Discuz.php on line 144.
 1 APPPATH/Controllers/Api/Discuz.php(144): CodeIgniter\Debug\Exceptions->errorHandler(8, 'Undefined index: content', 'APPPATH/Controllers/Api/Discuz.php', 144, [...])
 2 SYSTEMPATH/CodeIgniter.php(907): App\Controllers\Api\Discuz->setData()
 3 SYSTEMPATH/CodeIgniter.php(457): CodeIgniter\CodeIgniter->runController(Object(App\Controllers\Api\Discuz))
 4 SYSTEMPATH/CodeIgniter.php(340): CodeIgniter\CodeIgniter->handleRequest(null, Object(Config\Cache), false)
 5 FCPATH/index.php(67): CodeIgniter\CodeIgniter->run()
CRITICAL - 2022-11-27 15:53:41 --> Undefined index: content
in APPPATH/Controllers/Api/Discuz.php on line 144.
 1 APPPATH/Controllers/Api/Discuz.php(144): CodeIgniter\Debug\Exceptions->errorHandler(8, 'Undefined index: content', 'APPPATH/Controllers/Api/Discuz.php', 144, [...])
 2 SYSTEMPATH/CodeIgniter.php(907): App\Controllers\Api\Discuz->setData()
 3 SYSTEMPATH/CodeIgniter.php(457): CodeIgniter\CodeIgniter->runController(Object(App\Controllers\Api\Discuz))
 4 SYSTEMPATH/CodeIgniter.php(340): CodeIgniter\CodeIgniter->handleRequest(null, Object(Config\Cache), false)
 5 FCPATH/index.php(67): CodeIgniter\CodeIgniter->run()
CRITICAL - 2022-11-27 15:53:52 --> Access to undeclared static property: App\Controllers\Api\Discuz::$model
in APPPATH/Controllers/Api/Discuz.php on line 151.
 1 SYSTEMPATH/CodeIgniter.php(907): App\Controllers\Api\Discuz->setData()
 2 SYSTEMPATH/CodeIgniter.php(457): CodeIgniter\CodeIgniter->runController(Object(App\Controllers\Api\Discuz))
 3 SYSTEMPATH/CodeIgniter.php(340): CodeIgniter\CodeIgniter->handleRequest(null, Object(Config\Cache), false)
 4 FCPATH/index.php(67): CodeIgniter\CodeIgniter->run()
CRITICAL - 2022-11-27 15:54:01 --> Access to undeclared static property: App\Controllers\Api\Discuz::$model
in APPPATH/Controllers/Api/Discuz.php on line 151.
 1 SYSTEMPATH/CodeIgniter.php(907): App\Controllers\Api\Discuz->setData()
 2 SYSTEMPATH/CodeIgniter.php(457): CodeIgniter\CodeIgniter->runController(Object(App\Controllers\Api\Discuz))
 3 SYSTEMPATH/CodeIgniter.php(340): CodeIgniter\CodeIgniter->handleRequest(null, Object(Config\Cache), false)
 4 FCPATH/index.php(67): CodeIgniter\CodeIgniter->run()
CRITICAL - 2022-11-27 15:55:11 --> Access to undeclared static property: App\Controllers\Api\Discuz::$model
in APPPATH/Controllers/Api/Discuz.php on line 151.
 1 SYSTEMPATH/CodeIgniter.php(907): App\Controllers\Api\Discuz->setData()
 2 SYSTEMPATH/CodeIgniter.php(457): CodeIgniter\CodeIgniter->runController(Object(App\Controllers\Api\Discuz))
 3 SYSTEMPATH/CodeIgniter.php(340): CodeIgniter\CodeIgniter->handleRequest(null, Object(Config\Cache), false)
 4 FCPATH/index.php(67): CodeIgniter\CodeIgniter->run()
CRITICAL - 2022-11-27 15:55:42 --> Access to undeclared static property: App\Controllers\Api\Discuz::$model
in APPPATH/Controllers/Api/Discuz.php on line 150.
 1 SYSTEMPATH/CodeIgniter.php(907): App\Controllers\Api\Discuz->setData()
 2 SYSTEMPATH/CodeIgniter.php(457): CodeIgniter\CodeIgniter->runController(Object(App\Controllers\Api\Discuz))
 3 SYSTEMPATH/CodeIgniter.php(340): CodeIgniter\CodeIgniter->handleRequest(null, Object(Config\Cache), false)
 4 FCPATH/index.php(67): CodeIgniter\CodeIgniter->run()
CRITICAL - 2022-11-27 15:57:53 --> Access to undeclared static property: App\Controllers\Api\Discuz::$model
in APPPATH/Controllers/Api/Discuz.php on line 150.
 1 SYSTEMPATH/CodeIgniter.php(907): App\Controllers\Api\Discuz->setData()
 2 SYSTEMPATH/CodeIgniter.php(457): CodeIgniter\CodeIgniter->runController(Object(App\Controllers\Api\Discuz))
 3 SYSTEMPATH/CodeIgniter.php(340): CodeIgniter\CodeIgniter->handleRequest(null, Object(Config\Cache), false)
 4 FCPATH/index.php(67): CodeIgniter\CodeIgniter->run()
CRITICAL - 2022-11-27 15:58:16 --> Access to undeclared static property: App\Controllers\Api\Discuz::$model
in APPPATH/Controllers/Api/Discuz.php on line 150.
 1 SYSTEMPATH/CodeIgniter.php(907): App\Controllers\Api\Discuz->setData()
 2 SYSTEMPATH/CodeIgniter.php(457): CodeIgniter\CodeIgniter->runController(Object(App\Controllers\Api\Discuz))
 3 SYSTEMPATH/CodeIgniter.php(340): CodeIgniter\CodeIgniter->handleRequest(null, Object(Config\Cache), false)
 4 FCPATH/index.php(67): CodeIgniter\CodeIgniter->run()
CRITICAL - 2022-11-27 15:58:16 --> Access to undeclared static property: App\Controllers\Api\Discuz::$model
in APPPATH/Controllers/Api/Discuz.php on line 150.
 1 SYSTEMPATH/CodeIgniter.php(907): App\Controllers\Api\Discuz->setData()
 2 SYSTEMPATH/CodeIgniter.php(457): CodeIgniter\CodeIgniter->runController(Object(App\Controllers\Api\Discuz))
 3 SYSTEMPATH/CodeIgniter.php(340): CodeIgniter\CodeIgniter->handleRequest(null, Object(Config\Cache), false)
 4 FCPATH/index.php(67): CodeIgniter\CodeIgniter->run()
CRITICAL - 2022-11-27 15:58:16 --> Access to undeclared static property: App\Controllers\Api\Discuz::$model
in APPPATH/Controllers/Api/Discuz.php on line 150.
 1 SYSTEMPATH/CodeIgniter.php(907): App\Controllers\Api\Discuz->setData()
 2 SYSTEMPATH/CodeIgniter.php(457): CodeIgniter\CodeIgniter->runController(Object(App\Controllers\Api\Discuz))
 3 SYSTEMPATH/CodeIgniter.php(340): CodeIgniter\CodeIgniter->handleRequest(null, Object(Config\Cache), false)
 4 FCPATH/index.php(67): CodeIgniter\CodeIgniter->run()
CRITICAL - 2022-11-27 15:58:16 --> Access to undeclared static property: App\Controllers\Api\Discuz::$model
in APPPATH/Controllers/Api/Discuz.php on line 150.
 1 SYSTEMPATH/CodeIgniter.php(907): App\Controllers\Api\Discuz->setData()
 2 SYSTEMPATH/CodeIgniter.php(457): CodeIgniter\CodeIgniter->runController(Object(App\Controllers\Api\Discuz))
 3 SYSTEMPATH/CodeIgniter.php(340): CodeIgniter\CodeIgniter->handleRequest(null, Object(Config\Cache), false)
 4 FCPATH/index.php(67): CodeIgniter\CodeIgniter->run()
CRITICAL - 2022-11-27 15:59:06 --> Access to undeclared static property: App\Controllers\Api\Discuz::$model
in APPPATH/Controllers/Api/Discuz.php on line 150.
 1 SYSTEMPATH/CodeIgniter.php(907): App\Controllers\Api\Discuz->setData()
 2 SYSTEMPATH/CodeIgniter.php(457): CodeIgniter\CodeIgniter->runController(Object(App\Controllers\Api\Discuz))
 3 SYSTEMPATH/CodeIgniter.php(340): CodeIgniter\CodeIgniter->handleRequest(null, Object(Config\Cache), false)
 4 FCPATH/index.php(67): CodeIgniter\CodeIgniter->run()
CRITICAL - 2022-11-27 15:59:12 --> Undefined index: content
in APPPATH/Controllers/Api/Discuz.php on line 144.
 1 APPPATH/Controllers/Api/Discuz.php(144): CodeIgniter\Debug\Exceptions->errorHandler(8, 'Undefined index: content', 'APPPATH/Controllers/Api/Discuz.php', 144, [...])
 2 SYSTEMPATH/CodeIgniter.php(907): App\Controllers\Api\Discuz->setData()
 3 SYSTEMPATH/CodeIgniter.php(457): CodeIgniter\CodeIgniter->runController(Object(App\Controllers\Api\Discuz))
 4 SYSTEMPATH/CodeIgniter.php(340): CodeIgniter\CodeIgniter->handleRequest(null, Object(Config\Cache), false)
 5 FCPATH/index.php(67): CodeIgniter\CodeIgniter->run()
CRITICAL - 2022-11-27 15:59:28 --> Undefined index: content
in APPPATH/Controllers/Api/Discuz.php on line 144.
 1 APPPATH/Controllers/Api/Discuz.php(144): CodeIgniter\Debug\Exceptions->errorHandler(8, 'Undefined index: content', 'APPPATH/Controllers/Api/Discuz.php', 144, [...])
 2 SYSTEMPATH/CodeIgniter.php(907): App\Controllers\Api\Discuz->setData()
 3 SYSTEMPATH/CodeIgniter.php(457): CodeIgniter\CodeIgniter->runController(Object(App\Controllers\Api\Discuz))
 4 SYSTEMPATH/CodeIgniter.php(340): CodeIgniter\CodeIgniter->handleRequest(null, Object(Config\Cache), false)
 5 FCPATH/index.php(67): CodeIgniter\CodeIgniter->run()
CRITICAL - 2022-11-27 15:59:35 --> Access to undeclared static property: App\Controllers\Api\Discuz::$model
in APPPATH/Controllers/Api/Discuz.php on line 150.
 1 SYSTEMPATH/CodeIgniter.php(907): App\Controllers\Api\Discuz->setData()
 2 SYSTEMPATH/CodeIgniter.php(457): CodeIgniter\CodeIgniter->runController(Object(App\Controllers\Api\Discuz))
 3 SYSTEMPATH/CodeIgniter.php(340): CodeIgniter\CodeIgniter->handleRequest(null, Object(Config\Cache), false)
 4 FCPATH/index.php(67): CodeIgniter\CodeIgniter->run()
