CRITICAL - 2023-01-12 10:42:44 --> Undefined index: title
in APPPATH/Controllers/Api/Friend.php on line 31.
 1 APPPATH/Controllers/Api/Friend.php(31): CodeIgniter\Debug\Exceptions->errorHandler(8, 'Undefined index: title', 'APPPATH/Controllers/Api/Friend.php', 31, [...])
 2 SYSTEMPATH/CodeIgniter.php(907): App\Controllers\Api\Friend->add()
 3 SYSTEMPATH/CodeIgniter.php(457): CodeIgniter\CodeIgniter->runController(Object(App\Controllers\Api\Friend))
 4 SYSTEMPATH/CodeIgniter.php(340): CodeIgniter\CodeIgniter->handleRequest(null, Object(Config\Cache), false)
 5 FCPATH/index.php(67): CodeIgniter\CodeIgniter->run()
CRITICAL - 2023-01-12 10:42:53 --> Undefined index: title
in APPPATH/Controllers/Api/Friend.php on line 31.
 1 APPPATH/Controllers/Api/Friend.php(31): CodeIgniter\Debug\Exceptions->errorHandler(8, 'Undefined index: title', 'APPPATH/Controllers/Api/Friend.php', 31, [...])
 2 SYSTEMPATH/CodeIgniter.php(907): App\Controllers\Api\Friend->add()
 3 SYSTEMPATH/CodeIgniter.php(457): CodeIgniter\CodeIgniter->runController(Object(App\Controllers\Api\Friend))
 4 SYSTEMPATH/CodeIgniter.php(340): CodeIgniter\CodeIgniter->handleRequest(null, Object(Config\Cache), false)
 5 FCPATH/index.php(67): CodeIgniter\CodeIgniter->run()
CRITICAL - 2023-01-12 15:33:23 --> syntax error, unexpected '$data' (T_VARIABLE)
in APPPATH/Controllers/Api/Friend.php on line 19.
 1 SYSTEMPATH/Router/Router.php(499): CodeIgniter\Router\AutoRouter->getRoute('api/friend/test')
 2 SYSTEMPATH/Router/Router.php(205): CodeIgniter\Router\Router->autoRoute('api/friend/test')
 3 SYSTEMPATH/CodeIgniter.php(782): CodeIgniter\Router\Router->handle('api/friend/test')
 4 SYSTEMPATH/CodeIgniter.php(406): CodeIgniter\CodeIgniter->tryToRouteIt(Object(CodeIgniter\Router\RouteCollection))
 5 SYSTEMPATH/CodeIgniter.php(340): CodeIgniter\CodeIgniter->handleRequest(null, Object(Config\Cache), false)
 6 FCPATH/index.php(67): CodeIgniter\CodeIgniter->run()
CRITICAL - 2023-01-12 15:33:31 --> syntax error, unexpected '}'
in APPPATH/Controllers/Api/Friend.php on line 22.
 1 SYSTEMPATH/Router/Router.php(499): CodeIgniter\Router\AutoRouter->getRoute('api/friend/test')
 2 SYSTEMPATH/Router/Router.php(205): CodeIgniter\Router\Router->autoRoute('api/friend/test')
 3 SYSTEMPATH/CodeIgniter.php(782): CodeIgniter\Router\Router->handle('api/friend/test')
 4 SYSTEMPATH/CodeIgniter.php(406): CodeIgniter\CodeIgniter->tryToRouteIt(Object(CodeIgniter\Router\RouteCollection))
 5 SYSTEMPATH/CodeIgniter.php(340): CodeIgniter\CodeIgniter->handleRequest(null, Object(Config\Cache), false)
 6 FCPATH/index.php(67): CodeIgniter\CodeIgniter->run()
CRITICAL - 2023-01-12 15:33:39 --> syntax error, unexpected '}'
in APPPATH/Controllers/Api/Friend.php on line 33.
 1 SYSTEMPATH/Router/Router.php(499): CodeIgniter\Router\AutoRouter->getRoute('api/friend/test')
 2 SYSTEMPATH/Router/Router.php(205): CodeIgniter\Router\Router->autoRoute('api/friend/test')
 3 SYSTEMPATH/CodeIgniter.php(782): CodeIgniter\Router\Router->handle('api/friend/test')
 4 SYSTEMPATH/CodeIgniter.php(406): CodeIgniter\CodeIgniter->tryToRouteIt(Object(CodeIgniter\Router\RouteCollection))
 5 SYSTEMPATH/CodeIgniter.php(340): CodeIgniter\CodeIgniter->handleRequest(null, Object(Config\Cache), false)
 6 FCPATH/index.php(67): CodeIgniter\CodeIgniter->run()
CRITICAL - 2023-01-12 15:34:11 --> Call to undefined method App\Models\FriendModel::getResultArray
in SYSTEMPATH/Model.php on line 774.
 1 APPPATH/Controllers/Api/Friend.php(19): CodeIgniter\Model->__call('getResultArray', [])
 2 SYSTEMPATH/CodeIgniter.php(907): App\Controllers\Api\Friend->test()
 3 SYSTEMPATH/CodeIgniter.php(457): CodeIgniter\CodeIgniter->runController(Object(App\Controllers\Api\Friend))
 4 SYSTEMPATH/CodeIgniter.php(340): CodeIgniter\CodeIgniter->handleRequest(null, Object(Config\Cache), false)
 5 FCPATH/index.php(67): CodeIgniter\CodeIgniter->run()
CRITICAL - 2023-01-12 21:19:04 --> Trying to access array offset on value of type null
in APPPATH/Controllers/Api/Friend.php on line 74.
 1 APPPATH/Controllers/Api/Friend.php(74): CodeIgniter\Debug\Exceptions->errorHandler(8, 'Trying to access array offset on value of type null', 'APPPATH/Controllers/Api/Friend.php', 74, [...])
 2 SYSTEMPATH/CodeIgniter.php(907): App\Controllers\Api\Friend->add()
 3 SYSTEMPATH/CodeIgniter.php(457): CodeIgniter\CodeIgniter->runController(Object(App\Controllers\Api\Friend))
 4 SYSTEMPATH/CodeIgniter.php(340): CodeIgniter\CodeIgniter->handleRequest(null, Object(Config\Cache), false)
 5 FCPATH/index.php(67): CodeIgniter\CodeIgniter->run()
CRITICAL - 2023-01-12 21:19:08 --> Trying to access array offset on value of type null
in APPPATH/Controllers/Api/Friend.php on line 74.
 1 APPPATH/Controllers/Api/Friend.php(74): CodeIgniter\Debug\Exceptions->errorHandler(8, 'Trying to access array offset on value of type null', 'APPPATH/Controllers/Api/Friend.php', 74, [...])
 2 SYSTEMPATH/CodeIgniter.php(907): App\Controllers\Api\Friend->add()
 3 SYSTEMPATH/CodeIgniter.php(457): CodeIgniter\CodeIgniter->runController(Object(App\Controllers\Api\Friend))
 4 SYSTEMPATH/CodeIgniter.php(340): CodeIgniter\CodeIgniter->handleRequest(null, Object(Config\Cache), false)
 5 FCPATH/index.php(67): CodeIgniter\CodeIgniter->run()
CRITICAL - 2023-01-12 21:19:28 --> Trying to access array offset on value of type null
in APPPATH/Controllers/Api/Friend.php on line 74.
 1 APPPATH/Controllers/Api/Friend.php(74): CodeIgniter\Debug\Exceptions->errorHandler(8, 'Trying to access array offset on value of type null', 'APPPATH/Controllers/Api/Friend.php', 74, [...])
 2 SYSTEMPATH/CodeIgniter.php(907): App\Controllers\Api\Friend->add()
 3 SYSTEMPATH/CodeIgniter.php(457): CodeIgniter\CodeIgniter->runController(Object(App\Controllers\Api\Friend))
 4 SYSTEMPATH/CodeIgniter.php(340): CodeIgniter\CodeIgniter->handleRequest(null, Object(Config\Cache), false)
 5 FCPATH/index.php(67): CodeIgniter\CodeIgniter->run()
CRITICAL - 2023-01-12 21:22:55 --> Trying to access array offset on value of type null
in APPPATH/Controllers/Api/Friend.php on line 74.
 1 APPPATH/Controllers/Api/Friend.php(74): CodeIgniter\Debug\Exceptions->errorHandler(8, 'Trying to access array offset on value of type null', 'APPPATH/Controllers/Api/Friend.php', 74, [...])
 2 SYSTEMPATH/CodeIgniter.php(907): App\Controllers\Api\Friend->add()
 3 SYSTEMPATH/CodeIgniter.php(457): CodeIgniter\CodeIgniter->runController(Object(App\Controllers\Api\Friend))
 4 SYSTEMPATH/CodeIgniter.php(340): CodeIgniter\CodeIgniter->handleRequest(null, Object(Config\Cache), false)
 5 FCPATH/index.php(67): CodeIgniter\CodeIgniter->run()
CRITICAL - 2023-01-12 21:24:04 --> Trying to access array offset on value of type null
in APPPATH/Controllers/Api/Friend.php on line 74.
 1 APPPATH/Controllers/Api/Friend.php(74): CodeIgniter\Debug\Exceptions->errorHandler(8, 'Trying to access array offset on value of type null', 'APPPATH/Controllers/Api/Friend.php', 74, [...])
 2 SYSTEMPATH/CodeIgniter.php(907): App\Controllers\Api\Friend->add()
 3 SYSTEMPATH/CodeIgniter.php(457): CodeIgniter\CodeIgniter->runController(Object(App\Controllers\Api\Friend))
 4 SYSTEMPATH/CodeIgniter.php(340): CodeIgniter\CodeIgniter->handleRequest(null, Object(Config\Cache), false)
 5 FCPATH/index.php(67): CodeIgniter\CodeIgniter->run()
CRITICAL - 2023-01-12 21:24:05 --> Trying to access array offset on value of type null
in APPPATH/Controllers/Api/Friend.php on line 74.
 1 APPPATH/Controllers/Api/Friend.php(74): CodeIgniter\Debug\Exceptions->errorHandler(8, 'Trying to access array offset on value of type null', 'APPPATH/Controllers/Api/Friend.php', 74, [...])
 2 SYSTEMPATH/CodeIgniter.php(907): App\Controllers\Api\Friend->add()
 3 SYSTEMPATH/CodeIgniter.php(457): CodeIgniter\CodeIgniter->runController(Object(App\Controllers\Api\Friend))
 4 SYSTEMPATH/CodeIgniter.php(340): CodeIgniter\CodeIgniter->handleRequest(null, Object(Config\Cache), false)
 5 FCPATH/index.php(67): CodeIgniter\CodeIgniter->run()
