CRITICAL - 2022-11-06 08:27:37 --> Class 'App\Controllers\BaseController' not found
in APPPATH/Controllers/Home.php on line 6.
 1 SYSTEMPATH/Autoloader/Autoloader.php(282): include_once()
 2 SYSTEMPATH/Autoloader/Autoloader.php(259): CodeIgniter\Autoloader\Autoloader->includeFile('APPPATH/Controllers/Home.php')
 3 SYSTEMPATH/Autoloader/Autoloader.php(237): CodeIgniter\Autoloader\Autoloader->loadInNamespace('App\\Controllers\\Home')
 4 [internal function]: CodeIgniter\Autoloader\Autoloader->loadClass('App\\Controllers\\Home')
 5 [internal function]: spl_autoload_call('App\\Controllers\\Home')
 6 SYSTEMPATH/CodeIgniter.php(857): class_exists('\\App\\Controllers\\Home', true)
 7 SYSTEMPATH/CodeIgniter.php(444): CodeIgniter\CodeIgniter->startController()
 8 SYSTEMPATH/CodeIgniter.php(340): CodeIgniter\CodeIgniter->handleRequest(null, Object(Config\Cache), false)
 9 FCPATH/index.php(67): CodeIgniter\CodeIgniter->run()
CRITICAL - 2022-11-06 08:31:38 --> syntax error, unexpected ''numeric'' (T_CONSTANT_ENCAPSED_STRING), expecting ']'
in APPPATH/Models/SysDictkeyModel.php on line 57.
 1 SYSTEMPATH/Autoloader/Autoloader.php(259): CodeIgniter\Autoloader\Autoloader->includeFile('APPPATH/Models/SysDictkeyModel.php')
 2 SYSTEMPATH/Autoloader/Autoloader.php(237): CodeIgniter\Autoloader\Autoloader->loadInNamespace('App\\Models\\SysDictkeyModel')
 3 [internal function]: CodeIgniter\Autoloader\Autoloader->loadClass('App\\Models\\SysDictkeyModel')
 4 [internal function]: spl_autoload_call('App\\Models\\SysDictkeyModel')
 5 SYSTEMPATH/Config/Factories.php(152): class_exists('App\\Models\\SysDictkeyModel')
 6 SYSTEMPATH/Config/Factories.php(122): CodeIgniter\Config\Factories::locateClass([...], 'App\\Models\\SysDictkeyModel')
 7 SYSTEMPATH/Config/Factories.php(83): CodeIgniter\Config\Factories::__callStatic('models', [...])
 8 SYSTEMPATH/Common.php(817): CodeIgniter\Config\Factories::models('App\\Models\\SysDictkeyModel', [...], null)
 9 APPPATH/Controllers/Webadmin/Sysdict.php(12): model('App\\Models\\SysDictkeyModel')
10 SYSTEMPATH/CodeIgniter.php(869): App\Controllers\Webadmin\Sysdict->__construct()
11 SYSTEMPATH/CodeIgniter.php(448): CodeIgniter\CodeIgniter->createController()
12 SYSTEMPATH/CodeIgniter.php(340): CodeIgniter\CodeIgniter->handleRequest(null, Object(Config\Cache), false)
13 FCPATH/index.php(67): CodeIgniter\CodeIgniter->run()
CRITICAL - 2022-11-06 08:40:37 --> Undefined index: rule
in APPPATH/Views/webadmin/sysdict/detail.php on line 43.
 1 APPPATH/Views/webadmin/sysdict/detail.php(43): CodeIgniter\Debug\Exceptions->errorHandler(8, 'Undefined index: rule', 'APPPATH/Views/webadmin/sysdict/detail.php', 43, [...])
 2 SYSTEMPATH/View/View.php(213): include('APPPATH/Views/webadmin/sysdict/detail.php')
 3 SYSTEMPATH/View/View.php(216): CodeIgniter\View\View->CodeIgniter\View\{closure}()
 4 SYSTEMPATH/Common.php(1142): CodeIgniter\View\View->render('webadmin/sysdict/detail', [], true)
 5 APPPATH/Controllers/Webadmin/Sysdict.php(174): view('webadmin/sysdict/detail', [...])
 6 SYSTEMPATH/CodeIgniter.php(907): App\Controllers\Webadmin\Sysdict->edit(12)
 7 SYSTEMPATH/CodeIgniter.php(457): CodeIgniter\CodeIgniter->runController(Object(App\Controllers\Webadmin\Sysdict))
 8 SYSTEMPATH/CodeIgniter.php(340): CodeIgniter\CodeIgniter->handleRequest(null, Object(Config\Cache), false)
 9 FCPATH/index.php(67): CodeIgniter\CodeIgniter->run()
CRITICAL - 2022-11-06 08:49:46 --> Undefined index: rule
in APPPATH/Views/webadmin/sysdict/detail.php on line 43.
 1 APPPATH/Views/webadmin/sysdict/detail.php(43): CodeIgniter\Debug\Exceptions->errorHandler(8, 'Undefined index: rule', 'APPPATH/Views/webadmin/sysdict/detail.php', 43, [...])
 2 SYSTEMPATH/View/View.php(213): include('APPPATH/Views/webadmin/sysdict/detail.php')
 3 SYSTEMPATH/View/View.php(216): CodeIgniter\View\View->CodeIgniter\View\{closure}()
 4 SYSTEMPATH/Common.php(1142): CodeIgniter\View\View->render('webadmin/sysdict/detail', [], true)
 5 APPPATH/Controllers/Webadmin/Sysdict.php(178): view('webadmin/sysdict/detail', [...])
 6 SYSTEMPATH/CodeIgniter.php(907): App\Controllers\Webadmin\Sysdict->edit(21)
 7 SYSTEMPATH/CodeIgniter.php(457): CodeIgniter\CodeIgniter->runController(Object(App\Controllers\Webadmin\Sysdict))
 8 SYSTEMPATH/CodeIgniter.php(340): CodeIgniter\CodeIgniter->handleRequest(null, Object(Config\Cache), false)
 9 FCPATH/index.php(67): CodeIgniter\CodeIgniter->run()
CRITICAL - 2022-11-06 08:49:48 --> Undefined index: rule
in APPPATH/Views/webadmin/sysdict/detail.php on line 43.
 1 APPPATH/Views/webadmin/sysdict/detail.php(43): CodeIgniter\Debug\Exceptions->errorHandler(8, 'Undefined index: rule', 'APPPATH/Views/webadmin/sysdict/detail.php', 43, [...])
 2 SYSTEMPATH/View/View.php(213): include('APPPATH/Views/webadmin/sysdict/detail.php')
 3 SYSTEMPATH/View/View.php(216): CodeIgniter\View\View->CodeIgniter\View\{closure}()
 4 SYSTEMPATH/Common.php(1142): CodeIgniter\View\View->render('webadmin/sysdict/detail', [], true)
 5 APPPATH/Controllers/Webadmin/Sysdict.php(178): view('webadmin/sysdict/detail', [...])
 6 SYSTEMPATH/CodeIgniter.php(907): App\Controllers\Webadmin\Sysdict->edit(11)
 7 SYSTEMPATH/CodeIgniter.php(457): CodeIgniter\CodeIgniter->runController(Object(App\Controllers\Webadmin\Sysdict))
 8 SYSTEMPATH/CodeIgniter.php(340): CodeIgniter\CodeIgniter->handleRequest(null, Object(Config\Cache), false)
 9 FCPATH/index.php(67): CodeIgniter\CodeIgniter->run()
CRITICAL - 2022-11-06 08:49:49 --> Undefined index: rule
in APPPATH/Views/webadmin/sysdict/detail.php on line 43.
 1 APPPATH/Views/webadmin/sysdict/detail.php(43): CodeIgniter\Debug\Exceptions->errorHandler(8, 'Undefined index: rule', 'APPPATH/Views/webadmin/sysdict/detail.php', 43, [...])
 2 SYSTEMPATH/View/View.php(213): include('APPPATH/Views/webadmin/sysdict/detail.php')
 3 SYSTEMPATH/View/View.php(216): CodeIgniter\View\View->CodeIgniter\View\{closure}()
 4 SYSTEMPATH/Common.php(1142): CodeIgniter\View\View->render('webadmin/sysdict/detail', [], true)
 5 APPPATH/Controllers/Webadmin/Sysdict.php(178): view('webadmin/sysdict/detail', [...])
 6 SYSTEMPATH/CodeIgniter.php(907): App\Controllers\Webadmin\Sysdict->edit(12)
 7 SYSTEMPATH/CodeIgniter.php(457): CodeIgniter\CodeIgniter->runController(Object(App\Controllers\Webadmin\Sysdict))
 8 SYSTEMPATH/CodeIgniter.php(340): CodeIgniter\CodeIgniter->handleRequest(null, Object(Config\Cache), false)
 9 FCPATH/index.php(67): CodeIgniter\CodeIgniter->run()
CRITICAL - 2022-11-06 08:50:06 --> Undefined index: rule
in APPPATH/Views/webadmin/sysdict/detail.php on line 43.
 1 APPPATH/Views/webadmin/sysdict/detail.php(43): CodeIgniter\Debug\Exceptions->errorHandler(8, 'Undefined index: rule', 'APPPATH/Views/webadmin/sysdict/detail.php', 43, [...])
 2 SYSTEMPATH/View/View.php(213): include('APPPATH/Views/webadmin/sysdict/detail.php')
 3 SYSTEMPATH/View/View.php(216): CodeIgniter\View\View->CodeIgniter\View\{closure}()
 4 SYSTEMPATH/Common.php(1142): CodeIgniter\View\View->render('webadmin/sysdict/detail', [], true)
 5 APPPATH/Controllers/Webadmin/Sysdict.php(178): view('webadmin/sysdict/detail', [...])
 6 SYSTEMPATH/CodeIgniter.php(907): App\Controllers\Webadmin\Sysdict->edit(21)
 7 SYSTEMPATH/CodeIgniter.php(457): CodeIgniter\CodeIgniter->runController(Object(App\Controllers\Webadmin\Sysdict))
 8 SYSTEMPATH/CodeIgniter.php(340): CodeIgniter\CodeIgniter->handleRequest(null, Object(Config\Cache), false)
 9 FCPATH/index.php(67): CodeIgniter\CodeIgniter->run()
CRITICAL - 2022-11-06 08:50:08 --> Undefined index: rule
in APPPATH/Views/webadmin/sysdict/detail.php on line 43.
 1 APPPATH/Views/webadmin/sysdict/detail.php(43): CodeIgniter\Debug\Exceptions->errorHandler(8, 'Undefined index: rule', 'APPPATH/Views/webadmin/sysdict/detail.php', 43, [...])
 2 SYSTEMPATH/View/View.php(213): include('APPPATH/Views/webadmin/sysdict/detail.php')
 3 SYSTEMPATH/View/View.php(216): CodeIgniter\View\View->CodeIgniter\View\{closure}()
 4 SYSTEMPATH/Common.php(1142): CodeIgniter\View\View->render('webadmin/sysdict/detail', [], true)
 5 APPPATH/Controllers/Webadmin/Sysdict.php(178): view('webadmin/sysdict/detail', [...])
 6 SYSTEMPATH/CodeIgniter.php(907): App\Controllers\Webadmin\Sysdict->edit(12)
 7 SYSTEMPATH/CodeIgniter.php(457): CodeIgniter\CodeIgniter->runController(Object(App\Controllers\Webadmin\Sysdict))
 8 SYSTEMPATH/CodeIgniter.php(340): CodeIgniter\CodeIgniter->handleRequest(null, Object(Config\Cache), false)
 9 FCPATH/index.php(67): CodeIgniter\CodeIgniter->run()
CRITICAL - 2022-11-06 15:59:23 --> Undefined index: rule
in APPPATH/Views/webadmin/sysdict/detail.php on line 43.
 1 APPPATH/Views/webadmin/sysdict/detail.php(43): CodeIgniter\Debug\Exceptions->errorHandler(8, 'Undefined index: rule', 'APPPATH/Views/webadmin/sysdict/detail.php', 43, [...])
 2 SYSTEMPATH/View/View.php(213): include('APPPATH/Views/webadmin/sysdict/detail.php')
 3 SYSTEMPATH/View/View.php(216): CodeIgniter\View\View->CodeIgniter\View\{closure}()
 4 SYSTEMPATH/Common.php(1142): CodeIgniter\View\View->render('webadmin/sysdict/detail', [], true)
 5 APPPATH/Controllers/Webadmin/Sysdict.php(178): view('webadmin/sysdict/detail', [...])
 6 SYSTEMPATH/CodeIgniter.php(907): App\Controllers\Webadmin\Sysdict->edit(21)
 7 SYSTEMPATH/CodeIgniter.php(457): CodeIgniter\CodeIgniter->runController(Object(App\Controllers\Webadmin\Sysdict))
 8 SYSTEMPATH/CodeIgniter.php(340): CodeIgniter\CodeIgniter->handleRequest(null, Object(Config\Cache), false)
 9 FCPATH/index.php(67): CodeIgniter\CodeIgniter->run()
CRITICAL - 2022-11-06 17:20:00 --> Undefined index: tname
in APPPATH/Views/webadmin/sysdict/detail.php on line 8.
 1 APPPATH/Views/webadmin/sysdict/detail.php(8): CodeIgniter\Debug\Exceptions->errorHandler(8, 'Undefined index: tname', 'APPPATH/Views/webadmin/sysdict/detail.php', 8, [...])
 2 SYSTEMPATH/View/View.php(213): include('APPPATH/Views/webadmin/sysdict/detail.php')
 3 SYSTEMPATH/View/View.php(216): CodeIgniter\View\View->CodeIgniter\View\{closure}()
 4 SYSTEMPATH/Common.php(1142): CodeIgniter\View\View->render('webadmin/sysdict/detail', [], true)
 5 APPPATH/Controllers/Webadmin/Sysdict.php(125): view('webadmin/sysdict/detail', [...])
 6 SYSTEMPATH/CodeIgniter.php(907): App\Controllers\Webadmin\Sysdict->add()
 7 SYSTEMPATH/CodeIgniter.php(457): CodeIgniter\CodeIgniter->runController(Object(App\Controllers\Webadmin\Sysdict))
 8 SYSTEMPATH/CodeIgniter.php(340): CodeIgniter\CodeIgniter->handleRequest(null, Object(Config\Cache), false)
 9 FCPATH/index.php(67): CodeIgniter\CodeIgniter->run()
CRITICAL - 2022-11-06 20:08:53 --> in_array() expects parameter 2 to be array, string given
in APPPATH/Controllers/Webadmin/Sysdict.php on line 53.
 1 [internal function]: CodeIgniter\Debug\Exceptions->errorHandler(2, 'in_array() expects parameter 2 to be array, string given', 'APPPATH/Controllers/Webadmin/Sysdict.php', 53, [...])
 2 APPPATH/Controllers/Webadmin/Sysdict.php(53): in_array([...], 'valid_ip[ipv4]')
 3 APPPATH/Controllers/Webadmin/Sysdict.php(106): App\Controllers\Webadmin\Sysdict->setFilterData()
 4 SYSTEMPATH/CodeIgniter.php(907): App\Controllers\Webadmin\Sysdict->add()
 5 SYSTEMPATH/CodeIgniter.php(457): CodeIgniter\CodeIgniter->runController(Object(App\Controllers\Webadmin\Sysdict))
 6 SYSTEMPATH/CodeIgniter.php(340): CodeIgniter\CodeIgniter->handleRequest(null, Object(Config\Cache), false)
 7 FCPATH/index.php(67): CodeIgniter\CodeIgniter->run()
