CRITICAL - 2022-11-20 10:16:39 --> Too few arguments to function App\Controllers\ApiController::getExtInfo(), 1 passed in /Users/mac/Desktop/Jobs/web/project/ey56_xu/app/Controllers/Api/Member.php on line 121 and exactly 2 expected
in APPPATH/Controllers/ApiController.php on line 74.
 1 APPPATH/Controllers/Api/Member.php(121): App\Controllers\ApiController->getExtInfo(Object(App\Models\MemberModel))
 2 SYSTEMPATH/CodeIgniter.php(907): App\Controllers\Api\Member->test()
 3 SYSTEMPATH/CodeIgniter.php(457): CodeIgniter\CodeIgniter->runController(Object(App\Controllers\Api\Member))
 4 SYSTEMPATH/CodeIgniter.php(340): CodeIgniter\CodeIgniter->handleRequest(null, Object(Config\Cache), false)
 5 FCPATH/index.php(67): CodeIgniter\CodeIgniter->run()
CRITICAL - 2022-11-20 10:24:39 --> Undefined index: prepay_id
in APPPATH/Controllers/Api/Weixin.php on line 73.
 1 APPPATH/Controllers/Api/Weixin.php(73): CodeIgniter\Debug\Exceptions->errorHandler(8, 'Undefined index: prepay_id', 'APPPATH/Controllers/Api/Weixin.php', 73, [...])
 2 SYSTEMPATH/CodeIgniter.php(907): App\Controllers\Api\Weixin->pay()
 3 SYSTEMPATH/CodeIgniter.php(457): CodeIgniter\CodeIgniter->runController(Object(App\Controllers\Api\Weixin))
 4 SYSTEMPATH/CodeIgniter.php(340): CodeIgniter\CodeIgniter->handleRequest(null, Object(Config\Cache), false)
 5 FCPATH/index.php(67): CodeIgniter\CodeIgniter->run()
CRITICAL - 2022-11-20 11:37:59 --> Undefined index: uid
in APPPATH/Controllers/Api/Weixin.php on line 20.
 1 APPPATH/Controllers/Api/Weixin.php(20): CodeIgniter\Debug\Exceptions->errorHandler(8, 'Undefined index: uid', 'APPPATH/Controllers/Api/Weixin.php', 20, [...])
 2 SYSTEMPATH/CodeIgniter.php(907): App\Controllers\Api\Weixin->oauth()
 3 SYSTEMPATH/CodeIgniter.php(457): CodeIgniter\CodeIgniter->runController(Object(App\Controllers\Api\Weixin))
 4 SYSTEMPATH/CodeIgniter.php(340): CodeIgniter\CodeIgniter->handleRequest(null, Object(Config\Cache), false)
 5 FCPATH/index.php(67): CodeIgniter\CodeIgniter->run()
CRITICAL - 2022-11-20 12:15:06 --> syntax error, unexpected '}'
in APPPATH/Controllers/ApiController.php on line 109.
 1 SYSTEMPATH/Autoloader/Autoloader.php(259): CodeIgniter\Autoloader\Autoloader->includeFile('APPPATH/Controllers/ApiController.php')
 2 SYSTEMPATH/Autoloader/Autoloader.php(237): CodeIgniter\Autoloader\Autoloader->loadInNamespace('App\\Controllers\\ApiController')
 3 [internal function]: CodeIgniter\Autoloader\Autoloader->loadClass('App\\Controllers\\ApiController')
 4 APPPATH/Controllers/Api/Member.php(6): spl_autoload_call('App\\Controllers\\ApiController')
 5 SYSTEMPATH/Router/AutoRouter.php(147): include_once('APPPATH/Controllers/Api/Member.php')
 6 SYSTEMPATH/Router/Router.php(499): CodeIgniter\Router\AutoRouter->getRoute('api/member/test')
 7 SYSTEMPATH/Router/Router.php(205): CodeIgniter\Router\Router->autoRoute('api/member/test')
 8 SYSTEMPATH/CodeIgniter.php(782): CodeIgniter\Router\Router->handle('api/member/test')
 9 SYSTEMPATH/CodeIgniter.php(406): CodeIgniter\CodeIgniter->tryToRouteIt(Object(CodeIgniter\Router\RouteCollection))
10 SYSTEMPATH/CodeIgniter.php(340): CodeIgniter\CodeIgniter->handleRequest(null, Object(Config\Cache), false)
11 FCPATH/index.php(67): CodeIgniter\CodeIgniter->run()
CRITICAL - 2022-11-20 12:15:31 --> Access to undeclared static property: App\Controllers\Api\Weixin::$membModel
in APPPATH/Controllers/Api/Weixin.php on line 34.
 1 SYSTEMPATH/CodeIgniter.php(907): App\Controllers\Api\Weixin->test()
 2 SYSTEMPATH/CodeIgniter.php(457): CodeIgniter\CodeIgniter->runController(Object(App\Controllers\Api\Weixin))
 3 SYSTEMPATH/CodeIgniter.php(340): CodeIgniter\CodeIgniter->handleRequest(null, Object(Config\Cache), false)
 4 FCPATH/index.php(67): CodeIgniter\CodeIgniter->run()
CRITICAL - 2022-11-20 12:15:46 --> Undefined variable: res
in APPPATH/Controllers/Api/Weixin.php on line 34.
 1 APPPATH/Controllers/Api/Weixin.php(34): CodeIgniter\Debug\Exceptions->errorHandler(8, 'Undefined variable: res', 'APPPATH/Controllers/Api/Weixin.php', 34, [])
 2 SYSTEMPATH/CodeIgniter.php(907): App\Controllers\Api\Weixin->test()
 3 SYSTEMPATH/CodeIgniter.php(457): CodeIgniter\CodeIgniter->runController(Object(App\Controllers\Api\Weixin))
 4 SYSTEMPATH/CodeIgniter.php(340): CodeIgniter\CodeIgniter->handleRequest(null, Object(Config\Cache), false)
 5 FCPATH/index.php(67): CodeIgniter\CodeIgniter->run()
