CRITICAL - 2023-01-03 10:33:31 --> Call to a member function count() on null
in APPPATH/Controllers/Api/Chat.php on line 39.
 1 SYSTEMPATH/CodeIgniter.php(907): App\Controllers\Api\Chat->getData()
 2 SYSTEMPATH/CodeIgniter.php(457): CodeIgniter\CodeIgniter->runController(Object(App\Controllers\Api\Chat))
 3 SYSTEMPATH/CodeIgniter.php(340): CodeIgniter\CodeIgniter->handleRequest(null, Object(Config\Cache), false)
 4 FCPATH/index.php(67): CodeIgniter\CodeIgniter->run()
CRITICAL - 2023-01-03 10:33:31 --> Call to a member function count() on null
in APPPATH/Controllers/Api/Chat.php on line 39.
 1 SYSTEMPATH/CodeIgniter.php(907): App\Controllers\Api\Chat->getData()
 2 SYSTEMPATH/CodeIgniter.php(457): CodeIgniter\CodeIgniter->runController(Object(App\Controllers\Api\Chat))
 3 SYSTEMPATH/CodeIgniter.php(340): CodeIgniter\CodeIgniter->handleRequest(null, Object(Config\Cache), false)
 4 FCPATH/index.php(67): CodeIgniter\CodeIgniter->run()
CRITICAL - 2023-01-03 10:33:41 --> 7 : Failed to connect to 192.168.1.5 port 8888: Connection refused
in SYSTEMPATH/HTTP/CURLRequest.php on line 655.
 1 SYSTEMPATH/HTTP/CURLRequest.php(655): CodeIgniter\HTTP\Exceptions\HTTPException::forCurlError('7', 'Failed to connect to 192.168.1.5 port 8888: Connection refused')
 2 SYSTEMPATH/HTTP/CURLRequest.php(363): CodeIgniter\HTTP\CURLRequest->sendRequest([...])
 3 SYSTEMPATH/HTTP/CURLRequest.php(136): CodeIgniter\HTTP\CURLRequest->send('POST', 'http://192.168.1.5:8888/api/paimai/getData')
 4 APPPATH/Controllers/Api/Home.php(54): CodeIgniter\HTTP\CURLRequest->request('POST', 'http://192.168.1.5:8888/api/paimai/getData', [...])
 5 SYSTEMPATH/CodeIgniter.php(907): App\Controllers\Api\Home->getSections()
 6 SYSTEMPATH/CodeIgniter.php(457): CodeIgniter\CodeIgniter->runController(Object(App\Controllers\Api\Home))
 7 SYSTEMPATH/CodeIgniter.php(340): CodeIgniter\CodeIgniter->handleRequest(null, Object(Config\Cache), false)
 8 FCPATH/index.php(67): CodeIgniter\CodeIgniter->run()
CRITICAL - 2023-01-03 10:33:45 --> Call to a member function count() on null
in APPPATH/Controllers/Api/Chat.php on line 39.
 1 SYSTEMPATH/CodeIgniter.php(907): App\Controllers\Api\Chat->getData()
 2 SYSTEMPATH/CodeIgniter.php(457): CodeIgniter\CodeIgniter->runController(Object(App\Controllers\Api\Chat))
 3 SYSTEMPATH/CodeIgniter.php(340): CodeIgniter\CodeIgniter->handleRequest(null, Object(Config\Cache), false)
 4 FCPATH/index.php(67): CodeIgniter\CodeIgniter->run()
CRITICAL - 2023-01-03 10:34:11 --> Call to a member function count() on null
in APPPATH/Controllers/Api/Chat.php on line 39.
 1 SYSTEMPATH/CodeIgniter.php(907): App\Controllers\Api\Chat->getData()
 2 SYSTEMPATH/CodeIgniter.php(457): CodeIgniter\CodeIgniter->runController(Object(App\Controllers\Api\Chat))
 3 SYSTEMPATH/CodeIgniter.php(340): CodeIgniter\CodeIgniter->handleRequest(null, Object(Config\Cache), false)
 4 FCPATH/index.php(67): CodeIgniter\CodeIgniter->run()
CRITICAL - 2023-01-03 10:46:48 --> Call to a member function count() on null
in APPPATH/Controllers/Api/Chat.php on line 39.
 1 SYSTEMPATH/CodeIgniter.php(907): App\Controllers\Api\Chat->getData()
 2 SYSTEMPATH/CodeIgniter.php(457): CodeIgniter\CodeIgniter->runController(Object(App\Controllers\Api\Chat))
 3 SYSTEMPATH/CodeIgniter.php(340): CodeIgniter\CodeIgniter->handleRequest(null, Object(Config\Cache), false)
 4 FCPATH/index.php(67): CodeIgniter\CodeIgniter->run()
CRITICAL - 2023-01-03 10:47:40 --> Call to a member function count() on null
in APPPATH/Controllers/Api/Chat.php on line 39.
 1 SYSTEMPATH/CodeIgniter.php(907): App\Controllers\Api\Chat->getData()
 2 SYSTEMPATH/CodeIgniter.php(457): CodeIgniter\CodeIgniter->runController(Object(App\Controllers\Api\Chat))
 3 SYSTEMPATH/CodeIgniter.php(340): CodeIgniter\CodeIgniter->handleRequest(null, Object(Config\Cache), false)
 4 FCPATH/index.php(67): CodeIgniter\CodeIgniter->run()
CRITICAL - 2023-01-03 10:48:33 --> 7 : Failed to connect to 192.168.1.5 port 8888: Connection refused
in SYSTEMPATH/HTTP/CURLRequest.php on line 655.
 1 SYSTEMPATH/HTTP/CURLRequest.php(655): CodeIgniter\HTTP\Exceptions\HTTPException::forCurlError('7', 'Failed to connect to 192.168.1.5 port 8888: Connection refused')
 2 SYSTEMPATH/HTTP/CURLRequest.php(363): CodeIgniter\HTTP\CURLRequest->sendRequest([...])
 3 SYSTEMPATH/HTTP/CURLRequest.php(136): CodeIgniter\HTTP\CURLRequest->send('POST', 'http://192.168.1.5:8888/api/paimai/getData')
 4 APPPATH/Controllers/Api/Home.php(54): CodeIgniter\HTTP\CURLRequest->request('POST', 'http://192.168.1.5:8888/api/paimai/getData', [...])
 5 SYSTEMPATH/CodeIgniter.php(907): App\Controllers\Api\Home->getSections()
 6 SYSTEMPATH/CodeIgniter.php(457): CodeIgniter\CodeIgniter->runController(Object(App\Controllers\Api\Home))
 7 SYSTEMPATH/CodeIgniter.php(340): CodeIgniter\CodeIgniter->handleRequest(null, Object(Config\Cache), false)
 8 FCPATH/index.php(67): CodeIgniter\CodeIgniter->run()
CRITICAL - 2023-01-03 10:48:44 --> 7 : Failed to connect to 192.168.1.5 port 8888: Connection refused
in SYSTEMPATH/HTTP/CURLRequest.php on line 655.
 1 SYSTEMPATH/HTTP/CURLRequest.php(655): CodeIgniter\HTTP\Exceptions\HTTPException::forCurlError('7', 'Failed to connect to 192.168.1.5 port 8888: Connection refused')
 2 SYSTEMPATH/HTTP/CURLRequest.php(363): CodeIgniter\HTTP\CURLRequest->sendRequest([...])
 3 SYSTEMPATH/HTTP/CURLRequest.php(136): CodeIgniter\HTTP\CURLRequest->send('POST', 'http://192.168.1.5:8888/api/paimai/getData')
 4 APPPATH/Controllers/Api/Home.php(54): CodeIgniter\HTTP\CURLRequest->request('POST', 'http://192.168.1.5:8888/api/paimai/getData', [...])
 5 SYSTEMPATH/CodeIgniter.php(907): App\Controllers\Api\Home->getSections()
 6 SYSTEMPATH/CodeIgniter.php(457): CodeIgniter\CodeIgniter->runController(Object(App\Controllers\Api\Home))
 7 SYSTEMPATH/CodeIgniter.php(340): CodeIgniter\CodeIgniter->handleRequest(null, Object(Config\Cache), false)
 8 FCPATH/index.php(67): CodeIgniter\CodeIgniter->run()
CRITICAL - 2023-01-03 10:48:46 --> 7 : Failed to connect to 192.168.1.5 port 8888: Connection refused
in SYSTEMPATH/HTTP/CURLRequest.php on line 655.
 1 SYSTEMPATH/HTTP/CURLRequest.php(655): CodeIgniter\HTTP\Exceptions\HTTPException::forCurlError('7', 'Failed to connect to 192.168.1.5 port 8888: Connection refused')
 2 SYSTEMPATH/HTTP/CURLRequest.php(363): CodeIgniter\HTTP\CURLRequest->sendRequest([...])
 3 SYSTEMPATH/HTTP/CURLRequest.php(136): CodeIgniter\HTTP\CURLRequest->send('POST', 'http://192.168.1.5:8888/api/paimai/getData')
 4 APPPATH/Controllers/Api/Home.php(54): CodeIgniter\HTTP\CURLRequest->request('POST', 'http://192.168.1.5:8888/api/paimai/getData', [...])
 5 SYSTEMPATH/CodeIgniter.php(907): App\Controllers\Api\Home->getSections()
 6 SYSTEMPATH/CodeIgniter.php(457): CodeIgniter\CodeIgniter->runController(Object(App\Controllers\Api\Home))
 7 SYSTEMPATH/CodeIgniter.php(340): CodeIgniter\CodeIgniter->handleRequest(null, Object(Config\Cache), false)
 8 FCPATH/index.php(67): CodeIgniter\CodeIgniter->run()
CRITICAL - 2023-01-03 10:48:56 --> 7 : Failed to connect to 192.168.1.5 port 8888: Connection refused
in SYSTEMPATH/HTTP/CURLRequest.php on line 655.
 1 SYSTEMPATH/HTTP/CURLRequest.php(655): CodeIgniter\HTTP\Exceptions\HTTPException::forCurlError('7', 'Failed to connect to 192.168.1.5 port 8888: Connection refused')
 2 SYSTEMPATH/HTTP/CURLRequest.php(363): CodeIgniter\HTTP\CURLRequest->sendRequest([...])
 3 SYSTEMPATH/HTTP/CURLRequest.php(136): CodeIgniter\HTTP\CURLRequest->send('POST', 'http://192.168.1.5:8888/api/paimai/getData')
 4 APPPATH/Controllers/Api/Home.php(54): CodeIgniter\HTTP\CURLRequest->request('POST', 'http://192.168.1.5:8888/api/paimai/getData', [...])
 5 SYSTEMPATH/CodeIgniter.php(907): App\Controllers\Api\Home->getSections()
 6 SYSTEMPATH/CodeIgniter.php(457): CodeIgniter\CodeIgniter->runController(Object(App\Controllers\Api\Home))
 7 SYSTEMPATH/CodeIgniter.php(340): CodeIgniter\CodeIgniter->handleRequest(null, Object(Config\Cache), false)
 8 FCPATH/index.php(67): CodeIgniter\CodeIgniter->run()
CRITICAL - 2023-01-03 10:50:33 --> Call to a member function count() on null
in APPPATH/Controllers/Api/Chat.php on line 39.
 1 SYSTEMPATH/CodeIgniter.php(907): App\Controllers\Api\Chat->getData()
 2 SYSTEMPATH/CodeIgniter.php(457): CodeIgniter\CodeIgniter->runController(Object(App\Controllers\Api\Chat))
 3 SYSTEMPATH/CodeIgniter.php(340): CodeIgniter\CodeIgniter->handleRequest(null, Object(Config\Cache), false)
 4 FCPATH/index.php(67): CodeIgniter\CodeIgniter->run()
CRITICAL - 2023-01-03 13:40:50 --> Call to a member function where() on null
in APPPATH/Controllers/Api/Chat.php on line 18.
 1 SYSTEMPATH/CodeIgniter.php(907): App\Controllers\Api\Chat->getData()
 2 SYSTEMPATH/CodeIgniter.php(457): CodeIgniter\CodeIgniter->runController(Object(App\Controllers\Api\Chat))
 3 SYSTEMPATH/CodeIgniter.php(340): CodeIgniter\CodeIgniter->handleRequest(null, Object(Config\Cache), false)
 4 FCPATH/index.php(67): CodeIgniter\CodeIgniter->run()
CRITICAL - 2023-01-03 13:41:06 --> Call to a member function where() on null
in APPPATH/Controllers/Api/Chat.php on line 18.
 1 SYSTEMPATH/CodeIgniter.php(907): App\Controllers\Api\Chat->getData()
 2 SYSTEMPATH/CodeIgniter.php(457): CodeIgniter\CodeIgniter->runController(Object(App\Controllers\Api\Chat))
 3 SYSTEMPATH/CodeIgniter.php(340): CodeIgniter\CodeIgniter->handleRequest(null, Object(Config\Cache), false)
 4 FCPATH/index.php(67): CodeIgniter\CodeIgniter->run()
CRITICAL - 2023-01-03 13:41:07 --> Call to a member function where() on null
in APPPATH/Controllers/Api/Chat.php on line 18.
 1 SYSTEMPATH/CodeIgniter.php(907): App\Controllers\Api\Chat->getData()
 2 SYSTEMPATH/CodeIgniter.php(457): CodeIgniter\CodeIgniter->runController(Object(App\Controllers\Api\Chat))
 3 SYSTEMPATH/CodeIgniter.php(340): CodeIgniter\CodeIgniter->handleRequest(null, Object(Config\Cache), false)
 4 FCPATH/index.php(67): CodeIgniter\CodeIgniter->run()
CRITICAL - 2023-01-03 13:41:46 --> Call to a member function getData() on null
in APPPATH/Controllers/Api/Chat.php on line 18.
 1 SYSTEMPATH/CodeIgniter.php(907): App\Controllers\Api\Chat->getData()
 2 SYSTEMPATH/CodeIgniter.php(457): CodeIgniter\CodeIgniter->runController(Object(App\Controllers\Api\Chat))
 3 SYSTEMPATH/CodeIgniter.php(340): CodeIgniter\CodeIgniter->handleRequest(null, Object(Config\Cache), false)
 4 FCPATH/index.php(67): CodeIgniter\CodeIgniter->run()
CRITICAL - 2023-01-03 14:02:19 --> Undefined variable: sdata
in APPPATH/Controllers/Api/Chat.php on line 31.
 1 APPPATH/Controllers/Api/Chat.php(31): CodeIgniter\Debug\Exceptions->errorHandler(8, 'Undefined variable: sdata', 'APPPATH/Controllers/Api/Chat.php', 31, [...])
 2 SYSTEMPATH/CodeIgniter.php(907): App\Controllers\Api\Chat->getData()
 3 SYSTEMPATH/CodeIgniter.php(457): CodeIgniter\CodeIgniter->runController(Object(App\Controllers\Api\Chat))
 4 SYSTEMPATH/CodeIgniter.php(340): CodeIgniter\CodeIgniter->handleRequest(null, Object(Config\Cache), false)
 5 FCPATH/index.php(67): CodeIgniter\CodeIgniter->run()
CRITICAL - 2023-01-03 14:10:36 --> Undefined variable: sdata
in APPPATH/Controllers/Api/Chat.php on line 31.
 1 APPPATH/Controllers/Api/Chat.php(31): CodeIgniter\Debug\Exceptions->errorHandler(8, 'Undefined variable: sdata', 'APPPATH/Controllers/Api/Chat.php', 31, [...])
 2 SYSTEMPATH/CodeIgniter.php(907): App\Controllers\Api\Chat->getData()
 3 SYSTEMPATH/CodeIgniter.php(457): CodeIgniter\CodeIgniter->runController(Object(App\Controllers\Api\Chat))
 4 SYSTEMPATH/CodeIgniter.php(340): CodeIgniter\CodeIgniter->handleRequest(null, Object(Config\Cache), false)
 5 FCPATH/index.php(67): CodeIgniter\CodeIgniter->run()
CRITICAL - 2023-01-03 14:10:51 --> Undefined variable: sdata
in APPPATH/Controllers/Api/Chat.php on line 31.
 1 APPPATH/Controllers/Api/Chat.php(31): CodeIgniter\Debug\Exceptions->errorHandler(8, 'Undefined variable: sdata', 'APPPATH/Controllers/Api/Chat.php', 31, [...])
 2 SYSTEMPATH/CodeIgniter.php(907): App\Controllers\Api\Chat->getData()
 3 SYSTEMPATH/CodeIgniter.php(457): CodeIgniter\CodeIgniter->runController(Object(App\Controllers\Api\Chat))
 4 SYSTEMPATH/CodeIgniter.php(340): CodeIgniter\CodeIgniter->handleRequest(null, Object(Config\Cache), false)
 5 FCPATH/index.php(67): CodeIgniter\CodeIgniter->run()
CRITICAL - 2023-01-03 14:10:55 --> Undefined variable: sdata
in APPPATH/Controllers/Api/Chat.php on line 31.
 1 APPPATH/Controllers/Api/Chat.php(31): CodeIgniter\Debug\Exceptions->errorHandler(8, 'Undefined variable: sdata', 'APPPATH/Controllers/Api/Chat.php', 31, [...])
 2 SYSTEMPATH/CodeIgniter.php(907): App\Controllers\Api\Chat->getData()
 3 SYSTEMPATH/CodeIgniter.php(457): CodeIgniter\CodeIgniter->runController(Object(App\Controllers\Api\Chat))
 4 SYSTEMPATH/CodeIgniter.php(340): CodeIgniter\CodeIgniter->handleRequest(null, Object(Config\Cache), false)
 5 FCPATH/index.php(67): CodeIgniter\CodeIgniter->run()
CRITICAL - 2023-01-03 14:11:31 --> Undefined variable: sdata
in APPPATH/Controllers/Api/Chat.php on line 31.
 1 APPPATH/Controllers/Api/Chat.php(31): CodeIgniter\Debug\Exceptions->errorHandler(8, 'Undefined variable: sdata', 'APPPATH/Controllers/Api/Chat.php', 31, [...])
 2 SYSTEMPATH/CodeIgniter.php(907): App\Controllers\Api\Chat->getData()
 3 SYSTEMPATH/CodeIgniter.php(457): CodeIgniter\CodeIgniter->runController(Object(App\Controllers\Api\Chat))
 4 SYSTEMPATH/CodeIgniter.php(340): CodeIgniter\CodeIgniter->handleRequest(null, Object(Config\Cache), false)
 5 FCPATH/index.php(67): CodeIgniter\CodeIgniter->run()
CRITICAL - 2023-01-03 14:11:38 --> Undefined variable: sdata
in APPPATH/Controllers/Api/Chat.php on line 31.
 1 APPPATH/Controllers/Api/Chat.php(31): CodeIgniter\Debug\Exceptions->errorHandler(8, 'Undefined variable: sdata', 'APPPATH/Controllers/Api/Chat.php', 31, [...])
 2 SYSTEMPATH/CodeIgniter.php(907): App\Controllers\Api\Chat->getData()
 3 SYSTEMPATH/CodeIgniter.php(457): CodeIgniter\CodeIgniter->runController(Object(App\Controllers\Api\Chat))
 4 SYSTEMPATH/CodeIgniter.php(340): CodeIgniter\CodeIgniter->handleRequest(null, Object(Config\Cache), false)
 5 FCPATH/index.php(67): CodeIgniter\CodeIgniter->run()
CRITICAL - 2023-01-03 14:11:52 --> Undefined variable: sdata
in APPPATH/Controllers/Api/Chat.php on line 31.
 1 APPPATH/Controllers/Api/Chat.php(31): CodeIgniter\Debug\Exceptions->errorHandler(8, 'Undefined variable: sdata', 'APPPATH/Controllers/Api/Chat.php', 31, [...])
 2 SYSTEMPATH/CodeIgniter.php(907): App\Controllers\Api\Chat->getData()
 3 SYSTEMPATH/CodeIgniter.php(457): CodeIgniter\CodeIgniter->runController(Object(App\Controllers\Api\Chat))
 4 SYSTEMPATH/CodeIgniter.php(340): CodeIgniter\CodeIgniter->handleRequest(null, Object(Config\Cache), false)
 5 FCPATH/index.php(67): CodeIgniter\CodeIgniter->run()
CRITICAL - 2023-01-03 14:11:56 --> Undefined variable: sdata
in APPPATH/Controllers/Api/Chat.php on line 31.
 1 APPPATH/Controllers/Api/Chat.php(31): CodeIgniter\Debug\Exceptions->errorHandler(8, 'Undefined variable: sdata', 'APPPATH/Controllers/Api/Chat.php', 31, [...])
 2 SYSTEMPATH/CodeIgniter.php(907): App\Controllers\Api\Chat->getData()
 3 SYSTEMPATH/CodeIgniter.php(457): CodeIgniter\CodeIgniter->runController(Object(App\Controllers\Api\Chat))
 4 SYSTEMPATH/CodeIgniter.php(340): CodeIgniter\CodeIgniter->handleRequest(null, Object(Config\Cache), false)
 5 FCPATH/index.php(67): CodeIgniter\CodeIgniter->run()
CRITICAL - 2023-01-03 14:13:44 --> Undefined variable: sdata
in APPPATH/Controllers/Api/Chat.php on line 31.
 1 APPPATH/Controllers/Api/Chat.php(31): CodeIgniter\Debug\Exceptions->errorHandler(8, 'Undefined variable: sdata', 'APPPATH/Controllers/Api/Chat.php', 31, [...])
 2 SYSTEMPATH/CodeIgniter.php(907): App\Controllers\Api\Chat->getData()
 3 SYSTEMPATH/CodeIgniter.php(457): CodeIgniter\CodeIgniter->runController(Object(App\Controllers\Api\Chat))
 4 SYSTEMPATH/CodeIgniter.php(340): CodeIgniter\CodeIgniter->handleRequest(null, Object(Config\Cache), false)
 5 FCPATH/index.php(67): CodeIgniter\CodeIgniter->run()
CRITICAL - 2023-01-03 14:13:53 --> Undefined variable: sdata
in APPPATH/Controllers/Api/Chat.php on line 31.
 1 APPPATH/Controllers/Api/Chat.php(31): CodeIgniter\Debug\Exceptions->errorHandler(8, 'Undefined variable: sdata', 'APPPATH/Controllers/Api/Chat.php', 31, [...])
 2 SYSTEMPATH/CodeIgniter.php(907): App\Controllers\Api\Chat->getData()
 3 SYSTEMPATH/CodeIgniter.php(457): CodeIgniter\CodeIgniter->runController(Object(App\Controllers\Api\Chat))
 4 SYSTEMPATH/CodeIgniter.php(340): CodeIgniter\CodeIgniter->handleRequest(null, Object(Config\Cache), false)
 5 FCPATH/index.php(67): CodeIgniter\CodeIgniter->run()
ERROR - 2023-01-03 14:23:33 --> mysqli_sql_exception: Unknown column 'id' in 'order clause' in /Users/mac/Desktop/Jobs/web/project/ey56_xu/system/Database/MySQLi/Connection.php:292
Stack trace:
#0 /Users/mac/Desktop/Jobs/web/project/ey56_xu/system/Database/MySQLi/Connection.php(292): mysqli->query('SELECT *\nFROM `...', 0)
#1 /Users/mac/Desktop/Jobs/web/project/ey56_xu/system/Database/BaseConnection.php(693): CodeIgniter\Database\MySQLi\Connection->execute('SELECT *\nFROM `...')
#2 /Users/mac/Desktop/Jobs/web/project/ey56_xu/system/Database/BaseConnection.php(620): CodeIgniter\Database\BaseConnection->simpleQuery('SELECT *\nFROM `...')
#3 /Users/mac/Desktop/Jobs/web/project/ey56_xu/system/Database/BaseBuilder.php(1585): CodeIgniter\Database\BaseConnection->query('SELECT *\nFROM `...', Array, false)
#4 /Users/mac/Desktop/Jobs/web/project/ey56_xu/app/Models/ChatRoomModel.php(33): CodeIgniter\Database\BaseBuilder->get()
#5 /Users/mac/Desktop/Jobs/web/project/ey56_xu/app/Controllers/Api/Chat.php(18): App\Models\ChatRoomModel->getData(Array, 100)
#6 /Users/mac/Desktop/Jobs/web/project/ey56_xu/system/CodeIgniter.php(907): App\Controllers\Api\Chat->getRoom()
#7 /Users/mac/Desktop/Jobs/web/project/ey56_xu/system/CodeIgniter.php(457): CodeIgniter\CodeIgniter->runController(Object(App\Controllers\Api\Chat))
#8 /Users/mac/Desktop/Jobs/web/project/ey56_xu/system/CodeIgniter.php(340): CodeIgniter\CodeIgniter->handleRequest(NULL, Object(Config\Cache), false)
#9 /Users/mac/Desktop/Jobs/web/project/ey56_xu/public/index.php(67): CodeIgniter\CodeIgniter->run()
#10 {main}
CRITICAL - 2023-01-03 14:23:33 --> Unknown column 'id' in 'order clause'
in SYSTEMPATH/Database/MySQLi/Connection.php on line 292.
 1 SYSTEMPATH/Database/MySQLi/Connection.php(292): mysqli->query('SELECT *
FROM `chat_room`
WHERE `deleted_at` IS NULL
AND `status` = 1
ORDER BY `id` DESC
 LIMIT 100', 0)
 2 SYSTEMPATH/Database/BaseConnection.php(693): CodeIgniter\Database\MySQLi\Connection->execute('SELECT *
FROM `chat_room`
WHERE `deleted_at` IS NULL
AND `status` = 1
ORDER BY `id` DESC
 LIMIT 100')
 3 SYSTEMPATH/Database/BaseConnection.php(620): CodeIgniter\Database\BaseConnection->simpleQuery('SELECT *
FROM `chat_room`
WHERE `deleted_at` IS NULL
AND `status` = 1
ORDER BY `id` DESC
 LIMIT 100')
 4 SYSTEMPATH/Database/BaseBuilder.php(1585): CodeIgniter\Database\BaseConnection->query('SELECT *
FROM `chat_room`
WHERE `deleted_at` IS NULL
AND `status` = :status:
ORDER BY `id` DESC
 LIMIT 100', [...], false)
 5 APPPATH/Models/ChatRoomModel.php(33): CodeIgniter\Database\BaseBuilder->get()
 6 APPPATH/Controllers/Api/Chat.php(18): App\Models\ChatRoomModel->getData([...], 100)
 7 SYSTEMPATH/CodeIgniter.php(907): App\Controllers\Api\Chat->getRoom()
 8 SYSTEMPATH/CodeIgniter.php(457): CodeIgniter\CodeIgniter->runController(Object(App\Controllers\Api\Chat))
 9 SYSTEMPATH/CodeIgniter.php(340): CodeIgniter\CodeIgniter->handleRequest(null, Object(Config\Cache), false)
10 FCPATH/index.php(67): CodeIgniter\CodeIgniter->run()
ERROR - 2023-01-03 14:23:35 --> mysqli_sql_exception: Unknown column 'id' in 'order clause' in /Users/mac/Desktop/Jobs/web/project/ey56_xu/system/Database/MySQLi/Connection.php:292
Stack trace:
#0 /Users/mac/Desktop/Jobs/web/project/ey56_xu/system/Database/MySQLi/Connection.php(292): mysqli->query('SELECT *\nFROM `...', 0)
#1 /Users/mac/Desktop/Jobs/web/project/ey56_xu/system/Database/BaseConnection.php(693): CodeIgniter\Database\MySQLi\Connection->execute('SELECT *\nFROM `...')
#2 /Users/mac/Desktop/Jobs/web/project/ey56_xu/system/Database/BaseConnection.php(620): CodeIgniter\Database\BaseConnection->simpleQuery('SELECT *\nFROM `...')
#3 /Users/mac/Desktop/Jobs/web/project/ey56_xu/system/Database/BaseBuilder.php(1585): CodeIgniter\Database\BaseConnection->query('SELECT *\nFROM `...', Array, false)
#4 /Users/mac/Desktop/Jobs/web/project/ey56_xu/app/Models/ChatRoomModel.php(33): CodeIgniter\Database\BaseBuilder->get()
#5 /Users/mac/Desktop/Jobs/web/project/ey56_xu/app/Controllers/Api/Chat.php(18): App\Models\ChatRoomModel->getData(Array, 100)
#6 /Users/mac/Desktop/Jobs/web/project/ey56_xu/system/CodeIgniter.php(907): App\Controllers\Api\Chat->getRoom()
#7 /Users/mac/Desktop/Jobs/web/project/ey56_xu/system/CodeIgniter.php(457): CodeIgniter\CodeIgniter->runController(Object(App\Controllers\Api\Chat))
#8 /Users/mac/Desktop/Jobs/web/project/ey56_xu/system/CodeIgniter.php(340): CodeIgniter\CodeIgniter->handleRequest(NULL, Object(Config\Cache), false)
#9 /Users/mac/Desktop/Jobs/web/project/ey56_xu/public/index.php(67): CodeIgniter\CodeIgniter->run()
#10 {main}
CRITICAL - 2023-01-03 14:23:35 --> Unknown column 'id' in 'order clause'
in SYSTEMPATH/Database/MySQLi/Connection.php on line 292.
 1 SYSTEMPATH/Database/MySQLi/Connection.php(292): mysqli->query('SELECT *
FROM `chat_room`
WHERE `deleted_at` IS NULL
AND `status` = 1
ORDER BY `id` DESC
 LIMIT 100', 0)
 2 SYSTEMPATH/Database/BaseConnection.php(693): CodeIgniter\Database\MySQLi\Connection->execute('SELECT *
FROM `chat_room`
WHERE `deleted_at` IS NULL
AND `status` = 1
ORDER BY `id` DESC
 LIMIT 100')
 3 SYSTEMPATH/Database/BaseConnection.php(620): CodeIgniter\Database\BaseConnection->simpleQuery('SELECT *
FROM `chat_room`
WHERE `deleted_at` IS NULL
AND `status` = 1
ORDER BY `id` DESC
 LIMIT 100')
 4 SYSTEMPATH/Database/BaseBuilder.php(1585): CodeIgniter\Database\BaseConnection->query('SELECT *
FROM `chat_room`
WHERE `deleted_at` IS NULL
AND `status` = :status:
ORDER BY `id` DESC
 LIMIT 100', [...], false)
 5 APPPATH/Models/ChatRoomModel.php(33): CodeIgniter\Database\BaseBuilder->get()
 6 APPPATH/Controllers/Api/Chat.php(18): App\Models\ChatRoomModel->getData([...], 100)
 7 SYSTEMPATH/CodeIgniter.php(907): App\Controllers\Api\Chat->getRoom()
 8 SYSTEMPATH/CodeIgniter.php(457): CodeIgniter\CodeIgniter->runController(Object(App\Controllers\Api\Chat))
 9 SYSTEMPATH/CodeIgniter.php(340): CodeIgniter\CodeIgniter->handleRequest(null, Object(Config\Cache), false)
10 FCPATH/index.php(67): CodeIgniter\CodeIgniter->run()
CRITICAL - 2023-01-03 14:24:25 --> Undefined variable: sdata
in APPPATH/Controllers/Api/Chat.php on line 38.
 1 APPPATH/Controllers/Api/Chat.php(38): CodeIgniter\Debug\Exceptions->errorHandler(8, 'Undefined variable: sdata', 'APPPATH/Controllers/Api/Chat.php', 38, [...])
 2 SYSTEMPATH/CodeIgniter.php(907): App\Controllers\Api\Chat->getData()
 3 SYSTEMPATH/CodeIgniter.php(457): CodeIgniter\CodeIgniter->runController(Object(App\Controllers\Api\Chat))
 4 SYSTEMPATH/CodeIgniter.php(340): CodeIgniter\CodeIgniter->handleRequest(null, Object(Config\Cache), false)
 5 FCPATH/index.php(67): CodeIgniter\CodeIgniter->run()
