CRITICAL - 2022-11-18 08:39:44 --> syntax error, unexpected '->' (T_OBJECT_OPERATOR)
in APPPATH/Controllers/Api/Message.php on line 17.
 1 SYSTEMPATH/Router/Router.php(499): CodeIgniter\Router\AutoRouter->getRoute('api/message/getmine')
 2 SYSTEMPATH/Router/Router.php(205): CodeIgniter\Router\Router->autoRoute('api/message/getmine')
 3 SYSTEMPATH/CodeIgniter.php(782): CodeIgniter\Router\Router->handle('api/message/getmine')
 4 SYSTEMPATH/CodeIgniter.php(406): CodeIgniter\CodeIgniter->tryToRouteIt(Object(CodeIgniter\Router\RouteCollection))
 5 SYSTEMPATH/CodeIgniter.php(340): CodeIgniter\CodeIgniter->handleRequest(null, Object(Config\Cache), false)
 6 FCPATH/index.php(67): CodeIgniter\CodeIgniter->run()
CRITICAL - 2022-11-18 08:39:45 --> syntax error, unexpected '->' (T_OBJECT_OPERATOR)
in APPPATH/Controllers/Api/Message.php on line 17.
 1 SYSTEMPATH/Router/Router.php(499): CodeIgniter\Router\AutoRouter->getRoute('api/message/getmine')
 2 SYSTEMPATH/Router/Router.php(205): CodeIgniter\Router\Router->autoRoute('api/message/getmine')
 3 SYSTEMPATH/CodeIgniter.php(782): CodeIgniter\Router\Router->handle('api/message/getmine')
 4 SYSTEMPATH/CodeIgniter.php(406): CodeIgniter\CodeIgniter->tryToRouteIt(Object(CodeIgniter\Router\RouteCollection))
 5 SYSTEMPATH/CodeIgniter.php(340): CodeIgniter\CodeIgniter->handleRequest(null, Object(Config\Cache), false)
 6 FCPATH/index.php(67): CodeIgniter\CodeIgniter->run()
CRITICAL - 2022-11-18 08:39:48 --> syntax error, unexpected '->' (T_OBJECT_OPERATOR)
in APPPATH/Controllers/Api/Message.php on line 17.
 1 SYSTEMPATH/Router/Router.php(499): CodeIgniter\Router\AutoRouter->getRoute('api/message/getmine')
 2 SYSTEMPATH/Router/Router.php(205): CodeIgniter\Router\Router->autoRoute('api/message/getmine')
 3 SYSTEMPATH/CodeIgniter.php(782): CodeIgniter\Router\Router->handle('api/message/getmine')
 4 SYSTEMPATH/CodeIgniter.php(406): CodeIgniter\CodeIgniter->tryToRouteIt(Object(CodeIgniter\Router\RouteCollection))
 5 SYSTEMPATH/CodeIgniter.php(340): CodeIgniter\CodeIgniter->handleRequest(null, Object(Config\Cache), false)
 6 FCPATH/index.php(67): CodeIgniter\CodeIgniter->run()
CRITICAL - 2022-11-18 08:39:59 --> syntax error, unexpected '->' (T_OBJECT_OPERATOR)
in APPPATH/Controllers/Api/Message.php on line 17.
 1 SYSTEMPATH/Router/Router.php(499): CodeIgniter\Router\AutoRouter->getRoute('api/message/getmine')
 2 SYSTEMPATH/Router/Router.php(205): CodeIgniter\Router\Router->autoRoute('api/message/getmine')
 3 SYSTEMPATH/CodeIgniter.php(782): CodeIgniter\Router\Router->handle('api/message/getmine')
 4 SYSTEMPATH/CodeIgniter.php(406): CodeIgniter\CodeIgniter->tryToRouteIt(Object(CodeIgniter\Router\RouteCollection))
 5 SYSTEMPATH/CodeIgniter.php(340): CodeIgniter\CodeIgniter->handleRequest(null, Object(Config\Cache), false)
 6 FCPATH/index.php(67): CodeIgniter\CodeIgniter->run()
CRITICAL - 2022-11-18 08:40:54 --> Undefined variable: pdata
in APPPATH/Controllers/Api/Message.php on line 23.
 1 APPPATH/Controllers/Api/Message.php(23): CodeIgniter\Debug\Exceptions->errorHandler(8, 'Undefined variable: pdata', 'APPPATH/Controllers/Api/Message.php', 23, [...])
 2 SYSTEMPATH/CodeIgniter.php(907): App\Controllers\Api\Message->getmine()
 3 SYSTEMPATH/CodeIgniter.php(457): CodeIgniter\CodeIgniter->runController(Object(App\Controllers\Api\Message))
 4 SYSTEMPATH/CodeIgniter.php(340): CodeIgniter\CodeIgniter->handleRequest(null, Object(Config\Cache), false)
 5 FCPATH/index.php(67): CodeIgniter\CodeIgniter->run()
CRITICAL - 2022-11-18 08:41:14 --> syntax error, unexpected '->' (T_OBJECT_OPERATOR)
in APPPATH/Controllers/Api/Message.php on line 16.
 1 SYSTEMPATH/Router/Router.php(499): CodeIgniter\Router\AutoRouter->getRoute('api/message/getmine')
 2 SYSTEMPATH/Router/Router.php(205): CodeIgniter\Router\Router->autoRoute('api/message/getmine')
 3 SYSTEMPATH/CodeIgniter.php(782): CodeIgniter\Router\Router->handle('api/message/getmine')
 4 SYSTEMPATH/CodeIgniter.php(406): CodeIgniter\CodeIgniter->tryToRouteIt(Object(CodeIgniter\Router\RouteCollection))
 5 SYSTEMPATH/CodeIgniter.php(340): CodeIgniter\CodeIgniter->handleRequest(null, Object(Config\Cache), false)
 6 FCPATH/index.php(67): CodeIgniter\CodeIgniter->run()
CRITICAL - 2022-11-18 08:41:31 --> Undefined index: page
in APPPATH/Controllers/Api/Message.php on line 24.
 1 APPPATH/Controllers/Api/Message.php(24): CodeIgniter\Debug\Exceptions->errorHandler(8, 'Undefined index: page', 'APPPATH/Controllers/Api/Message.php', 24, [...])
 2 SYSTEMPATH/CodeIgniter.php(907): App\Controllers\Api\Message->getmine()
 3 SYSTEMPATH/CodeIgniter.php(457): CodeIgniter\CodeIgniter->runController(Object(App\Controllers\Api\Message))
 4 SYSTEMPATH/CodeIgniter.php(340): CodeIgniter\CodeIgniter->handleRequest(null, Object(Config\Cache), false)
 5 FCPATH/index.php(67): CodeIgniter\CodeIgniter->run()
CRITICAL - 2022-11-18 15:38:37 --> include_once(/Users/mac/Desktop/Jobs/web/project/ey56_xu/public/ThirdParty/wechatdeveloper/include.php): failed to open stream: No such file or directory
in APPPATH/Controllers/Api/Recharge.php on line 34.
 1 APPPATH/Controllers/Api/Recharge.php(34): CodeIgniter\Debug\Exceptions->errorHandler(2, 'include_once(/Users/mac/Desktop/Jobs/web/project/ey56_xu/public/ThirdParty/wechatdeveloper/include.php): failed to open stream: No such file or directory', 'APPPATH/Controllers/Api/Recharge.php', 34, [])
 2 APPPATH/Controllers/Api/Recharge.php(34): include_once()
 3 SYSTEMPATH/CodeIgniter.php(907): App\Controllers\Api\Recharge->test()
 4 SYSTEMPATH/CodeIgniter.php(457): CodeIgniter\CodeIgniter->runController(Object(App\Controllers\Api\Recharge))
 5 SYSTEMPATH/CodeIgniter.php(340): CodeIgniter\CodeIgniter->handleRequest(null, Object(Config\Cache), false)
 6 FCPATH/index.php(67): CodeIgniter\CodeIgniter->run()
CRITICAL - 2022-11-18 15:39:21 --> Class 'WePay\Order' not found
in APPPATH/ThirdParty/wechatdeveloper/WeChat/Pay.php on line 41.
 1 APPPATH/Controllers/Api/Recharge.php(54): WeChat\Pay->createOrder([...])
 2 SYSTEMPATH/CodeIgniter.php(907): App\Controllers\Api\Recharge->test()
 3 SYSTEMPATH/CodeIgniter.php(457): CodeIgniter\CodeIgniter->runController(Object(App\Controllers\Api\Recharge))
 4 SYSTEMPATH/CodeIgniter.php(340): CodeIgniter\CodeIgniter->handleRequest(null, Object(Config\Cache), false)
 5 FCPATH/index.php(67): CodeIgniter\CodeIgniter->run()
CRITICAL - 2022-11-18 15:40:10 --> Undefined index: prepay_id
in APPPATH/Controllers/Api/Recharge.php on line 56.
 1 APPPATH/Controllers/Api/Recharge.php(56): CodeIgniter\Debug\Exceptions->errorHandler(8, 'Undefined index: prepay_id', 'APPPATH/Controllers/Api/Recharge.php', 56, [...])
 2 SYSTEMPATH/CodeIgniter.php(907): App\Controllers\Api\Recharge->test()
 3 SYSTEMPATH/CodeIgniter.php(457): CodeIgniter\CodeIgniter->runController(Object(App\Controllers\Api\Recharge))
 4 SYSTEMPATH/CodeIgniter.php(340): CodeIgniter\CodeIgniter->handleRequest(null, Object(Config\Cache), false)
 5 FCPATH/index.php(67): CodeIgniter\CodeIgniter->run()
CRITICAL - 2022-11-18 15:45:52 --> syntax error, unexpected '$options' (T_VARIABLE)
in APPPATH/Controllers/Api/Recharge.php on line 61.
 1 SYSTEMPATH/Router/Router.php(499): CodeIgniter\Router\AutoRouter->getRoute('api/recharge/test')
 2 SYSTEMPATH/Router/Router.php(205): CodeIgniter\Router\Router->autoRoute('api/recharge/test')
 3 SYSTEMPATH/CodeIgniter.php(782): CodeIgniter\Router\Router->handle('api/recharge/test')
 4 SYSTEMPATH/CodeIgniter.php(406): CodeIgniter\CodeIgniter->tryToRouteIt(Object(CodeIgniter\Router\RouteCollection))
 5 SYSTEMPATH/CodeIgniter.php(340): CodeIgniter\CodeIgniter->handleRequest(null, Object(Config\Cache), false)
 6 FCPATH/index.php(67): CodeIgniter\CodeIgniter->run()
CRITICAL - 2022-11-18 15:46:09 --> Undefined index: prepay_id
in APPPATH/Controllers/Api/Recharge.php on line 59.
 1 APPPATH/Controllers/Api/Recharge.php(59): CodeIgniter\Debug\Exceptions->errorHandler(8, 'Undefined index: prepay_id', 'APPPATH/Controllers/Api/Recharge.php', 59, [...])
 2 SYSTEMPATH/CodeIgniter.php(907): App\Controllers\Api\Recharge->test()
 3 SYSTEMPATH/CodeIgniter.php(457): CodeIgniter\CodeIgniter->runController(Object(App\Controllers\Api\Recharge))
 4 SYSTEMPATH/CodeIgniter.php(340): CodeIgniter\CodeIgniter->handleRequest(null, Object(Config\Cache), false)
 5 FCPATH/index.php(67): CodeIgniter\CodeIgniter->run()
CRITICAL - 2022-11-18 21:37:48 --> Array to string conversion
in APPPATH/ThirdParty/wechatdeveloper/WeChat/Contracts/BasicWePay.php on line 127.
 1 APPPATH/ThirdParty/wechatdeveloper/WeChat/Contracts/BasicWePay.php(127): CodeIgniter\Debug\Exceptions->errorHandler(8, 'Array to string conversion', 'APPPATH/ThirdParty/wechatdeveloper/WeChat/Contracts/BasicWePay.php', 127, [...])
 2 APPPATH/ThirdParty/wechatdeveloper/WeChat/Contracts/BasicWePay.php(200): WeChat\Contracts\BasicWePay->getPaySign([...], 'MD5')
 3 APPPATH/ThirdParty/wechatdeveloper/WePay/Order.php(38): WeChat\Contracts\BasicWePay->callPostApi('https://api.mch.weixin.qq.com/pay/unifiedorder', [...], false, 'MD5')
 4 APPPATH/ThirdParty/wechatdeveloper/WeChat/Pay.php(41): WePay\Order->create([...])
 5 APPPATH/Controllers/Api/Recharge.php(71): WeChat\Pay->createOrder([...])
 6 SYSTEMPATH/CodeIgniter.php(907): App\Controllers\Api\Recharge->h5pay()
 7 SYSTEMPATH/CodeIgniter.php(457): CodeIgniter\CodeIgniter->runController(Object(App\Controllers\Api\Recharge))
 8 SYSTEMPATH/CodeIgniter.php(340): CodeIgniter\CodeIgniter->handleRequest(null, Object(Config\Cache), false)
 9 FCPATH/index.php(67): CodeIgniter\CodeIgniter->run()
CRITICAL - 2022-11-18 21:38:18 --> Array to string conversion
in APPPATH/ThirdParty/wechatdeveloper/WeChat/Contracts/BasicWePay.php on line 127.
 1 APPPATH/ThirdParty/wechatdeveloper/WeChat/Contracts/BasicWePay.php(127): CodeIgniter\Debug\Exceptions->errorHandler(8, 'Array to string conversion', 'APPPATH/ThirdParty/wechatdeveloper/WeChat/Contracts/BasicWePay.php', 127, [...])
 2 APPPATH/ThirdParty/wechatdeveloper/WeChat/Contracts/BasicWePay.php(200): WeChat\Contracts\BasicWePay->getPaySign([...], 'MD5')
 3 APPPATH/ThirdParty/wechatdeveloper/WePay/Order.php(38): WeChat\Contracts\BasicWePay->callPostApi('https://api.mch.weixin.qq.com/pay/unifiedorder', [...], false, 'MD5')
 4 APPPATH/ThirdParty/wechatdeveloper/WeChat/Pay.php(41): WePay\Order->create([...])
 5 APPPATH/Controllers/Api/Recharge.php(71): WeChat\Pay->createOrder([...])
 6 SYSTEMPATH/CodeIgniter.php(907): App\Controllers\Api\Recharge->h5pay()
 7 SYSTEMPATH/CodeIgniter.php(457): CodeIgniter\CodeIgniter->runController(Object(App\Controllers\Api\Recharge))
 8 SYSTEMPATH/CodeIgniter.php(340): CodeIgniter\CodeIgniter->handleRequest(null, Object(Config\Cache), false)
 9 FCPATH/index.php(67): CodeIgniter\CodeIgniter->run()
CRITICAL - 2022-11-18 21:39:46 --> Array to string conversion
in APPPATH/ThirdParty/wechatdeveloper/WeChat/Contracts/BasicWePay.php on line 127.
 1 APPPATH/ThirdParty/wechatdeveloper/WeChat/Contracts/BasicWePay.php(127): CodeIgniter\Debug\Exceptions->errorHandler(8, 'Array to string conversion', 'APPPATH/ThirdParty/wechatdeveloper/WeChat/Contracts/BasicWePay.php', 127, [...])
 2 APPPATH/ThirdParty/wechatdeveloper/WeChat/Contracts/BasicWePay.php(200): WeChat\Contracts\BasicWePay->getPaySign([...], 'MD5')
 3 APPPATH/ThirdParty/wechatdeveloper/WePay/Order.php(38): WeChat\Contracts\BasicWePay->callPostApi('https://api.mch.weixin.qq.com/pay/unifiedorder', [...], false, 'MD5')
 4 APPPATH/ThirdParty/wechatdeveloper/WeChat/Pay.php(41): WePay\Order->create([...])
 5 APPPATH/Controllers/Api/Recharge.php(72): WeChat\Pay->createOrder([...])
 6 SYSTEMPATH/CodeIgniter.php(907): App\Controllers\Api\Recharge->h5pay()
 7 SYSTEMPATH/CodeIgniter.php(457): CodeIgniter\CodeIgniter->runController(Object(App\Controllers\Api\Recharge))
 8 SYSTEMPATH/CodeIgniter.php(340): CodeIgniter\CodeIgniter->handleRequest(null, Object(Config\Cache), false)
 9 FCPATH/index.php(67): CodeIgniter\CodeIgniter->run()
CRITICAL - 2022-11-18 21:43:02 --> 输入源“/body/xml/body”映射到字段“商品描述”必填性规则校验失败，此字段为必填项
in APPPATH/ThirdParty/wechatdeveloper/WeChat/Contracts/BasicWePay.php on line 203.
 1 APPPATH/ThirdParty/wechatdeveloper/WePay/Order.php(38): WeChat\Contracts\BasicWePay->callPostApi('https://api.mch.weixin.qq.com/pay/unifiedorder', [...], false, 'MD5')
 2 APPPATH/ThirdParty/wechatdeveloper/WeChat/Pay.php(41): WePay\Order->create([...])
 3 APPPATH/Controllers/Api/Recharge.php(74): WeChat\Pay->createOrder([...])
 4 SYSTEMPATH/CodeIgniter.php(907): App\Controllers\Api\Recharge->h5pay()
 5 SYSTEMPATH/CodeIgniter.php(457): CodeIgniter\CodeIgniter->runController(Object(App\Controllers\Api\Recharge))
 6 SYSTEMPATH/CodeIgniter.php(340): CodeIgniter\CodeIgniter->handleRequest(null, Object(Config\Cache), false)
 7 FCPATH/index.php(67): CodeIgniter\CodeIgniter->run()
CRITICAL - 2022-11-18 21:43:58 --> trade_type参数格式错误
in APPPATH/ThirdParty/wechatdeveloper/WeChat/Contracts/BasicWePay.php on line 203.
 1 APPPATH/ThirdParty/wechatdeveloper/WePay/Order.php(38): WeChat\Contracts\BasicWePay->callPostApi('https://api.mch.weixin.qq.com/pay/unifiedorder', [...], false, 'MD5')
 2 APPPATH/ThirdParty/wechatdeveloper/WeChat/Pay.php(41): WePay\Order->create([...])
 3 APPPATH/Controllers/Api/Recharge.php(83): WeChat\Pay->createOrder([...])
 4 SYSTEMPATH/CodeIgniter.php(907): App\Controllers\Api\Recharge->h5pay()
 5 SYSTEMPATH/CodeIgniter.php(457): CodeIgniter\CodeIgniter->runController(Object(App\Controllers\Api\Recharge))
 6 SYSTEMPATH/CodeIgniter.php(340): CodeIgniter\CodeIgniter->handleRequest(null, Object(Config\Cache), false)
 7 FCPATH/index.php(67): CodeIgniter\CodeIgniter->run()
CRITICAL - 2022-11-18 21:44:33 --> 输入源“/body/xml/trade_type”映射到值字段“交易类型”字符串规则校验失败，字节数 2，小于最小值 3
in APPPATH/ThirdParty/wechatdeveloper/WeChat/Contracts/BasicWePay.php on line 203.
 1 APPPATH/ThirdParty/wechatdeveloper/WePay/Order.php(38): WeChat\Contracts\BasicWePay->callPostApi('https://api.mch.weixin.qq.com/pay/unifiedorder', [...], false, 'MD5')
 2 APPPATH/ThirdParty/wechatdeveloper/WeChat/Pay.php(41): WePay\Order->create([...])
 3 APPPATH/Controllers/Api/Recharge.php(83): WeChat\Pay->createOrder([...])
 4 SYSTEMPATH/CodeIgniter.php(907): App\Controllers\Api\Recharge->h5pay()
 5 SYSTEMPATH/CodeIgniter.php(457): CodeIgniter\CodeIgniter->runController(Object(App\Controllers\Api\Recharge))
 6 SYSTEMPATH/CodeIgniter.php(340): CodeIgniter\CodeIgniter->handleRequest(null, Object(Config\Cache), false)
 7 FCPATH/index.php(67): CodeIgniter\CodeIgniter->run()
CRITICAL - 2022-11-18 21:45:05 --> Undefined index: prepay_id
in APPPATH/Controllers/Api/Recharge.php on line 87.
 1 APPPATH/Controllers/Api/Recharge.php(87): CodeIgniter\Debug\Exceptions->errorHandler(8, 'Undefined index: prepay_id', 'APPPATH/Controllers/Api/Recharge.php', 87, [...])
 2 SYSTEMPATH/CodeIgniter.php(907): App\Controllers\Api\Recharge->h5pay()
 3 SYSTEMPATH/CodeIgniter.php(457): CodeIgniter\CodeIgniter->runController(Object(App\Controllers\Api\Recharge))
 4 SYSTEMPATH/CodeIgniter.php(340): CodeIgniter\CodeIgniter->handleRequest(null, Object(Config\Cache), false)
 5 FCPATH/index.php(67): CodeIgniter\CodeIgniter->run()
CRITICAL - 2022-11-18 21:47:17 --> 您没有WAP支付权限
in APPPATH/ThirdParty/wechatdeveloper/WeChat/Contracts/BasicWePay.php on line 203.
 1 APPPATH/ThirdParty/wechatdeveloper/WePay/Order.php(38): WeChat\Contracts\BasicWePay->callPostApi('https://api.mch.weixin.qq.com/pay/unifiedorder', [...], false, 'MD5')
 2 APPPATH/ThirdParty/wechatdeveloper/WeChat/Pay.php(41): WePay\Order->create([...])
 3 APPPATH/Controllers/Api/Recharge.php(83): WeChat\Pay->createOrder([...])
 4 SYSTEMPATH/CodeIgniter.php(907): App\Controllers\Api\Recharge->h5pay()
 5 SYSTEMPATH/CodeIgniter.php(457): CodeIgniter\CodeIgniter->runController(Object(App\Controllers\Api\Recharge))
 6 SYSTEMPATH/CodeIgniter.php(340): CodeIgniter\CodeIgniter->handleRequest(null, Object(Config\Cache), false)
 7 FCPATH/index.php(67): CodeIgniter\CodeIgniter->run()
CRITICAL - 2022-11-18 21:47:30 --> trade_type参数格式错误
in APPPATH/ThirdParty/wechatdeveloper/WeChat/Contracts/BasicWePay.php on line 203.
 1 APPPATH/ThirdParty/wechatdeveloper/WePay/Order.php(38): WeChat\Contracts\BasicWePay->callPostApi('https://api.mch.weixin.qq.com/pay/unifiedorder', [...], false, 'MD5')
 2 APPPATH/ThirdParty/wechatdeveloper/WeChat/Pay.php(41): WePay\Order->create([...])
 3 APPPATH/Controllers/Api/Recharge.php(83): WeChat\Pay->createOrder([...])
 4 SYSTEMPATH/CodeIgniter.php(907): App\Controllers\Api\Recharge->h5pay()
 5 SYSTEMPATH/CodeIgniter.php(457): CodeIgniter\CodeIgniter->runController(Object(App\Controllers\Api\Recharge))
 6 SYSTEMPATH/CodeIgniter.php(340): CodeIgniter\CodeIgniter->handleRequest(null, Object(Config\Cache), false)
 7 FCPATH/index.php(67): CodeIgniter\CodeIgniter->run()
CRITICAL - 2022-11-18 21:47:38 --> 您没有WAP支付权限
in APPPATH/ThirdParty/wechatdeveloper/WeChat/Contracts/BasicWePay.php on line 203.
 1 APPPATH/ThirdParty/wechatdeveloper/WePay/Order.php(38): WeChat\Contracts\BasicWePay->callPostApi('https://api.mch.weixin.qq.com/pay/unifiedorder', [...], false, 'MD5')
 2 APPPATH/ThirdParty/wechatdeveloper/WeChat/Pay.php(41): WePay\Order->create([...])
 3 APPPATH/Controllers/Api/Recharge.php(83): WeChat\Pay->createOrder([...])
 4 SYSTEMPATH/CodeIgniter.php(907): App\Controllers\Api\Recharge->h5pay()
 5 SYSTEMPATH/CodeIgniter.php(457): CodeIgniter\CodeIgniter->runController(Object(App\Controllers\Api\Recharge))
 6 SYSTEMPATH/CodeIgniter.php(340): CodeIgniter\CodeIgniter->handleRequest(null, Object(Config\Cache), false)
 7 FCPATH/index.php(67): CodeIgniter\CodeIgniter->run()
