CRITICAL - 2022-10-02 16:57:57 --> syntax error, unexpected ';', expecting ']'
in APPPATH/Controllers/ApiController.php on line 62.
 1 SYSTEMPATH/Autoloader/Autoloader.php(259): CodeIgniter\Autoloader\Autoloader->includeFile('APPPATH/Controllers/ApiController.php')
 2 SYSTEMPATH/Autoloader/Autoloader.php(237): CodeIgniter\Autoloader\Autoloader->loadInNamespace('App\\Controllers\\ApiController')
 3 [internal function]: CodeIgniter\Autoloader\Autoloader->loadClass('App\\Controllers\\ApiController')
 4 APPPATH/Controllers/Api/Calorie.php(7): spl_autoload_call('App\\Controllers\\ApiController')
 5 SYSTEMPATH/Router/AutoRouter.php(147): include_once('APPPATH/Controllers/Api/Calorie.php')
 6 SYSTEMPATH/Router/Router.php(499): CodeIgniter\Router\AutoRouter->getRoute('api/calorie/getFoodDetail')
 7 SYSTEMPATH/Router/Router.php(205): CodeIgniter\Router\Router->autoRoute('api/calorie/getFoodDetail')
 8 SYSTEMPATH/CodeIgniter.php(782): CodeIgniter\Router\Router->handle('api/calorie/getFoodDetail')
 9 SYSTEMPATH/CodeIgniter.php(406): CodeIgniter\CodeIgniter->tryToRouteIt(Object(CodeIgniter\Router\RouteCollection))
10 SYSTEMPATH/CodeIgniter.php(340): CodeIgniter\CodeIgniter->handleRequest(null, Object(Config\Cache), false)
11 FCPATH/index.php(67): CodeIgniter\CodeIgniter->run()
CRITICAL - 2022-10-02 16:57:59 --> syntax error, unexpected ';', expecting ']'
in APPPATH/Controllers/ApiController.php on line 62.
 1 SYSTEMPATH/Autoloader/Autoloader.php(259): CodeIgniter\Autoloader\Autoloader->includeFile('APPPATH/Controllers/ApiController.php')
 2 SYSTEMPATH/Autoloader/Autoloader.php(237): CodeIgniter\Autoloader\Autoloader->loadInNamespace('App\\Controllers\\ApiController')
 3 [internal function]: CodeIgniter\Autoloader\Autoloader->loadClass('App\\Controllers\\ApiController')
 4 APPPATH/Controllers/Api/Calorie.php(7): spl_autoload_call('App\\Controllers\\ApiController')
 5 SYSTEMPATH/Router/AutoRouter.php(147): include_once('APPPATH/Controllers/Api/Calorie.php')
 6 SYSTEMPATH/Router/Router.php(499): CodeIgniter\Router\AutoRouter->getRoute('api/calorie/getFoodDetail')
 7 SYSTEMPATH/Router/Router.php(205): CodeIgniter\Router\Router->autoRoute('api/calorie/getFoodDetail')
 8 SYSTEMPATH/CodeIgniter.php(782): CodeIgniter\Router\Router->handle('api/calorie/getFoodDetail')
 9 SYSTEMPATH/CodeIgniter.php(406): CodeIgniter\CodeIgniter->tryToRouteIt(Object(CodeIgniter\Router\RouteCollection))
10 SYSTEMPATH/CodeIgniter.php(340): CodeIgniter\CodeIgniter->handleRequest(null, Object(Config\Cache), false)
11 FCPATH/index.php(67): CodeIgniter\CodeIgniter->run()
CRITICAL - 2022-10-02 16:58:19 --> syntax error, unexpected ';', expecting ']'
in APPPATH/Controllers/ApiController.php on line 56.
 1 SYSTEMPATH/Autoloader/Autoloader.php(259): CodeIgniter\Autoloader\Autoloader->includeFile('APPPATH/Controllers/ApiController.php')
 2 SYSTEMPATH/Autoloader/Autoloader.php(237): CodeIgniter\Autoloader\Autoloader->loadInNamespace('App\\Controllers\\ApiController')
 3 [internal function]: CodeIgniter\Autoloader\Autoloader->loadClass('App\\Controllers\\ApiController')
 4 APPPATH/Controllers/Api/Calorie.php(7): spl_autoload_call('App\\Controllers\\ApiController')
 5 SYSTEMPATH/Router/AutoRouter.php(147): include_once('APPPATH/Controllers/Api/Calorie.php')
 6 SYSTEMPATH/Router/Router.php(499): CodeIgniter\Router\AutoRouter->getRoute('api/calorie/getFoodDetail')
 7 SYSTEMPATH/Router/Router.php(205): CodeIgniter\Router\Router->autoRoute('api/calorie/getFoodDetail')
 8 SYSTEMPATH/CodeIgniter.php(782): CodeIgniter\Router\Router->handle('api/calorie/getFoodDetail')
 9 SYSTEMPATH/CodeIgniter.php(406): CodeIgniter\CodeIgniter->tryToRouteIt(Object(CodeIgniter\Router\RouteCollection))
10 SYSTEMPATH/CodeIgniter.php(340): CodeIgniter\CodeIgniter->handleRequest(null, Object(Config\Cache), false)
11 FCPATH/index.php(67): CodeIgniter\CodeIgniter->run()
CRITICAL - 2022-10-02 16:58:31 --> syntax error, unexpected ';', expecting ']'
in APPPATH/Controllers/ApiController.php on line 56.
 1 SYSTEMPATH/Autoloader/Autoloader.php(259): CodeIgniter\Autoloader\Autoloader->includeFile('APPPATH/Controllers/ApiController.php')
 2 SYSTEMPATH/Autoloader/Autoloader.php(237): CodeIgniter\Autoloader\Autoloader->loadInNamespace('App\\Controllers\\ApiController')
 3 [internal function]: CodeIgniter\Autoloader\Autoloader->loadClass('App\\Controllers\\ApiController')
 4 APPPATH/Controllers/Api/Calorie.php(7): spl_autoload_call('App\\Controllers\\ApiController')
 5 SYSTEMPATH/Router/AutoRouter.php(147): include_once('APPPATH/Controllers/Api/Calorie.php')
 6 SYSTEMPATH/Router/Router.php(499): CodeIgniter\Router\AutoRouter->getRoute('api/calorie/getFoodData')
 7 SYSTEMPATH/Router/Router.php(205): CodeIgniter\Router\Router->autoRoute('api/calorie/getFoodData')
 8 SYSTEMPATH/CodeIgniter.php(782): CodeIgniter\Router\Router->handle('api/calorie/getFoodData')
 9 SYSTEMPATH/CodeIgniter.php(406): CodeIgniter\CodeIgniter->tryToRouteIt(Object(CodeIgniter\Router\RouteCollection))
10 SYSTEMPATH/CodeIgniter.php(340): CodeIgniter\CodeIgniter->handleRequest(null, Object(Config\Cache), false)
11 FCPATH/index.php(67): CodeIgniter\CodeIgniter->run()
CRITICAL - 2022-10-02 16:58:49 --> syntax error, unexpected ';', expecting ']'
in APPPATH/Controllers/ApiController.php on line 56.
 1 SYSTEMPATH/Autoloader/Autoloader.php(259): CodeIgniter\Autoloader\Autoloader->includeFile('APPPATH/Controllers/ApiController.php')
 2 SYSTEMPATH/Autoloader/Autoloader.php(237): CodeIgniter\Autoloader\Autoloader->loadInNamespace('App\\Controllers\\ApiController')
 3 [internal function]: CodeIgniter\Autoloader\Autoloader->loadClass('App\\Controllers\\ApiController')
 4 APPPATH/Controllers/Api/Calorie.php(7): spl_autoload_call('App\\Controllers\\ApiController')
 5 SYSTEMPATH/Router/AutoRouter.php(147): include_once('APPPATH/Controllers/Api/Calorie.php')
 6 SYSTEMPATH/Router/Router.php(499): CodeIgniter\Router\AutoRouter->getRoute('api/calorie/getFoodDetail')
 7 SYSTEMPATH/Router/Router.php(205): CodeIgniter\Router\Router->autoRoute('api/calorie/getFoodDetail')
 8 SYSTEMPATH/CodeIgniter.php(782): CodeIgniter\Router\Router->handle('api/calorie/getFoodDetail')
 9 SYSTEMPATH/CodeIgniter.php(406): CodeIgniter\CodeIgniter->tryToRouteIt(Object(CodeIgniter\Router\RouteCollection))
10 SYSTEMPATH/CodeIgniter.php(340): CodeIgniter\CodeIgniter->handleRequest(null, Object(Config\Cache), false)
11 FCPATH/index.php(67): CodeIgniter\CodeIgniter->run()
CRITICAL - 2022-10-02 16:58:52 --> syntax error, unexpected ';', expecting ']'
in APPPATH/Controllers/ApiController.php on line 56.
 1 SYSTEMPATH/Autoloader/Autoloader.php(259): CodeIgniter\Autoloader\Autoloader->includeFile('APPPATH/Controllers/ApiController.php')
 2 SYSTEMPATH/Autoloader/Autoloader.php(237): CodeIgniter\Autoloader\Autoloader->loadInNamespace('App\\Controllers\\ApiController')
 3 [internal function]: CodeIgniter\Autoloader\Autoloader->loadClass('App\\Controllers\\ApiController')
 4 APPPATH/Controllers/Api/Calorie.php(7): spl_autoload_call('App\\Controllers\\ApiController')
 5 SYSTEMPATH/Router/AutoRouter.php(147): include_once('APPPATH/Controllers/Api/Calorie.php')
 6 SYSTEMPATH/Router/Router.php(499): CodeIgniter\Router\AutoRouter->getRoute('api/calorie/getFoodDetail')
 7 SYSTEMPATH/Router/Router.php(205): CodeIgniter\Router\Router->autoRoute('api/calorie/getFoodDetail')
 8 SYSTEMPATH/CodeIgniter.php(782): CodeIgniter\Router\Router->handle('api/calorie/getFoodDetail')
 9 SYSTEMPATH/CodeIgniter.php(406): CodeIgniter\CodeIgniter->tryToRouteIt(Object(CodeIgniter\Router\RouteCollection))
10 SYSTEMPATH/CodeIgniter.php(340): CodeIgniter\CodeIgniter->handleRequest(null, Object(Config\Cache), false)
11 FCPATH/index.php(67): CodeIgniter\CodeIgniter->run()
CRITICAL - 2022-10-02 16:58:57 --> syntax error, unexpected ';', expecting ']'
in APPPATH/Controllers/ApiController.php on line 56.
 1 SYSTEMPATH/Autoloader/Autoloader.php(259): CodeIgniter\Autoloader\Autoloader->includeFile('APPPATH/Controllers/ApiController.php')
 2 SYSTEMPATH/Autoloader/Autoloader.php(237): CodeIgniter\Autoloader\Autoloader->loadInNamespace('App\\Controllers\\ApiController')
 3 [internal function]: CodeIgniter\Autoloader\Autoloader->loadClass('App\\Controllers\\ApiController')
 4 APPPATH/Controllers/Api/User.php(6): spl_autoload_call('App\\Controllers\\ApiController')
 5 SYSTEMPATH/Router/AutoRouter.php(147): include_once('APPPATH/Controllers/Api/User.php')
 6 SYSTEMPATH/Router/Router.php(499): CodeIgniter\Router\AutoRouter->getRoute('api/user/login')
 7 SYSTEMPATH/Router/Router.php(205): CodeIgniter\Router\Router->autoRoute('api/user/login')
 8 SYSTEMPATH/CodeIgniter.php(782): CodeIgniter\Router\Router->handle('api/user/login')
 9 SYSTEMPATH/CodeIgniter.php(406): CodeIgniter\CodeIgniter->tryToRouteIt(Object(CodeIgniter\Router\RouteCollection))
10 SYSTEMPATH/CodeIgniter.php(340): CodeIgniter\CodeIgniter->handleRequest(null, Object(Config\Cache), false)
11 FCPATH/index.php(67): CodeIgniter\CodeIgniter->run()
CRITICAL - 2022-10-02 16:58:57 --> syntax error, unexpected ';', expecting ']'
in APPPATH/Controllers/ApiController.php on line 56.
 1 SYSTEMPATH/Autoloader/Autoloader.php(259): CodeIgniter\Autoloader\Autoloader->includeFile('APPPATH/Controllers/ApiController.php')
 2 SYSTEMPATH/Autoloader/Autoloader.php(237): CodeIgniter\Autoloader\Autoloader->loadInNamespace('App\\Controllers\\ApiController')
 3 [internal function]: CodeIgniter\Autoloader\Autoloader->loadClass('App\\Controllers\\ApiController')
 4 APPPATH/Controllers/Api/Calorie.php(7): spl_autoload_call('App\\Controllers\\ApiController')
 5 SYSTEMPATH/Router/AutoRouter.php(147): include_once('APPPATH/Controllers/Api/Calorie.php')
 6 SYSTEMPATH/Router/Router.php(499): CodeIgniter\Router\AutoRouter->getRoute('api/calorie/getFoodData')
 7 SYSTEMPATH/Router/Router.php(205): CodeIgniter\Router\Router->autoRoute('api/calorie/getFoodData')
 8 SYSTEMPATH/CodeIgniter.php(782): CodeIgniter\Router\Router->handle('api/calorie/getFoodData')
 9 SYSTEMPATH/CodeIgniter.php(406): CodeIgniter\CodeIgniter->tryToRouteIt(Object(CodeIgniter\Router\RouteCollection))
10 SYSTEMPATH/CodeIgniter.php(340): CodeIgniter\CodeIgniter->handleRequest(null, Object(Config\Cache), false)
11 FCPATH/index.php(67): CodeIgniter\CodeIgniter->run()
