CRITICAL - 2022-11-03 07:27:27 --> Class 'App\Controllers\BaseController' not found
in APPPATH/Controllers/Home.php on line 6.
 1 SYSTEMPATH/Autoloader/Autoloader.php(282): include_once()
 2 SYSTEMPATH/Autoloader/Autoloader.php(259): CodeIgniter\Autoloader\Autoloader->includeFile('APPPATH/Controllers/Home.php')
 3 SYSTEMPATH/Autoloader/Autoloader.php(237): CodeIgniter\Autoloader\Autoloader->loadInNamespace('App\\Controllers\\Home')
 4 [internal function]: CodeIgniter\Autoloader\Autoloader->loadClass('App\\Controllers\\Home')
 5 [internal function]: spl_autoload_call('App\\Controllers\\Home')
 6 SYSTEMPATH/CodeIgniter.php(857): class_exists('\\App\\Controllers\\Home', true)
 7 SYSTEMPATH/CodeIgniter.php(444): CodeIgniter\CodeIgniter->startController()
 8 SYSTEMPATH/CodeIgniter.php(340): CodeIgniter\CodeIgniter->handleRequest(null, Object(Config\Cache), false)
 9 FCPATH/index.php(67): CodeIgniter\CodeIgniter->run()
CRITICAL - 2022-11-03 08:40:02 --> syntax error, unexpected '$ret' (T_VARIABLE)
in APPPATH/Controllers/Webadmin/Sysrole.php on line 86.
 1 SYSTEMPATH/Router/Router.php(499): CodeIgniter\Router\AutoRouter->getRoute('webadmin/sysrole/edit/1')
 2 SYSTEMPATH/Router/Router.php(205): CodeIgniter\Router\Router->autoRoute('webadmin/sysrole/edit/1')
 3 SYSTEMPATH/CodeIgniter.php(782): CodeIgniter\Router\Router->handle('webadmin/sysrole/edit/1')
 4 SYSTEMPATH/CodeIgniter.php(406): CodeIgniter\CodeIgniter->tryToRouteIt(Object(CodeIgniter\Router\RouteCollection))
 5 SYSTEMPATH/CodeIgniter.php(340): CodeIgniter\CodeIgniter->handleRequest(null, Object(Config\Cache), false)
 6 FCPATH/index.php(67): CodeIgniter\CodeIgniter->run()
CRITICAL - 2022-11-03 08:40:40 --> syntax error, unexpected '$ret' (T_VARIABLE)
in APPPATH/Controllers/Webadmin/Sysrole.php on line 118.
 1 SYSTEMPATH/Router/Router.php(499): CodeIgniter\Router\AutoRouter->getRoute('webadmin/sysrole/edit/1')
 2 SYSTEMPATH/Router/Router.php(205): CodeIgniter\Router\Router->autoRoute('webadmin/sysrole/edit/1')
 3 SYSTEMPATH/CodeIgniter.php(782): CodeIgniter\Router\Router->handle('webadmin/sysrole/edit/1')
 4 SYSTEMPATH/CodeIgniter.php(406): CodeIgniter\CodeIgniter->tryToRouteIt(Object(CodeIgniter\Router\RouteCollection))
 5 SYSTEMPATH/CodeIgniter.php(340): CodeIgniter\CodeIgniter->handleRequest(null, Object(Config\Cache), false)
 6 FCPATH/index.php(67): CodeIgniter\CodeIgniter->run()
CRITICAL - 2022-11-03 08:40:43 --> syntax error, unexpected '$ret' (T_VARIABLE)
in APPPATH/Controllers/Webadmin/Sysrole.php on line 118.
 1 SYSTEMPATH/Router/Router.php(499): CodeIgniter\Router\AutoRouter->getRoute('webadmin/sysrole/edit/1')
 2 SYSTEMPATH/Router/Router.php(205): CodeIgniter\Router\Router->autoRoute('webadmin/sysrole/edit/1')
 3 SYSTEMPATH/CodeIgniter.php(782): CodeIgniter\Router\Router->handle('webadmin/sysrole/edit/1')
 4 SYSTEMPATH/CodeIgniter.php(406): CodeIgniter\CodeIgniter->tryToRouteIt(Object(CodeIgniter\Router\RouteCollection))
 5 SYSTEMPATH/CodeIgniter.php(340): CodeIgniter\CodeIgniter->handleRequest(null, Object(Config\Cache), false)
 6 FCPATH/index.php(67): CodeIgniter\CodeIgniter->run()
CRITICAL - 2022-11-03 10:18:31 --> Unable to save the image. Please make sure the image and file directory are writable.
in SYSTEMPATH/Images/Handlers/GDHandler.php on line 261.
 1 SYSTEMPATH/Images/Handlers/GDHandler.php(261): CodeIgniter\Images\Exceptions\ImageException::forSaveFailed()
 2 APPPATH/Controllers/Webadmin/Sysuser.php(160): CodeIgniter\Images\Handlers\GDHandler->save('ROOTPATH/writable/images/avatar/1.png')
 3 SYSTEMPATH/CodeIgniter.php(907): App\Controllers\Webadmin\Sysuser->avatar()
 4 SYSTEMPATH/CodeIgniter.php(457): CodeIgniter\CodeIgniter->runController(Object(App\Controllers\Webadmin\Sysuser))
 5 SYSTEMPATH/CodeIgniter.php(340): CodeIgniter\CodeIgniter->handleRequest(null, Object(Config\Cache), false)
 6 FCPATH/index.php(67): CodeIgniter\CodeIgniter->run()
CRITICAL - 2022-11-03 10:19:32 --> Unable to save the image. Please make sure the image and file directory are writable.
in SYSTEMPATH/Images/Handlers/GDHandler.php on line 261.
 1 SYSTEMPATH/Images/Handlers/GDHandler.php(261): CodeIgniter\Images\Exceptions\ImageException::forSaveFailed()
 2 APPPATH/Controllers/Webadmin/Sysuser.php(160): CodeIgniter\Images\Handlers\GDHandler->save('ROOTPATH/writable/images/avatar/1.png')
 3 SYSTEMPATH/CodeIgniter.php(907): App\Controllers\Webadmin\Sysuser->avatar()
 4 SYSTEMPATH/CodeIgniter.php(457): CodeIgniter\CodeIgniter->runController(Object(App\Controllers\Webadmin\Sysuser))
 5 SYSTEMPATH/CodeIgniter.php(340): CodeIgniter\CodeIgniter->handleRequest(null, Object(Config\Cache), false)
 6 FCPATH/index.php(67): CodeIgniter\CodeIgniter->run()
CRITICAL - 2022-11-03 10:19:42 --> Unable to save the image. Please make sure the image and file directory are writable.
in SYSTEMPATH/Images/Handlers/GDHandler.php on line 261.
 1 SYSTEMPATH/Images/Handlers/GDHandler.php(261): CodeIgniter\Images\Exceptions\ImageException::forSaveFailed()
 2 APPPATH/Controllers/Webadmin/Sysuser.php(160): CodeIgniter\Images\Handlers\GDHandler->save('ROOTPATH/writable/images/avatar/1.png')
 3 SYSTEMPATH/CodeIgniter.php(907): App\Controllers\Webadmin\Sysuser->avatar()
 4 SYSTEMPATH/CodeIgniter.php(457): CodeIgniter\CodeIgniter->runController(Object(App\Controllers\Webadmin\Sysuser))
 5 SYSTEMPATH/CodeIgniter.php(340): CodeIgniter\CodeIgniter->handleRequest(null, Object(Config\Cache), false)
 6 FCPATH/index.php(67): CodeIgniter\CodeIgniter->run()
CRITICAL - 2022-11-03 11:03:53 --> Unable to save the image. Please make sure the image and file directory are writable.
in SYSTEMPATH/Images/Handlers/GDHandler.php on line 261.
 1 SYSTEMPATH/Images/Handlers/GDHandler.php(261): CodeIgniter\Images\Exceptions\ImageException::forSaveFailed()
 2 APPPATH/Controllers/Webadmin/Sysuser.php(160): CodeIgniter\Images\Handlers\GDHandler->save('FCPATH/images/avatar/admin_1.png')
 3 SYSTEMPATH/CodeIgniter.php(907): App\Controllers\Webadmin\Sysuser->avatar()
 4 SYSTEMPATH/CodeIgniter.php(457): CodeIgniter\CodeIgniter->runController(Object(App\Controllers\Webadmin\Sysuser))
 5 SYSTEMPATH/CodeIgniter.php(340): CodeIgniter\CodeIgniter->handleRequest(null, Object(Config\Cache), false)
 6 FCPATH/index.php(67): CodeIgniter\CodeIgniter->run()
CRITICAL - 2022-11-03 11:10:44 --> Class 'App\Entities\Group' not found
in APPPATH/Controllers/Webadmin/Sysuser.php on line 243.
 1 SYSTEMPATH/CodeIgniter.php(907): App\Controllers\Webadmin\Sysuser->del()
 2 SYSTEMPATH/CodeIgniter.php(457): CodeIgniter\CodeIgniter->runController(Object(App\Controllers\Webadmin\Sysuser))
 3 SYSTEMPATH/CodeIgniter.php(340): CodeIgniter\CodeIgniter->handleRequest(null, Object(Config\Cache), false)
 4 FCPATH/index.php(67): CodeIgniter\CodeIgniter->run()
ERROR - 2022-11-03 13:00:52 --> mysqli_sql_exception: Table 'project_ey56_xu.user_base' doesn't exist in /Users/mac/Desktop/Jobs/web/project/ey56_xu/system/Database/MySQLi/Connection.php:292
Stack trace:
#0 /Users/mac/Desktop/Jobs/web/project/ey56_xu/system/Database/MySQLi/Connection.php(292): mysqli->query('SELECT 1\nFROM `...', 0)
#1 /Users/mac/Desktop/Jobs/web/project/ey56_xu/system/Database/BaseConnection.php(693): CodeIgniter\Database\MySQLi\Connection->execute('SELECT 1\nFROM `...')
#2 /Users/mac/Desktop/Jobs/web/project/ey56_xu/system/Database/BaseConnection.php(620): CodeIgniter\Database\BaseConnection->simpleQuery('SELECT 1\nFROM `...')
#3 /Users/mac/Desktop/Jobs/web/project/ey56_xu/system/Database/BaseBuilder.php(1585): CodeIgniter\Database\BaseConnection->query('SELECT 1\nFROM `...', Array, false)
#4 /Users/mac/Desktop/Jobs/web/project/ey56_xu/system/Validation/Rules.php(142): CodeIgniter\Database\BaseBuilder->get()
#5 /Users/mac/Desktop/Jobs/web/project/ey56_xu/system/Validation/Validation.php(315): CodeIgniter\Validation\Rules->is_unique('ttt', 'username', Array, NULL)
#6 /Users/mac/Desktop/Jobs/web/project/ey56_xu/system/Validation/Validation.php(175): CodeIgniter\Validation\Validation->processRules('username', 'username', 'ttt', Array, Array)
#7 /Users/mac/Desktop/Jobs/web/project/ey56_xu/system/BaseModel.php(1350): CodeIgniter\Validation\Validation->run(Array, NULL, NULL)
#8 /Users/mac/Desktop/Jobs/web/project/ey56_xu/system/BaseModel.php(707): CodeIgniter\BaseModel->validate(Array)
#9 /Users/mac/Desktop/Jobs/web/project/ey56_xu/system/Model.php(667): CodeIgniter\BaseModel->insert(Array, true)
#10 /Users/mac/Desktop/Jobs/web/project/ey56_xu/app/Controllers/Webadmin/Sysuser.php(177): CodeIgniter\Model->insert(Array)
#11 /Users/mac/Desktop/Jobs/web/project/ey56_xu/system/CodeIgniter.php(907): App\Controllers\Webadmin\Sysuser->add()
#12 /Users/mac/Desktop/Jobs/web/project/ey56_xu/system/CodeIgniter.php(457): CodeIgniter\CodeIgniter->runController(Object(App\Controllers\Webadmin\Sysuser))
#13 /Users/mac/Desktop/Jobs/web/project/ey56_xu/system/CodeIgniter.php(340): CodeIgniter\CodeIgniter->handleRequest(NULL, Object(Config\Cache), false)
#14 /Users/mac/Desktop/Jobs/web/project/ey56_xu/public/index.php(67): CodeIgniter\CodeIgniter->run()
#15 {main}
CRITICAL - 2022-11-03 13:00:52 --> Table 'project_ey56_xu.user_base' doesn't exist
in SYSTEMPATH/Database/MySQLi/Connection.php on line 292.
 1 SYSTEMPATH/Database/MySQLi/Connection.php(292): mysqli->query('SELECT 1
FROM `user_base`
WHERE `username` = \'ttt\'
 LIMIT 1', 0)
 2 SYSTEMPATH/Database/BaseConnection.php(693): CodeIgniter\Database\MySQLi\Connection->execute('SELECT 1
FROM `user_base`
WHERE `username` = \'ttt\'
 LIMIT 1')
 3 SYSTEMPATH/Database/BaseConnection.php(620): CodeIgniter\Database\BaseConnection->simpleQuery('SELECT 1
FROM `user_base`
WHERE `username` = \'ttt\'
 LIMIT 1')
 4 SYSTEMPATH/Database/BaseBuilder.php(1585): CodeIgniter\Database\BaseConnection->query('SELECT 1
FROM `user_base`
WHERE `username` = :username:
 LIMIT 1', [...], false)
 5 SYSTEMPATH/Validation/Rules.php(142): CodeIgniter\Database\BaseBuilder->get()
 6 SYSTEMPATH/Validation/Validation.php(315): CodeIgniter\Validation\Rules->is_unique('ttt', 'username', [...], null)
 7 SYSTEMPATH/Validation/Validation.php(175): CodeIgniter\Validation\Validation->processRules('username', 'username', 'ttt', [...], [...])
 8 SYSTEMPATH/BaseModel.php(1350): CodeIgniter\Validation\Validation->run([...], null, null)
 9 SYSTEMPATH/BaseModel.php(707): CodeIgniter\BaseModel->validate([...])
10 SYSTEMPATH/Model.php(667): CodeIgniter\BaseModel->insert([...], true)
11 APPPATH/Controllers/Webadmin/Sysuser.php(177): CodeIgniter\Model->insert([...])
12 SYSTEMPATH/CodeIgniter.php(907): App\Controllers\Webadmin\Sysuser->add()
13 SYSTEMPATH/CodeIgniter.php(457): CodeIgniter\CodeIgniter->runController(Object(App\Controllers\Webadmin\Sysuser))
14 SYSTEMPATH/CodeIgniter.php(340): CodeIgniter\CodeIgniter->handleRequest(null, Object(Config\Cache), false)
15 FCPATH/index.php(67): CodeIgniter\CodeIgniter->run()
ERROR - 2022-11-03 13:02:11 --> mysqli_sql_exception: Table 'project_ey56_xu.user_base' doesn't exist in /Users/mac/Desktop/Jobs/web/project/ey56_xu/system/Database/MySQLi/Connection.php:292
Stack trace:
#0 /Users/mac/Desktop/Jobs/web/project/ey56_xu/system/Database/MySQLi/Connection.php(292): mysqli->query('SELECT 1\nFROM `...', 0)
#1 /Users/mac/Desktop/Jobs/web/project/ey56_xu/system/Database/BaseConnection.php(693): CodeIgniter\Database\MySQLi\Connection->execute('SELECT 1\nFROM `...')
#2 /Users/mac/Desktop/Jobs/web/project/ey56_xu/system/Database/BaseConnection.php(620): CodeIgniter\Database\BaseConnection->simpleQuery('SELECT 1\nFROM `...')
#3 /Users/mac/Desktop/Jobs/web/project/ey56_xu/system/Database/BaseBuilder.php(1585): CodeIgniter\Database\BaseConnection->query('SELECT 1\nFROM `...', Array, false)
#4 /Users/mac/Desktop/Jobs/web/project/ey56_xu/system/Validation/Rules.php(142): CodeIgniter\Database\BaseBuilder->get()
#5 /Users/mac/Desktop/Jobs/web/project/ey56_xu/system/Validation/Validation.php(315): CodeIgniter\Validation\Rules->is_unique('ttt', 'username', Array, NULL)
#6 /Users/mac/Desktop/Jobs/web/project/ey56_xu/system/Validation/Validation.php(175): CodeIgniter\Validation\Validation->processRules('username', 'username', 'ttt', Array, Array)
#7 /Users/mac/Desktop/Jobs/web/project/ey56_xu/system/BaseModel.php(1350): CodeIgniter\Validation\Validation->run(Array, NULL, NULL)
#8 /Users/mac/Desktop/Jobs/web/project/ey56_xu/system/BaseModel.php(707): CodeIgniter\BaseModel->validate(Array)
#9 /Users/mac/Desktop/Jobs/web/project/ey56_xu/system/Model.php(667): CodeIgniter\BaseModel->insert(Array, true)
#10 /Users/mac/Desktop/Jobs/web/project/ey56_xu/app/Controllers/Webadmin/Sysuser.php(177): CodeIgniter\Model->insert(Array)
#11 /Users/mac/Desktop/Jobs/web/project/ey56_xu/system/CodeIgniter.php(907): App\Controllers\Webadmin\Sysuser->add()
#12 /Users/mac/Desktop/Jobs/web/project/ey56_xu/system/CodeIgniter.php(457): CodeIgniter\CodeIgniter->runController(Object(App\Controllers\Webadmin\Sysuser))
#13 /Users/mac/Desktop/Jobs/web/project/ey56_xu/system/CodeIgniter.php(340): CodeIgniter\CodeIgniter->handleRequest(NULL, Object(Config\Cache), false)
#14 /Users/mac/Desktop/Jobs/web/project/ey56_xu/public/index.php(67): CodeIgniter\CodeIgniter->run()
#15 {main}
CRITICAL - 2022-11-03 13:02:11 --> Table 'project_ey56_xu.user_base' doesn't exist
in SYSTEMPATH/Database/MySQLi/Connection.php on line 292.
 1 SYSTEMPATH/Database/MySQLi/Connection.php(292): mysqli->query('SELECT 1
FROM `user_base`
WHERE `username` = \'ttt\'
 LIMIT 1', 0)
 2 SYSTEMPATH/Database/BaseConnection.php(693): CodeIgniter\Database\MySQLi\Connection->execute('SELECT 1
FROM `user_base`
WHERE `username` = \'ttt\'
 LIMIT 1')
 3 SYSTEMPATH/Database/BaseConnection.php(620): CodeIgniter\Database\BaseConnection->simpleQuery('SELECT 1
FROM `user_base`
WHERE `username` = \'ttt\'
 LIMIT 1')
 4 SYSTEMPATH/Database/BaseBuilder.php(1585): CodeIgniter\Database\BaseConnection->query('SELECT 1
FROM `user_base`
WHERE `username` = :username:
 LIMIT 1', [...], false)
 5 SYSTEMPATH/Validation/Rules.php(142): CodeIgniter\Database\BaseBuilder->get()
 6 SYSTEMPATH/Validation/Validation.php(315): CodeIgniter\Validation\Rules->is_unique('ttt', 'username', [...], null)
 7 SYSTEMPATH/Validation/Validation.php(175): CodeIgniter\Validation\Validation->processRules('username', 'username', 'ttt', [...], [...])
 8 SYSTEMPATH/BaseModel.php(1350): CodeIgniter\Validation\Validation->run([...], null, null)
 9 SYSTEMPATH/BaseModel.php(707): CodeIgniter\BaseModel->validate([...])
10 SYSTEMPATH/Model.php(667): CodeIgniter\BaseModel->insert([...], true)
11 APPPATH/Controllers/Webadmin/Sysuser.php(177): CodeIgniter\Model->insert([...])
12 SYSTEMPATH/CodeIgniter.php(907): App\Controllers\Webadmin\Sysuser->add()
13 SYSTEMPATH/CodeIgniter.php(457): CodeIgniter\CodeIgniter->runController(Object(App\Controllers\Webadmin\Sysuser))
14 SYSTEMPATH/CodeIgniter.php(340): CodeIgniter\CodeIgniter->handleRequest(null, Object(Config\Cache), false)
15 FCPATH/index.php(67): CodeIgniter\CodeIgniter->run()
CRITICAL - 2022-11-03 13:14:19 --> Class 'App\Entities\Group' not found
in APPPATH/Controllers/Webadmin/Sysuser.php on line 243.
 1 SYSTEMPATH/CodeIgniter.php(907): App\Controllers\Webadmin\Sysuser->del()
 2 SYSTEMPATH/CodeIgniter.php(457): CodeIgniter\CodeIgniter->runController(Object(App\Controllers\Webadmin\Sysuser))
 3 SYSTEMPATH/CodeIgniter.php(340): CodeIgniter\CodeIgniter->handleRequest(null, Object(Config\Cache), false)
 4 FCPATH/index.php(67): CodeIgniter\CodeIgniter->run()
CRITICAL - 2022-11-03 13:49:49 --> Undefined index: row
in APPPATH/Views/webadmin/sysuser/detail.php on line 75.
 1 APPPATH/Views/webadmin/sysuser/detail.php(75): CodeIgniter\Debug\Exceptions->errorHandler(8, 'Undefined index: row', 'APPPATH/Views/webadmin/sysuser/detail.php', 75, [...])
 2 SYSTEMPATH/View/View.php(213): include('APPPATH/Views/webadmin/sysuser/detail.php')
 3 SYSTEMPATH/View/View.php(216): CodeIgniter\View\View->CodeIgniter\View\{closure}()
 4 SYSTEMPATH/Common.php(1142): CodeIgniter\View\View->render('webadmin/sysuser/detail', [], true)
 5 APPPATH/Controllers/Webadmin/Sysuser.php(198): view('webadmin/sysuser/detail', [...])
 6 SYSTEMPATH/CodeIgniter.php(907): App\Controllers\Webadmin\Sysuser->add()
 7 SYSTEMPATH/CodeIgniter.php(457): CodeIgniter\CodeIgniter->runController(Object(App\Controllers\Webadmin\Sysuser))
 8 SYSTEMPATH/CodeIgniter.php(340): CodeIgniter\CodeIgniter->handleRequest(null, Object(Config\Cache), false)
 9 FCPATH/index.php(67): CodeIgniter\CodeIgniter->run()
ERROR - 2022-11-03 14:27:39 --> mysqli_sql_exception: Unknown column 'uid' in 'where clause' in /Users/mac/Desktop/Jobs/web/project/ey56_xu/system/Database/MySQLi/Connection.php:292
Stack trace:
#0 /Users/mac/Desktop/Jobs/web/project/ey56_xu/system/Database/MySQLi/Connection.php(292): mysqli->query('SELECT `rid`, `...', 0)
#1 /Users/mac/Desktop/Jobs/web/project/ey56_xu/system/Database/BaseConnection.php(693): CodeIgniter\Database\MySQLi\Connection->execute('SELECT `rid`, `...')
#2 /Users/mac/Desktop/Jobs/web/project/ey56_xu/system/Database/BaseConnection.php(620): CodeIgniter\Database\BaseConnection->simpleQuery('SELECT `rid`, `...')
#3 /Users/mac/Desktop/Jobs/web/project/ey56_xu/system/Database/BaseBuilder.php(1585): CodeIgniter\Database\BaseConnection->query('SELECT `rid`, `...', Array, false)
#4 /Users/mac/Desktop/Jobs/web/project/ey56_xu/app/Models/SysRoleModel.php(31): CodeIgniter\Database\BaseBuilder->get()
#5 /Users/mac/Desktop/Jobs/web/project/ey56_xu/app/Controllers/Webadmin/Sysuser.php(94): App\Models\SysRoleModel->getData(Array)
#6 /Users/mac/Desktop/Jobs/web/project/ey56_xu/system/CodeIgniter.php(907): App\Controllers\Webadmin\Sysuser->index()
#7 /Users/mac/Desktop/Jobs/web/project/ey56_xu/system/CodeIgniter.php(457): CodeIgniter\CodeIgniter->runController(Object(App\Controllers\Webadmin\Sysuser))
#8 /Users/mac/Desktop/Jobs/web/project/ey56_xu/system/CodeIgniter.php(340): CodeIgniter\CodeIgniter->handleRequest(NULL, Object(Config\Cache), false)
#9 /Users/mac/Desktop/Jobs/web/project/ey56_xu/public/index.php(67): CodeIgniter\CodeIgniter->run()
#10 {main}
CRITICAL - 2022-11-03 14:27:39 --> Unknown column 'uid' in 'where clause'
in SYSTEMPATH/Database/MySQLi/Connection.php on line 292.
 1 SYSTEMPATH/Database/MySQLi/Connection.php(292): mysqli->query('SELECT `rid`, `name`, `modulelist`, `memo`, `adduid`, `created_at`, `updated_at`
FROM `sys_role`
WHERE `deleted_at` IS NULL
AND `uid` <> 1
 LIMIT 15', 0)
 2 SYSTEMPATH/Database/BaseConnection.php(693): CodeIgniter\Database\MySQLi\Connection->execute('SELECT `rid`, `name`, `modulelist`, `memo`, `adduid`, `created_at`, `updated_at`
FROM `sys_role`
WHERE `deleted_at` IS NULL
AND `uid` <> 1
 LIMIT 15')
 3 SYSTEMPATH/Database/BaseConnection.php(620): CodeIgniter\Database\BaseConnection->simpleQuery('SELECT `rid`, `name`, `modulelist`, `memo`, `adduid`, `created_at`, `updated_at`
FROM `sys_role`
WHERE `deleted_at` IS NULL
AND `uid` <> 1
 LIMIT 15')
 4 SYSTEMPATH/Database/BaseBuilder.php(1585): CodeIgniter\Database\BaseConnection->query('SELECT `rid`, `name`, `modulelist`, `memo`, `adduid`, `created_at`, `updated_at`
FROM `sys_role`
WHERE `deleted_at` IS NULL
AND `uid` <> :uid:
 LIMIT 15', [...], false)
 5 APPPATH/Models/SysRoleModel.php(31): CodeIgniter\Database\BaseBuilder->get()
 6 APPPATH/Controllers/Webadmin/Sysuser.php(94): App\Models\SysRoleModel->getData([...])
 7 SYSTEMPATH/CodeIgniter.php(907): App\Controllers\Webadmin\Sysuser->index()
 8 SYSTEMPATH/CodeIgniter.php(457): CodeIgniter\CodeIgniter->runController(Object(App\Controllers\Webadmin\Sysuser))
 9 SYSTEMPATH/CodeIgniter.php(340): CodeIgniter\CodeIgniter->handleRequest(null, Object(Config\Cache), false)
10 FCPATH/index.php(67): CodeIgniter\CodeIgniter->run()
ERROR - 2022-11-03 14:27:42 --> mysqli_sql_exception: Unknown column 'uid' in 'where clause' in /Users/mac/Desktop/Jobs/web/project/ey56_xu/system/Database/MySQLi/Connection.php:292
Stack trace:
#0 /Users/mac/Desktop/Jobs/web/project/ey56_xu/system/Database/MySQLi/Connection.php(292): mysqli->query('SELECT `rid`, `...', 0)
#1 /Users/mac/Desktop/Jobs/web/project/ey56_xu/system/Database/BaseConnection.php(693): CodeIgniter\Database\MySQLi\Connection->execute('SELECT `rid`, `...')
#2 /Users/mac/Desktop/Jobs/web/project/ey56_xu/system/Database/BaseConnection.php(620): CodeIgniter\Database\BaseConnection->simpleQuery('SELECT `rid`, `...')
#3 /Users/mac/Desktop/Jobs/web/project/ey56_xu/system/Database/BaseBuilder.php(1585): CodeIgniter\Database\BaseConnection->query('SELECT `rid`, `...', Array, false)
#4 /Users/mac/Desktop/Jobs/web/project/ey56_xu/app/Models/SysRoleModel.php(31): CodeIgniter\Database\BaseBuilder->get()
#5 /Users/mac/Desktop/Jobs/web/project/ey56_xu/app/Controllers/Webadmin/Sysuser.php(94): App\Models\SysRoleModel->getData(Array)
#6 /Users/mac/Desktop/Jobs/web/project/ey56_xu/system/CodeIgniter.php(907): App\Controllers\Webadmin\Sysuser->index()
#7 /Users/mac/Desktop/Jobs/web/project/ey56_xu/system/CodeIgniter.php(457): CodeIgniter\CodeIgniter->runController(Object(App\Controllers\Webadmin\Sysuser))
#8 /Users/mac/Desktop/Jobs/web/project/ey56_xu/system/CodeIgniter.php(340): CodeIgniter\CodeIgniter->handleRequest(NULL, Object(Config\Cache), false)
#9 /Users/mac/Desktop/Jobs/web/project/ey56_xu/public/index.php(67): CodeIgniter\CodeIgniter->run()
#10 {main}
CRITICAL - 2022-11-03 14:27:42 --> Unknown column 'uid' in 'where clause'
in SYSTEMPATH/Database/MySQLi/Connection.php on line 292.
 1 SYSTEMPATH/Database/MySQLi/Connection.php(292): mysqli->query('SELECT `rid`, `name`, `modulelist`, `memo`, `adduid`, `created_at`, `updated_at`
FROM `sys_role`
WHERE `deleted_at` IS NULL
AND `uid` <> 1
 LIMIT 15', 0)
 2 SYSTEMPATH/Database/BaseConnection.php(693): CodeIgniter\Database\MySQLi\Connection->execute('SELECT `rid`, `name`, `modulelist`, `memo`, `adduid`, `created_at`, `updated_at`
FROM `sys_role`
WHERE `deleted_at` IS NULL
AND `uid` <> 1
 LIMIT 15')
 3 SYSTEMPATH/Database/BaseConnection.php(620): CodeIgniter\Database\BaseConnection->simpleQuery('SELECT `rid`, `name`, `modulelist`, `memo`, `adduid`, `created_at`, `updated_at`
FROM `sys_role`
WHERE `deleted_at` IS NULL
AND `uid` <> 1
 LIMIT 15')
 4 SYSTEMPATH/Database/BaseBuilder.php(1585): CodeIgniter\Database\BaseConnection->query('SELECT `rid`, `name`, `modulelist`, `memo`, `adduid`, `created_at`, `updated_at`
FROM `sys_role`
WHERE `deleted_at` IS NULL
AND `uid` <> :uid:
 LIMIT 15', [...], false)
 5 APPPATH/Models/SysRoleModel.php(31): CodeIgniter\Database\BaseBuilder->get()
 6 APPPATH/Controllers/Webadmin/Sysuser.php(94): App\Models\SysRoleModel->getData([...])
 7 SYSTEMPATH/CodeIgniter.php(907): App\Controllers\Webadmin\Sysuser->index()
 8 SYSTEMPATH/CodeIgniter.php(457): CodeIgniter\CodeIgniter->runController(Object(App\Controllers\Webadmin\Sysuser))
 9 SYSTEMPATH/CodeIgniter.php(340): CodeIgniter\CodeIgniter->handleRequest(null, Object(Config\Cache), false)
10 FCPATH/index.php(67): CodeIgniter\CodeIgniter->run()
ERROR - 2022-11-03 14:27:47 --> mysqli_sql_exception: Unknown column 'uid' in 'where clause' in /Users/mac/Desktop/Jobs/web/project/ey56_xu/system/Database/MySQLi/Connection.php:292
Stack trace:
#0 /Users/mac/Desktop/Jobs/web/project/ey56_xu/system/Database/MySQLi/Connection.php(292): mysqli->query('SELECT `rid`, `...', 0)
#1 /Users/mac/Desktop/Jobs/web/project/ey56_xu/system/Database/BaseConnection.php(693): CodeIgniter\Database\MySQLi\Connection->execute('SELECT `rid`, `...')
#2 /Users/mac/Desktop/Jobs/web/project/ey56_xu/system/Database/BaseConnection.php(620): CodeIgniter\Database\BaseConnection->simpleQuery('SELECT `rid`, `...')
#3 /Users/mac/Desktop/Jobs/web/project/ey56_xu/system/Database/BaseBuilder.php(1585): CodeIgniter\Database\BaseConnection->query('SELECT `rid`, `...', Array, false)
#4 /Users/mac/Desktop/Jobs/web/project/ey56_xu/app/Models/SysRoleModel.php(31): CodeIgniter\Database\BaseBuilder->get()
#5 /Users/mac/Desktop/Jobs/web/project/ey56_xu/app/Controllers/Webadmin/Sysuser.php(94): App\Models\SysRoleModel->getData(Array)
#6 /Users/mac/Desktop/Jobs/web/project/ey56_xu/system/CodeIgniter.php(907): App\Controllers\Webadmin\Sysuser->index()
#7 /Users/mac/Desktop/Jobs/web/project/ey56_xu/system/CodeIgniter.php(457): CodeIgniter\CodeIgniter->runController(Object(App\Controllers\Webadmin\Sysuser))
#8 /Users/mac/Desktop/Jobs/web/project/ey56_xu/system/CodeIgniter.php(340): CodeIgniter\CodeIgniter->handleRequest(NULL, Object(Config\Cache), false)
#9 /Users/mac/Desktop/Jobs/web/project/ey56_xu/public/index.php(67): CodeIgniter\CodeIgniter->run()
#10 {main}
CRITICAL - 2022-11-03 14:27:47 --> Unknown column 'uid' in 'where clause'
in SYSTEMPATH/Database/MySQLi/Connection.php on line 292.
 1 SYSTEMPATH/Database/MySQLi/Connection.php(292): mysqli->query('SELECT `rid`, `name`, `modulelist`, `memo`, `adduid`, `created_at`, `updated_at`
FROM `sys_role`
WHERE `deleted_at` IS NULL
AND `uid` <> 1
 LIMIT 15', 0)
 2 SYSTEMPATH/Database/BaseConnection.php(693): CodeIgniter\Database\MySQLi\Connection->execute('SELECT `rid`, `name`, `modulelist`, `memo`, `adduid`, `created_at`, `updated_at`
FROM `sys_role`
WHERE `deleted_at` IS NULL
AND `uid` <> 1
 LIMIT 15')
 3 SYSTEMPATH/Database/BaseConnection.php(620): CodeIgniter\Database\BaseConnection->simpleQuery('SELECT `rid`, `name`, `modulelist`, `memo`, `adduid`, `created_at`, `updated_at`
FROM `sys_role`
WHERE `deleted_at` IS NULL
AND `uid` <> 1
 LIMIT 15')
 4 SYSTEMPATH/Database/BaseBuilder.php(1585): CodeIgniter\Database\BaseConnection->query('SELECT `rid`, `name`, `modulelist`, `memo`, `adduid`, `created_at`, `updated_at`
FROM `sys_role`
WHERE `deleted_at` IS NULL
AND `uid` <> :uid:
 LIMIT 15', [...], false)
 5 APPPATH/Models/SysRoleModel.php(31): CodeIgniter\Database\BaseBuilder->get()
 6 APPPATH/Controllers/Webadmin/Sysuser.php(94): App\Models\SysRoleModel->getData([...])
 7 SYSTEMPATH/CodeIgniter.php(907): App\Controllers\Webadmin\Sysuser->index()
 8 SYSTEMPATH/CodeIgniter.php(457): CodeIgniter\CodeIgniter->runController(Object(App\Controllers\Webadmin\Sysuser))
 9 SYSTEMPATH/CodeIgniter.php(340): CodeIgniter\CodeIgniter->handleRequest(null, Object(Config\Cache), false)
10 FCPATH/index.php(67): CodeIgniter\CodeIgniter->run()
CRITICAL - 2022-11-03 14:55:44 --> imagettftext(): Could not find/open font
in APPPATH/Models/VcodeModel.php on line 51.
 1 [internal function]: CodeIgniter\Debug\Exceptions->errorHandler(2, 'imagettftext(): Could not find/open font', 'APPPATH/Models/VcodeModel.php', 51, [...])
 2 APPPATH/Models/VcodeModel.php(51): imagettftext(resource (gd), 16, 2, 4.0, 20.833333333333336, 2167371, 'APPPATH/Libraries/LiberationSans-Bold.ttf', '6')
 3 APPPATH/Models/VcodeModel.php(91): App\Models\VcodeModel->createFont()
 4 APPPATH/Controllers/Tools.php(12): App\Models\VcodeModel->doimg(0)
 5 SYSTEMPATH/CodeIgniter.php(907): App\Controllers\Tools->vcode()
 6 SYSTEMPATH/CodeIgniter.php(457): CodeIgniter\CodeIgniter->runController(Object(App\Controllers\Tools))
 7 SYSTEMPATH/CodeIgniter.php(340): CodeIgniter\CodeIgniter->handleRequest(null, Object(Config\Cache), false)
 8 FCPATH/index.php(67): CodeIgniter\CodeIgniter->run()
CRITICAL - 2022-11-03 14:55:44 --> Uncaught CodeIgniter\Format\Exceptions\FormatException: Failed to parse json string, error: "Type is not supported". in /Users/mac/Desktop/Jobs/web/project/ey56_xu/system/Format/JSONFormatter.php:41
Stack trace:
#0 /Users/mac/Desktop/Jobs/web/project/ey56_xu/system/Format/JSONFormatter.php(41): CodeIgniter\Format\Exceptions\FormatException::forInvalidJSON('Type is not sup...')
#1 /Users/mac/Desktop/Jobs/web/project/ey56_xu/system/API/ResponseTrait.php(348): CodeIgniter\Format\JSONFormatter->format(Array)
#2 /Users/mac/Desktop/Jobs/web/project/ey56_xu/system/API/ResponseTrait.php(99): CodeIgniter\Debug\Exceptions->format(Array)
#3 /Users/mac/Desktop/Jobs/web/project/ey56_xu/system/Debug/Exceptions.php(132): CodeIgniter\Debug\Exceptions->respond(Array, 500)
#4 [internal function]: CodeIgniter\Debug\Exceptions->exceptionHandler(Object(ErrorException))
#5 {main}
  thrown
in SYSTEMPATH/Format/JSONFormatter.php on line 41.
 1 [internal function]: CodeIgniter\Debug\Exceptions->shutdownHandler()
CRITICAL - 2022-11-03 14:55:47 --> imagettftext(): Could not find/open font
in APPPATH/Models/VcodeModel.php on line 51.
 1 [internal function]: CodeIgniter\Debug\Exceptions->errorHandler(2, 'imagettftext(): Could not find/open font', 'APPPATH/Models/VcodeModel.php', 51, [...])
 2 APPPATH/Models/VcodeModel.php(51): imagettftext(resource (gd), 16, 6, 3.0, 20.833333333333336, 298113, 'APPPATH/Libraries/LiberationSans-Bold.ttf', 'F')
 3 APPPATH/Models/VcodeModel.php(91): App\Models\VcodeModel->createFont()
 4 APPPATH/Controllers/Tools.php(12): App\Models\VcodeModel->doimg(0)
 5 SYSTEMPATH/CodeIgniter.php(907): App\Controllers\Tools->vcode()
 6 SYSTEMPATH/CodeIgniter.php(457): CodeIgniter\CodeIgniter->runController(Object(App\Controllers\Tools))
 7 SYSTEMPATH/CodeIgniter.php(340): CodeIgniter\CodeIgniter->handleRequest(null, Object(Config\Cache), false)
 8 FCPATH/index.php(67): CodeIgniter\CodeIgniter->run()
CRITICAL - 2022-11-03 14:55:47 --> Uncaught CodeIgniter\Format\Exceptions\FormatException: Failed to parse json string, error: "Type is not supported". in /Users/mac/Desktop/Jobs/web/project/ey56_xu/system/Format/JSONFormatter.php:41
Stack trace:
#0 /Users/mac/Desktop/Jobs/web/project/ey56_xu/system/Format/JSONFormatter.php(41): CodeIgniter\Format\Exceptions\FormatException::forInvalidJSON('Type is not sup...')
#1 /Users/mac/Desktop/Jobs/web/project/ey56_xu/system/API/ResponseTrait.php(348): CodeIgniter\Format\JSONFormatter->format(Array)
#2 /Users/mac/Desktop/Jobs/web/project/ey56_xu/system/API/ResponseTrait.php(99): CodeIgniter\Debug\Exceptions->format(Array)
#3 /Users/mac/Desktop/Jobs/web/project/ey56_xu/system/Debug/Exceptions.php(132): CodeIgniter\Debug\Exceptions->respond(Array, 500)
#4 [internal function]: CodeIgniter\Debug\Exceptions->exceptionHandler(Object(ErrorException))
#5 {main}
  thrown
in SYSTEMPATH/Format/JSONFormatter.php on line 41.
 1 [internal function]: CodeIgniter\Debug\Exceptions->shutdownHandler()
CRITICAL - 2022-11-03 14:55:57 --> imagettftext(): Could not find/open font
in APPPATH/Models/VcodeModel.php on line 51.
 1 [internal function]: CodeIgniter\Debug\Exceptions->errorHandler(2, 'imagettftext(): Could not find/open font', 'APPPATH/Models/VcodeModel.php', 51, [...])
 2 APPPATH/Models/VcodeModel.php(51): imagettftext(resource (gd), 16, -8, 4.0, 20.833333333333336, 4865040, 'APPPATH/Libraries/LiberationSans-Bold.ttf', 'k')
 3 APPPATH/Models/VcodeModel.php(91): App\Models\VcodeModel->createFont()
 4 APPPATH/Controllers/Tools.php(12): App\Models\VcodeModel->doimg('0.828740741762096')
 5 SYSTEMPATH/CodeIgniter.php(907): App\Controllers\Tools->vcode('0.828740741762096')
 6 SYSTEMPATH/CodeIgniter.php(457): CodeIgniter\CodeIgniter->runController(Object(App\Controllers\Tools))
 7 SYSTEMPATH/CodeIgniter.php(340): CodeIgniter\CodeIgniter->handleRequest(null, Object(Config\Cache), false)
 8 FCPATH/index.php(67): CodeIgniter\CodeIgniter->run()
CRITICAL - 2022-11-03 14:55:57 --> Uncaught CodeIgniter\Format\Exceptions\FormatException: Failed to parse json string, error: "Type is not supported". in /Users/mac/Desktop/Jobs/web/project/ey56_xu/system/Format/JSONFormatter.php:41
Stack trace:
#0 /Users/mac/Desktop/Jobs/web/project/ey56_xu/system/Format/JSONFormatter.php(41): CodeIgniter\Format\Exceptions\FormatException::forInvalidJSON('Type is not sup...')
#1 /Users/mac/Desktop/Jobs/web/project/ey56_xu/system/API/ResponseTrait.php(348): CodeIgniter\Format\JSONFormatter->format(Array)
#2 /Users/mac/Desktop/Jobs/web/project/ey56_xu/system/API/ResponseTrait.php(99): CodeIgniter\Debug\Exceptions->format(Array)
#3 /Users/mac/Desktop/Jobs/web/project/ey56_xu/system/Debug/Exceptions.php(132): CodeIgniter\Debug\Exceptions->respond(Array, 500)
#4 [internal function]: CodeIgniter\Debug\Exceptions->exceptionHandler(Object(ErrorException))
#5 {main}
  thrown
in SYSTEMPATH/Format/JSONFormatter.php on line 41.
 1 [internal function]: CodeIgniter\Debug\Exceptions->shutdownHandler()
CRITICAL - 2022-11-03 14:57:08 --> imagettftext(): Could not find/open font
in APPPATH/Models/VcodeModel.php on line 51.
 1 [internal function]: CodeIgniter\Debug\Exceptions->errorHandler(2, 'imagettftext(): Could not find/open font', 'APPPATH/Models/VcodeModel.php', 51, [...])
 2 APPPATH/Models/VcodeModel.php(51): imagettftext(resource (gd), 16, -3, 2.0, 20.833333333333336, 3886636, 'APPPATH/Libraries/LiberationSans-Bold.ttf', 'D')
 3 APPPATH/Models/VcodeModel.php(91): App\Models\VcodeModel->createFont()
 4 APPPATH/Controllers/Tools.php(12): App\Models\VcodeModel->doimg(0)
 5 SYSTEMPATH/CodeIgniter.php(907): App\Controllers\Tools->vcode()
 6 SYSTEMPATH/CodeIgniter.php(457): CodeIgniter\CodeIgniter->runController(Object(App\Controllers\Tools))
 7 SYSTEMPATH/CodeIgniter.php(340): CodeIgniter\CodeIgniter->handleRequest(null, Object(Config\Cache), false)
 8 FCPATH/index.php(67): CodeIgniter\CodeIgniter->run()
CRITICAL - 2022-11-03 14:57:08 --> Uncaught CodeIgniter\Format\Exceptions\FormatException: Failed to parse json string, error: "Type is not supported". in /Users/mac/Desktop/Jobs/web/project/ey56_xu/system/Format/JSONFormatter.php:41
Stack trace:
#0 /Users/mac/Desktop/Jobs/web/project/ey56_xu/system/Format/JSONFormatter.php(41): CodeIgniter\Format\Exceptions\FormatException::forInvalidJSON('Type is not sup...')
#1 /Users/mac/Desktop/Jobs/web/project/ey56_xu/system/API/ResponseTrait.php(348): CodeIgniter\Format\JSONFormatter->format(Array)
#2 /Users/mac/Desktop/Jobs/web/project/ey56_xu/system/API/ResponseTrait.php(99): CodeIgniter\Debug\Exceptions->format(Array)
#3 /Users/mac/Desktop/Jobs/web/project/ey56_xu/system/Debug/Exceptions.php(132): CodeIgniter\Debug\Exceptions->respond(Array, 500)
#4 [internal function]: CodeIgniter\Debug\Exceptions->exceptionHandler(Object(ErrorException))
#5 {main}
  thrown
in SYSTEMPATH/Format/JSONFormatter.php on line 41.
 1 [internal function]: CodeIgniter\Debug\Exceptions->shutdownHandler()
CRITICAL - 2022-11-03 14:57:18 --> imagettftext(): Could not find/open font
in APPPATH/Models/VcodeModel.php on line 51.
 1 [internal function]: CodeIgniter\Debug\Exceptions->errorHandler(2, 'imagettftext(): Could not find/open font', 'APPPATH/Models/VcodeModel.php', 51, [...])
 2 APPPATH/Models/VcodeModel.php(51): imagettftext(resource (gd), 16, 7, 2.0, 20.833333333333336, 1192065, 'APPPATH/Libraries/LiberationSans-Bold.ttf', 'G')
 3 APPPATH/Models/VcodeModel.php(91): App\Models\VcodeModel->createFont()
 4 APPPATH/Controllers/Tools.php(12): App\Models\VcodeModel->doimg(0)
 5 SYSTEMPATH/CodeIgniter.php(907): App\Controllers\Tools->vcode()
 6 SYSTEMPATH/CodeIgniter.php(457): CodeIgniter\CodeIgniter->runController(Object(App\Controllers\Tools))
 7 SYSTEMPATH/CodeIgniter.php(340): CodeIgniter\CodeIgniter->handleRequest(null, Object(Config\Cache), false)
 8 FCPATH/index.php(67): CodeIgniter\CodeIgniter->run()
CRITICAL - 2022-11-03 14:57:18 --> Uncaught CodeIgniter\Format\Exceptions\FormatException: Failed to parse json string, error: "Type is not supported". in /Users/mac/Desktop/Jobs/web/project/ey56_xu/system/Format/JSONFormatter.php:41
Stack trace:
#0 /Users/mac/Desktop/Jobs/web/project/ey56_xu/system/Format/JSONFormatter.php(41): CodeIgniter\Format\Exceptions\FormatException::forInvalidJSON('Type is not sup...')
#1 /Users/mac/Desktop/Jobs/web/project/ey56_xu/system/API/ResponseTrait.php(348): CodeIgniter\Format\JSONFormatter->format(Array)
#2 /Users/mac/Desktop/Jobs/web/project/ey56_xu/system/API/ResponseTrait.php(99): CodeIgniter\Debug\Exceptions->format(Array)
#3 /Users/mac/Desktop/Jobs/web/project/ey56_xu/system/Debug/Exceptions.php(132): CodeIgniter\Debug\Exceptions->respond(Array, 500)
#4 [internal function]: CodeIgniter\Debug\Exceptions->exceptionHandler(Object(ErrorException))
#5 {main}
  thrown
in SYSTEMPATH/Format/JSONFormatter.php on line 41.
 1 [internal function]: CodeIgniter\Debug\Exceptions->shutdownHandler()
CRITICAL - 2022-11-03 14:58:04 --> Class 'App\Controllers\BaseController' not found
in APPPATH/Controllers/Home.php on line 6.
 1 SYSTEMPATH/Router/AutoRouter.php(147): include_once()
 2 SYSTEMPATH/Router/Router.php(499): CodeIgniter\Router\AutoRouter->getRoute('home')
 3 SYSTEMPATH/Router/Router.php(205): CodeIgniter\Router\Router->autoRoute('home')
 4 SYSTEMPATH/CodeIgniter.php(782): CodeIgniter\Router\Router->handle('home')
 5 SYSTEMPATH/CodeIgniter.php(406): CodeIgniter\CodeIgniter->tryToRouteIt(Object(CodeIgniter\Router\RouteCollection))
 6 SYSTEMPATH/CodeIgniter.php(340): CodeIgniter\CodeIgniter->handleRequest(null, Object(Config\Cache), false)
 7 FCPATH/index.php(67): CodeIgniter\CodeIgniter->run()
CRITICAL - 2022-11-03 15:02:42 --> Class 'App\Controllers\BaseController' not found
in APPPATH/Controllers/Home.php on line 6.
 1 SYSTEMPATH/Autoloader/Autoloader.php(282): include_once()
 2 SYSTEMPATH/Autoloader/Autoloader.php(259): CodeIgniter\Autoloader\Autoloader->includeFile('APPPATH/Controllers/Home.php')
 3 SYSTEMPATH/Autoloader/Autoloader.php(237): CodeIgniter\Autoloader\Autoloader->loadInNamespace('App\\Controllers\\Home')
 4 [internal function]: CodeIgniter\Autoloader\Autoloader->loadClass('App\\Controllers\\Home')
 5 [internal function]: spl_autoload_call('App\\Controllers\\Home')
 6 SYSTEMPATH/CodeIgniter.php(857): class_exists('\\App\\Controllers\\Home', true)
 7 SYSTEMPATH/CodeIgniter.php(444): CodeIgniter\CodeIgniter->startController()
 8 SYSTEMPATH/CodeIgniter.php(340): CodeIgniter\CodeIgniter->handleRequest(null, Object(Config\Cache), false)
 9 FCPATH/index.php(67): CodeIgniter\CodeIgniter->run()
CRITICAL - 2022-11-03 15:02:58 --> Too few arguments to function CodeIgniter\HTTP\RedirectResponse::to(), 0 passed in /Users/mac/Desktop/Jobs/web/project/ey56_xu/app/Controllers/Webadmin/Sysuser.php on line 23 and at least 1 expected
in SYSTEMPATH/HTTP/RedirectResponse.php on line 32.
 1 APPPATH/Controllers/Webadmin/Sysuser.php(23): CodeIgniter\HTTP\RedirectResponse->to()
 2 SYSTEMPATH/CodeIgniter.php(907): App\Controllers\Webadmin\Sysuser->logout()
 3 SYSTEMPATH/CodeIgniter.php(457): CodeIgniter\CodeIgniter->runController(Object(App\Controllers\Webadmin\Sysuser))
 4 SYSTEMPATH/CodeIgniter.php(340): CodeIgniter\CodeIgniter->handleRequest(null, Object(Config\Cache), false)
 5 FCPATH/index.php(67): CodeIgniter\CodeIgniter->run()
CRITICAL - 2022-11-03 15:03:07 --> Class 'App\Controllers\BaseController' not found
in APPPATH/Controllers/Home.php on line 6.
 1 SYSTEMPATH/Router/AutoRouter.php(147): include_once()
 2 SYSTEMPATH/Router/Router.php(499): CodeIgniter\Router\AutoRouter->getRoute('home')
 3 SYSTEMPATH/Router/Router.php(205): CodeIgniter\Router\Router->autoRoute('home')
 4 SYSTEMPATH/CodeIgniter.php(782): CodeIgniter\Router\Router->handle('home')
 5 SYSTEMPATH/CodeIgniter.php(406): CodeIgniter\CodeIgniter->tryToRouteIt(Object(CodeIgniter\Router\RouteCollection))
 6 SYSTEMPATH/CodeIgniter.php(340): CodeIgniter\CodeIgniter->handleRequest(null, Object(Config\Cache), false)
 7 FCPATH/index.php(67): CodeIgniter\CodeIgniter->run()
CRITICAL - 2022-11-03 15:04:55 --> Class 'App\Controllers\BaseController' not found
in APPPATH/Controllers/Home.php on line 6.
 1 SYSTEMPATH/Router/AutoRouter.php(147): include_once()
 2 SYSTEMPATH/Router/Router.php(499): CodeIgniter\Router\AutoRouter->getRoute('home')
 3 SYSTEMPATH/Router/Router.php(205): CodeIgniter\Router\Router->autoRoute('home')
 4 SYSTEMPATH/CodeIgniter.php(782): CodeIgniter\Router\Router->handle('home')
 5 SYSTEMPATH/CodeIgniter.php(406): CodeIgniter\CodeIgniter->tryToRouteIt(Object(CodeIgniter\Router\RouteCollection))
 6 SYSTEMPATH/CodeIgniter.php(340): CodeIgniter\CodeIgniter->handleRequest(null, Object(Config\Cache), false)
 7 FCPATH/index.php(67): CodeIgniter\CodeIgniter->run()
CRITICAL - 2022-11-03 15:04:58 --> Trying to access array offset on value of type bool
in APPPATH/Controllers/Webadmin/Home.php on line 33.
 1 APPPATH/Controllers/Webadmin/Home.php(33): CodeIgniter\Debug\Exceptions->errorHandler(8, 'Trying to access array offset on value of type bool', 'APPPATH/Controllers/Webadmin/Home.php', 33, [...])
 2 SYSTEMPATH/CodeIgniter.php(907): App\Controllers\Webadmin\Home->index()
 3 SYSTEMPATH/CodeIgniter.php(457): CodeIgniter\CodeIgniter->runController(Object(App\Controllers\Webadmin\Home))
 4 SYSTEMPATH/CodeIgniter.php(340): CodeIgniter\CodeIgniter->handleRequest(null, Object(Config\Cache), false)
 5 FCPATH/index.php(67): CodeIgniter\CodeIgniter->run()
CRITICAL - 2022-11-03 15:05:02 --> Trying to access array offset on value of type bool
in APPPATH/Controllers/Webadmin/Home.php on line 33.
 1 APPPATH/Controllers/Webadmin/Home.php(33): CodeIgniter\Debug\Exceptions->errorHandler(8, 'Trying to access array offset on value of type bool', 'APPPATH/Controllers/Webadmin/Home.php', 33, [...])
 2 SYSTEMPATH/CodeIgniter.php(907): App\Controllers\Webadmin\Home->index()
 3 SYSTEMPATH/CodeIgniter.php(457): CodeIgniter\CodeIgniter->runController(Object(App\Controllers\Webadmin\Home))
 4 SYSTEMPATH/CodeIgniter.php(340): CodeIgniter\CodeIgniter->handleRequest(null, Object(Config\Cache), false)
 5 FCPATH/index.php(67): CodeIgniter\CodeIgniter->run()
CRITICAL - 2022-11-03 15:05:58 --> Class 'App\Controllers\BaseController' not found
in APPPATH/Controllers/Home.php on line 6.
 1 SYSTEMPATH/Router/AutoRouter.php(147): include_once()
 2 SYSTEMPATH/Router/Router.php(499): CodeIgniter\Router\AutoRouter->getRoute('home')
 3 SYSTEMPATH/Router/Router.php(205): CodeIgniter\Router\Router->autoRoute('home')
 4 SYSTEMPATH/CodeIgniter.php(782): CodeIgniter\Router\Router->handle('home')
 5 SYSTEMPATH/CodeIgniter.php(406): CodeIgniter\CodeIgniter->tryToRouteIt(Object(CodeIgniter\Router\RouteCollection))
 6 SYSTEMPATH/CodeIgniter.php(340): CodeIgniter\CodeIgniter->handleRequest(null, Object(Config\Cache), false)
 7 FCPATH/index.php(67): CodeIgniter\CodeIgniter->run()
CRITICAL - 2022-11-03 15:12:54 --> Trying to access array offset on value of type bool
in APPPATH/Controllers/AdminController.php on line 130.
 1 APPPATH/Controllers/AdminController.php(130): CodeIgniter\Debug\Exceptions->errorHandler(8, 'Trying to access array offset on value of type bool', 'APPPATH/Controllers/AdminController.php', 130, [...])
 2 APPPATH/Controllers/AdminController.php(216): App\Controllers\AdminController::getRenderAdd(false, 'sysuser', '添加')
 3 APPPATH/Controllers/Webadmin/Sysuser.php(90): App\Controllers\AdminController->setIndexInitData(Object(App\Models\SysUserModel), Object(App\Entities\Extbase))
 4 SYSTEMPATH/CodeIgniter.php(907): App\Controllers\Webadmin\Sysuser->index()
 5 SYSTEMPATH/CodeIgniter.php(457): CodeIgniter\CodeIgniter->runController(Object(App\Controllers\Webadmin\Sysuser))
 6 SYSTEMPATH/CodeIgniter.php(340): CodeIgniter\CodeIgniter->handleRequest(null, Object(Config\Cache), false)
 7 FCPATH/index.php(67): CodeIgniter\CodeIgniter->run()
CRITICAL - 2022-11-03 15:28:58 --> Trying to access array offset on value of type bool
in APPPATH/Controllers/Webadmin/Home.php on line 31.
 1 APPPATH/Controllers/Webadmin/Home.php(31): CodeIgniter\Debug\Exceptions->errorHandler(8, 'Trying to access array offset on value of type bool', 'APPPATH/Controllers/Webadmin/Home.php', 31, [...])
 2 SYSTEMPATH/CodeIgniter.php(907): App\Controllers\Webadmin\Home->index()
 3 SYSTEMPATH/CodeIgniter.php(457): CodeIgniter\CodeIgniter->runController(Object(App\Controllers\Webadmin\Home))
 4 SYSTEMPATH/CodeIgniter.php(340): CodeIgniter\CodeIgniter->handleRequest(null, Object(Config\Cache), false)
 5 FCPATH/index.php(67): CodeIgniter\CodeIgniter->run()
CRITICAL - 2022-11-03 15:30:03 --> Class 'App\Controllers\BaseController' not found
in APPPATH/Controllers/Home.php on line 6.
 1 SYSTEMPATH/Router/AutoRouter.php(147): include_once()
 2 SYSTEMPATH/Router/Router.php(499): CodeIgniter\Router\AutoRouter->getRoute('home')
 3 SYSTEMPATH/Router/Router.php(205): CodeIgniter\Router\Router->autoRoute('home')
 4 SYSTEMPATH/CodeIgniter.php(782): CodeIgniter\Router\Router->handle('home')
 5 SYSTEMPATH/CodeIgniter.php(406): CodeIgniter\CodeIgniter->tryToRouteIt(Object(CodeIgniter\Router\RouteCollection))
 6 SYSTEMPATH/CodeIgniter.php(340): CodeIgniter\CodeIgniter->handleRequest(null, Object(Config\Cache), false)
 7 FCPATH/index.php(67): CodeIgniter\CodeIgniter->run()
CRITICAL - 2022-11-03 15:31:50 --> Class 'App\Controllers\BaseController' not found
in APPPATH/Controllers/Home.php on line 6.
 1 SYSTEMPATH/Router/AutoRouter.php(147): include_once()
 2 SYSTEMPATH/Router/Router.php(499): CodeIgniter\Router\AutoRouter->getRoute('home')
 3 SYSTEMPATH/Router/Router.php(205): CodeIgniter\Router\Router->autoRoute('home')
 4 SYSTEMPATH/CodeIgniter.php(782): CodeIgniter\Router\Router->handle('home')
 5 SYSTEMPATH/CodeIgniter.php(406): CodeIgniter\CodeIgniter->tryToRouteIt(Object(CodeIgniter\Router\RouteCollection))
 6 SYSTEMPATH/CodeIgniter.php(340): CodeIgniter\CodeIgniter->handleRequest(null, Object(Config\Cache), false)
 7 FCPATH/index.php(67): CodeIgniter\CodeIgniter->run()
CRITICAL - 2022-11-03 15:31:53 --> Class 'App\Controllers\BaseController' not found
in APPPATH/Controllers/Home.php on line 6.
 1 SYSTEMPATH/Autoloader/Autoloader.php(282): include_once()
 2 SYSTEMPATH/Autoloader/Autoloader.php(259): CodeIgniter\Autoloader\Autoloader->includeFile('APPPATH/Controllers/Home.php')
 3 SYSTEMPATH/Autoloader/Autoloader.php(237): CodeIgniter\Autoloader\Autoloader->loadInNamespace('App\\Controllers\\Home')
 4 [internal function]: CodeIgniter\Autoloader\Autoloader->loadClass('App\\Controllers\\Home')
 5 [internal function]: spl_autoload_call('App\\Controllers\\Home')
 6 SYSTEMPATH/CodeIgniter.php(857): class_exists('\\App\\Controllers\\Home', true)
 7 SYSTEMPATH/CodeIgniter.php(444): CodeIgniter\CodeIgniter->startController()
 8 SYSTEMPATH/CodeIgniter.php(340): CodeIgniter\CodeIgniter->handleRequest(null, Object(Config\Cache), false)
 9 FCPATH/index.php(67): CodeIgniter\CodeIgniter->run()
CRITICAL - 2022-11-03 15:37:33 --> Class 'App\Controllers\BaseController' not found
in APPPATH/Controllers/Home.php on line 6.
 1 SYSTEMPATH/Router/AutoRouter.php(147): include_once()
 2 SYSTEMPATH/Router/Router.php(499): CodeIgniter\Router\AutoRouter->getRoute('home')
 3 SYSTEMPATH/Router/Router.php(205): CodeIgniter\Router\Router->autoRoute('home')
 4 SYSTEMPATH/CodeIgniter.php(782): CodeIgniter\Router\Router->handle('home')
 5 SYSTEMPATH/CodeIgniter.php(406): CodeIgniter\CodeIgniter->tryToRouteIt(Object(CodeIgniter\Router\RouteCollection))
 6 SYSTEMPATH/CodeIgniter.php(340): CodeIgniter\CodeIgniter->handleRequest(null, Object(Config\Cache), false)
 7 FCPATH/index.php(67): CodeIgniter\CodeIgniter->run()
CRITICAL - 2022-11-03 15:51:54 --> Class 'App\Controllers\BaseController' not found
in APPPATH/Controllers/Home.php on line 6.
 1 SYSTEMPATH/Router/AutoRouter.php(147): include_once()
 2 SYSTEMPATH/Router/Router.php(499): CodeIgniter\Router\AutoRouter->getRoute('home')
 3 SYSTEMPATH/Router/Router.php(205): CodeIgniter\Router\Router->autoRoute('home')
 4 SYSTEMPATH/CodeIgniter.php(782): CodeIgniter\Router\Router->handle('home')
 5 SYSTEMPATH/CodeIgniter.php(406): CodeIgniter\CodeIgniter->tryToRouteIt(Object(CodeIgniter\Router\RouteCollection))
 6 SYSTEMPATH/CodeIgniter.php(340): CodeIgniter\CodeIgniter->handleRequest(null, Object(Config\Cache), false)
 7 FCPATH/index.php(67): CodeIgniter\CodeIgniter->run()
CRITICAL - 2022-11-03 15:51:57 --> Class 'App\Controllers\BaseController' not found
in APPPATH/Controllers/Home.php on line 6.
 1 SYSTEMPATH/Router/AutoRouter.php(147): include_once()
 2 SYSTEMPATH/Router/Router.php(499): CodeIgniter\Router\AutoRouter->getRoute('home')
 3 SYSTEMPATH/Router/Router.php(205): CodeIgniter\Router\Router->autoRoute('home')
 4 SYSTEMPATH/CodeIgniter.php(782): CodeIgniter\Router\Router->handle('home')
 5 SYSTEMPATH/CodeIgniter.php(406): CodeIgniter\CodeIgniter->tryToRouteIt(Object(CodeIgniter\Router\RouteCollection))
 6 SYSTEMPATH/CodeIgniter.php(340): CodeIgniter\CodeIgniter->handleRequest(null, Object(Config\Cache), false)
 7 FCPATH/index.php(67): CodeIgniter\CodeIgniter->run()
CRITICAL - 2022-11-03 15:55:41 --> Invalid file: /home/tips.php
in SYSTEMPATH/Exceptions/FrameworkException.php on line 33.
 1 SYSTEMPATH/View/View.php(201): CodeIgniter\Exceptions\FrameworkException::forInvalidFile('/home/tips.php')
 2 SYSTEMPATH/Common.php(1142): CodeIgniter\View\View->render('/home/tips', [], true)
 3 APPPATH/Filters/AuthAdmin.php(33): view('/home/tips', [...])
 4 SYSTEMPATH/Filters/Filters.php(173): App\Filters\AuthAdmin->before(Object(CodeIgniter\HTTP\IncomingRequest), null)
 5 SYSTEMPATH/CodeIgniter.php(431): CodeIgniter\Filters\Filters->run('webadmin/home/center', 'before')
 6 SYSTEMPATH/CodeIgniter.php(340): CodeIgniter\CodeIgniter->handleRequest(null, Object(Config\Cache), false)
 7 FCPATH/index.php(67): CodeIgniter\CodeIgniter->run()
CRITICAL - 2022-11-03 15:55:45 --> Invalid file: /home/tips.php
in SYSTEMPATH/Exceptions/FrameworkException.php on line 33.
 1 SYSTEMPATH/View/View.php(201): CodeIgniter\Exceptions\FrameworkException::forInvalidFile('/home/tips.php')
 2 SYSTEMPATH/Common.php(1142): CodeIgniter\View\View->render('/home/tips', [], true)
 3 APPPATH/Filters/AuthAdmin.php(33): view('/home/tips', [...])
 4 SYSTEMPATH/Filters/Filters.php(173): App\Filters\AuthAdmin->before(Object(CodeIgniter\HTTP\IncomingRequest), null)
 5 SYSTEMPATH/CodeIgniter.php(431): CodeIgniter\Filters\Filters->run('webadmin/home/center', 'before')
 6 SYSTEMPATH/CodeIgniter.php(340): CodeIgniter\CodeIgniter->handleRequest(null, Object(Config\Cache), false)
 7 FCPATH/index.php(67): CodeIgniter\CodeIgniter->run()
CRITICAL - 2022-11-03 15:55:47 --> Invalid file: /home/tips.php
in SYSTEMPATH/Exceptions/FrameworkException.php on line 33.
 1 SYSTEMPATH/View/View.php(201): CodeIgniter\Exceptions\FrameworkException::forInvalidFile('/home/tips.php')
 2 SYSTEMPATH/Common.php(1142): CodeIgniter\View\View->render('/home/tips', [], true)
 3 APPPATH/Filters/AuthAdmin.php(33): view('/home/tips', [...])
 4 SYSTEMPATH/Filters/Filters.php(173): App\Filters\AuthAdmin->before(Object(CodeIgniter\HTTP\IncomingRequest), null)
 5 SYSTEMPATH/CodeIgniter.php(431): CodeIgniter\Filters\Filters->run('webadmin/home/center', 'before')
 6 SYSTEMPATH/CodeIgniter.php(340): CodeIgniter\CodeIgniter->handleRequest(null, Object(Config\Cache), false)
 7 FCPATH/index.php(67): CodeIgniter\CodeIgniter->run()
CRITICAL - 2022-11-03 15:55:50 --> Invalid file: /home/tips.php
in SYSTEMPATH/Exceptions/FrameworkException.php on line 33.
 1 SYSTEMPATH/View/View.php(201): CodeIgniter\Exceptions\FrameworkException::forInvalidFile('/home/tips.php')
 2 SYSTEMPATH/Common.php(1142): CodeIgniter\View\View->render('/home/tips', [], true)
 3 APPPATH/Filters/AuthAdmin.php(33): view('/home/tips', [...])
 4 SYSTEMPATH/Filters/Filters.php(173): App\Filters\AuthAdmin->before(Object(CodeIgniter\HTTP\IncomingRequest), null)
 5 SYSTEMPATH/CodeIgniter.php(431): CodeIgniter\Filters\Filters->run('webadmin/home/center', 'before')
 6 SYSTEMPATH/CodeIgniter.php(340): CodeIgniter\CodeIgniter->handleRequest(null, Object(Config\Cache), false)
 7 FCPATH/index.php(67): CodeIgniter\CodeIgniter->run()
CRITICAL - 2022-11-03 15:55:58 --> Invalid file: /home/tips.php
in SYSTEMPATH/Exceptions/FrameworkException.php on line 33.
 1 SYSTEMPATH/View/View.php(201): CodeIgniter\Exceptions\FrameworkException::forInvalidFile('/home/tips.php')
 2 SYSTEMPATH/Common.php(1142): CodeIgniter\View\View->render('/home/tips', [], true)
 3 APPPATH/Filters/AuthAdmin.php(33): view('/home/tips', [...])
 4 SYSTEMPATH/Filters/Filters.php(173): App\Filters\AuthAdmin->before(Object(CodeIgniter\HTTP\IncomingRequest), null)
 5 SYSTEMPATH/CodeIgniter.php(431): CodeIgniter\Filters\Filters->run('webadmin/home/center', 'before')
 6 SYSTEMPATH/CodeIgniter.php(340): CodeIgniter\CodeIgniter->handleRequest(null, Object(Config\Cache), false)
 7 FCPATH/index.php(67): CodeIgniter\CodeIgniter->run()
CRITICAL - 2022-11-03 15:55:59 --> Invalid file: /home/tips.php
in SYSTEMPATH/Exceptions/FrameworkException.php on line 33.
 1 SYSTEMPATH/View/View.php(201): CodeIgniter\Exceptions\FrameworkException::forInvalidFile('/home/tips.php')
 2 SYSTEMPATH/Common.php(1142): CodeIgniter\View\View->render('/home/tips', [], true)
 3 APPPATH/Filters/AuthAdmin.php(33): view('/home/tips', [...])
 4 SYSTEMPATH/Filters/Filters.php(173): App\Filters\AuthAdmin->before(Object(CodeIgniter\HTTP\IncomingRequest), null)
 5 SYSTEMPATH/CodeIgniter.php(431): CodeIgniter\Filters\Filters->run('webadmin/home/center', 'before')
 6 SYSTEMPATH/CodeIgniter.php(340): CodeIgniter\CodeIgniter->handleRequest(null, Object(Config\Cache), false)
 7 FCPATH/index.php(67): CodeIgniter\CodeIgniter->run()
CRITICAL - 2022-11-03 15:56:01 --> Invalid file: /home/tips.php
in SYSTEMPATH/Exceptions/FrameworkException.php on line 33.
 1 SYSTEMPATH/View/View.php(201): CodeIgniter\Exceptions\FrameworkException::forInvalidFile('/home/tips.php')
 2 SYSTEMPATH/Common.php(1142): CodeIgniter\View\View->render('/home/tips', [], true)
 3 APPPATH/Filters/AuthAdmin.php(33): view('/home/tips', [...])
 4 SYSTEMPATH/Filters/Filters.php(173): App\Filters\AuthAdmin->before(Object(CodeIgniter\HTTP\IncomingRequest), null)
 5 SYSTEMPATH/CodeIgniter.php(431): CodeIgniter\Filters\Filters->run('webadmin/home/center', 'before')
 6 SYSTEMPATH/CodeIgniter.php(340): CodeIgniter\CodeIgniter->handleRequest(null, Object(Config\Cache), false)
 7 FCPATH/index.php(67): CodeIgniter\CodeIgniter->run()
CRITICAL - 2022-11-03 15:57:34 --> Class 'App\Controllers\BaseController' not found
in APPPATH/Controllers/Home.php on line 6.
 1 SYSTEMPATH/Router/AutoRouter.php(147): include_once()
 2 SYSTEMPATH/Router/Router.php(499): CodeIgniter\Router\AutoRouter->getRoute('home')
 3 SYSTEMPATH/Router/Router.php(205): CodeIgniter\Router\Router->autoRoute('home')
 4 SYSTEMPATH/CodeIgniter.php(782): CodeIgniter\Router\Router->handle('home')
 5 SYSTEMPATH/CodeIgniter.php(406): CodeIgniter\CodeIgniter->tryToRouteIt(Object(CodeIgniter\Router\RouteCollection))
 6 SYSTEMPATH/CodeIgniter.php(340): CodeIgniter\CodeIgniter->handleRequest(null, Object(Config\Cache), false)
 7 FCPATH/index.php(67): CodeIgniter\CodeIgniter->run()
CRITICAL - 2022-11-03 19:58:03 --> Trying to access array offset on value of type bool
in APPPATH/Controllers/AdminController.php on line 130.
 1 APPPATH/Controllers/AdminController.php(130): CodeIgniter\Debug\Exceptions->errorHandler(8, 'Trying to access array offset on value of type bool', 'APPPATH/Controllers/AdminController.php', 130, [...])
 2 APPPATH/Controllers/AdminController.php(216): App\Controllers\AdminController::getRenderAdd(false, 'sysdict', '添加')
 3 APPPATH/Controllers/Webadmin/Sysdict.php(24): App\Controllers\AdminController->setIndexInitData(Object(App\Models\SysDictkeyModel))
 4 SYSTEMPATH/CodeIgniter.php(907): App\Controllers\Webadmin\Sysdict->index()
 5 SYSTEMPATH/CodeIgniter.php(457): CodeIgniter\CodeIgniter->runController(Object(App\Controllers\Webadmin\Sysdict))
 6 SYSTEMPATH/CodeIgniter.php(340): CodeIgniter\CodeIgniter->handleRequest(null, Object(Config\Cache), false)
 7 FCPATH/index.php(67): CodeIgniter\CodeIgniter->run()
CRITICAL - 2022-11-03 19:58:04 --> Trying to access array offset on value of type bool
in APPPATH/Controllers/AdminController.php on line 130.
 1 APPPATH/Controllers/AdminController.php(130): CodeIgniter\Debug\Exceptions->errorHandler(8, 'Trying to access array offset on value of type bool', 'APPPATH/Controllers/AdminController.php', 130, [...])
 2 APPPATH/Controllers/AdminController.php(216): App\Controllers\AdminController::getRenderAdd(false, 'sysrole', '添加')
 3 APPPATH/Controllers/Webadmin/Sysrole.php(51): App\Controllers\AdminController->setIndexInitData(Object(App\Models\SysRoleModel))
 4 SYSTEMPATH/CodeIgniter.php(907): App\Controllers\Webadmin\Sysrole->index()
 5 SYSTEMPATH/CodeIgniter.php(457): CodeIgniter\CodeIgniter->runController(Object(App\Controllers\Webadmin\Sysrole))
 6 SYSTEMPATH/CodeIgniter.php(340): CodeIgniter\CodeIgniter->handleRequest(null, Object(Config\Cache), false)
 7 FCPATH/index.php(67): CodeIgniter\CodeIgniter->run()
CRITICAL - 2022-11-03 19:58:51 --> Trying to access array offset on value of type bool
in APPPATH/Controllers/AdminController.php on line 130.
 1 APPPATH/Controllers/AdminController.php(130): CodeIgniter\Debug\Exceptions->errorHandler(8, 'Trying to access array offset on value of type bool', 'APPPATH/Controllers/AdminController.php', 130, [...])
 2 APPPATH/Controllers/AdminController.php(216): App\Controllers\AdminController::getRenderAdd(false, 'sysuser', '添加')
 3 APPPATH/Controllers/Webadmin/Sysuser.php(90): App\Controllers\AdminController->setIndexInitData(Object(App\Models\SysUserModel), Object(App\Entities\Extbase))
 4 SYSTEMPATH/CodeIgniter.php(907): App\Controllers\Webadmin\Sysuser->index()
 5 SYSTEMPATH/CodeIgniter.php(457): CodeIgniter\CodeIgniter->runController(Object(App\Controllers\Webadmin\Sysuser))
 6 SYSTEMPATH/CodeIgniter.php(340): CodeIgniter\CodeIgniter->handleRequest(null, Object(Config\Cache), false)
 7 FCPATH/index.php(67): CodeIgniter\CodeIgniter->run()
CRITICAL - 2022-11-03 20:01:02 --> Trying to access array offset on value of type bool
in APPPATH/Controllers/AdminController.php on line 130.
 1 APPPATH/Controllers/AdminController.php(130): CodeIgniter\Debug\Exceptions->errorHandler(8, 'Trying to access array offset on value of type bool', 'APPPATH/Controllers/AdminController.php', 130, [...])
 2 APPPATH/Controllers/AdminController.php(216): App\Controllers\AdminController::getRenderAdd(false, 'sysdict', '添加')
 3 APPPATH/Controllers/Webadmin/Sysdict.php(24): App\Controllers\AdminController->setIndexInitData(Object(App\Models\SysDictkeyModel))
 4 SYSTEMPATH/CodeIgniter.php(907): App\Controllers\Webadmin\Sysdict->index()
 5 SYSTEMPATH/CodeIgniter.php(457): CodeIgniter\CodeIgniter->runController(Object(App\Controllers\Webadmin\Sysdict))
 6 SYSTEMPATH/CodeIgniter.php(340): CodeIgniter\CodeIgniter->handleRequest(null, Object(Config\Cache), false)
 7 FCPATH/index.php(67): CodeIgniter\CodeIgniter->run()
CRITICAL - 2022-11-03 21:19:51 --> Class 'App\Controllers\BaseController' not found
in APPPATH/Controllers/Webadmin/Syslog.php on line 5.
 1 SYSTEMPATH/Router/AutoRouter.php(147): include_once()
 2 SYSTEMPATH/Router/Router.php(499): CodeIgniter\Router\AutoRouter->getRoute('webadmin/syslog')
 3 SYSTEMPATH/Router/Router.php(205): CodeIgniter\Router\Router->autoRoute('webadmin/syslog')
 4 SYSTEMPATH/CodeIgniter.php(782): CodeIgniter\Router\Router->handle('webadmin/syslog')
 5 SYSTEMPATH/CodeIgniter.php(406): CodeIgniter\CodeIgniter->tryToRouteIt(Object(CodeIgniter\Router\RouteCollection))
 6 SYSTEMPATH/CodeIgniter.php(340): CodeIgniter\CodeIgniter->handleRequest(null, Object(Config\Cache), false)
 7 FCPATH/index.php(67): CodeIgniter\CodeIgniter->run()
CRITICAL - 2022-11-03 21:20:06 --> Invalid file: actlog/index.php
in SYSTEMPATH/Exceptions/FrameworkException.php on line 33.
 1 SYSTEMPATH/View/View.php(201): CodeIgniter\Exceptions\FrameworkException::forInvalidFile('actlog/index.php')
 2 SYSTEMPATH/Common.php(1142): CodeIgniter\View\View->render('actlog/index', [], true)
 3 APPPATH/Controllers/Webadmin/Syslog.php(28): view('actlog/index', [...])
 4 SYSTEMPATH/CodeIgniter.php(907): App\Controllers\Webadmin\Syslog->index()
 5 SYSTEMPATH/CodeIgniter.php(457): CodeIgniter\CodeIgniter->runController(Object(App\Controllers\Webadmin\Syslog))
 6 SYSTEMPATH/CodeIgniter.php(340): CodeIgniter\CodeIgniter->handleRequest(null, Object(Config\Cache), false)
 7 FCPATH/index.php(67): CodeIgniter\CodeIgniter->run()
