ERROR - 2022-12-09 07:47:35 --> mysqli_sql_exception: Unknown column 'phone' in 'field list' in /Users/mac/Desktop/Jobs/web/project/ey56_xu/system/Database/MySQLi/Connection.php:292
Stack trace:
#0 /Users/mac/Desktop/Jobs/web/project/ey56_xu/system/Database/MySQLi/Connection.php(292): mysqli->query('SELECT `uid`, `...', 0)
#1 /Users/mac/Desktop/Jobs/web/project/ey56_xu/system/Database/BaseConnection.php(693): CodeIgniter\Database\MySQLi\Connection->execute('SELECT `uid`, `...')
#2 /Users/mac/Desktop/Jobs/web/project/ey56_xu/system/Database/BaseConnection.php(620): CodeIgniter\Database\BaseConnection->simpleQuery('SELECT `uid`, `...')
#3 /Users/mac/Desktop/Jobs/web/project/ey56_xu/system/Database/BaseBuilder.php(1585): CodeIgniter\Database\BaseConnection->query('SELECT `uid`, `...', Array, false)
#4 /Users/mac/Desktop/Jobs/web/project/ey56_xu/system/Model.php(772): CodeIgniter\Database\BaseBuilder->get()
#5 /Users/mac/Desktop/Jobs/web/project/ey56_xu/app/Controllers/Api/Member.php(120): CodeIgniter\Model->__call('get', Array)
#6 /Users/mac/Desktop/Jobs/web/project/ey56_xu/system/CodeIgniter.php(907): App\Controllers\Api\Member->getProfile()
#7 /Users/mac/Desktop/Jobs/web/project/ey56_xu/system/CodeIgniter.php(457): CodeIgniter\CodeIgniter->runController(Object(App\Controllers\Api\Member))
#8 /Users/mac/Desktop/Jobs/web/project/ey56_xu/system/CodeIgniter.php(340): CodeIgniter\CodeIgniter->handleRequest(NULL, Object(Config\Cache), false)
#9 /Users/mac/Desktop/Jobs/web/project/ey56_xu/public/index.php(67): CodeIgniter\CodeIgniter->run()
#10 {main}
CRITICAL - 2022-12-09 07:47:35 --> Unknown column 'phone' in 'field list'
in SYSTEMPATH/Database/MySQLi/Connection.php on line 292.
 1 SYSTEMPATH/Database/MySQLi/Connection.php(292): mysqli->query('SELECT `uid`, `name`, `phone`, `avatar`, `sign`
FROM `member`
WHERE `uid` = \'86\'', 0)
 2 SYSTEMPATH/Database/BaseConnection.php(693): CodeIgniter\Database\MySQLi\Connection->execute('SELECT `uid`, `name`, `phone`, `avatar`, `sign`
FROM `member`
WHERE `uid` = \'86\'')
 3 SYSTEMPATH/Database/BaseConnection.php(620): CodeIgniter\Database\BaseConnection->simpleQuery('SELECT `uid`, `name`, `phone`, `avatar`, `sign`
FROM `member`
WHERE `uid` = \'86\'')
 4 SYSTEMPATH/Database/BaseBuilder.php(1585): CodeIgniter\Database\BaseConnection->query('SELECT `uid`, `name`, `phone`, `avatar`, `sign`
FROM `member`
WHERE `uid` = :uid:', [...], false)
 5 SYSTEMPATH/Model.php(772): CodeIgniter\Database\BaseBuilder->get()
 6 APPPATH/Controllers/Api/Member.php(120): CodeIgniter\Model->__call('get', [])
 7 SYSTEMPATH/CodeIgniter.php(907): App\Controllers\Api\Member->getProfile()
 8 SYSTEMPATH/CodeIgniter.php(457): CodeIgniter\CodeIgniter->runController(Object(App\Controllers\Api\Member))
 9 SYSTEMPATH/CodeIgniter.php(340): CodeIgniter\CodeIgniter->handleRequest(null, Object(Config\Cache), false)
10 FCPATH/index.php(67): CodeIgniter\CodeIgniter->run()
ERROR - 2022-12-09 07:49:11 --> mysqli_sql_exception: Unknown column 'phone' in 'field list' in /Users/mac/Desktop/Jobs/web/project/ey56_xu/system/Database/MySQLi/Connection.php:292
Stack trace:
#0 /Users/mac/Desktop/Jobs/web/project/ey56_xu/system/Database/MySQLi/Connection.php(292): mysqli->query('SELECT `uid`, `...', 0)
#1 /Users/mac/Desktop/Jobs/web/project/ey56_xu/system/Database/BaseConnection.php(693): CodeIgniter\Database\MySQLi\Connection->execute('SELECT `uid`, `...')
#2 /Users/mac/Desktop/Jobs/web/project/ey56_xu/system/Database/BaseConnection.php(620): CodeIgniter\Database\BaseConnection->simpleQuery('SELECT `uid`, `...')
#3 /Users/mac/Desktop/Jobs/web/project/ey56_xu/system/Database/BaseBuilder.php(1585): CodeIgniter\Database\BaseConnection->query('SELECT `uid`, `...', Array, false)
#4 /Users/mac/Desktop/Jobs/web/project/ey56_xu/system/Model.php(772): CodeIgniter\Database\BaseBuilder->get()
#5 /Users/mac/Desktop/Jobs/web/project/ey56_xu/app/Controllers/Api/Member.php(120): CodeIgniter\Model->__call('get', Array)
#6 /Users/mac/Desktop/Jobs/web/project/ey56_xu/system/CodeIgniter.php(907): App\Controllers\Api\Member->getProfile()
#7 /Users/mac/Desktop/Jobs/web/project/ey56_xu/system/CodeIgniter.php(457): CodeIgniter\CodeIgniter->runController(Object(App\Controllers\Api\Member))
#8 /Users/mac/Desktop/Jobs/web/project/ey56_xu/system/CodeIgniter.php(340): CodeIgniter\CodeIgniter->handleRequest(NULL, Object(Config\Cache), false)
#9 /Users/mac/Desktop/Jobs/web/project/ey56_xu/public/index.php(67): CodeIgniter\CodeIgniter->run()
#10 {main}
CRITICAL - 2022-12-09 07:49:11 --> Unknown column 'phone' in 'field list'
in SYSTEMPATH/Database/MySQLi/Connection.php on line 292.
 1 SYSTEMPATH/Database/MySQLi/Connection.php(292): mysqli->query('SELECT `uid`, `name`, `phone`, `avatar`, `sign`
FROM `member`
WHERE `uid` = \'60\'', 0)
 2 SYSTEMPATH/Database/BaseConnection.php(693): CodeIgniter\Database\MySQLi\Connection->execute('SELECT `uid`, `name`, `phone`, `avatar`, `sign`
FROM `member`
WHERE `uid` = \'60\'')
 3 SYSTEMPATH/Database/BaseConnection.php(620): CodeIgniter\Database\BaseConnection->simpleQuery('SELECT `uid`, `name`, `phone`, `avatar`, `sign`
FROM `member`
WHERE `uid` = \'60\'')
 4 SYSTEMPATH/Database/BaseBuilder.php(1585): CodeIgniter\Database\BaseConnection->query('SELECT `uid`, `name`, `phone`, `avatar`, `sign`
FROM `member`
WHERE `uid` = :uid:', [...], false)
 5 SYSTEMPATH/Model.php(772): CodeIgniter\Database\BaseBuilder->get()
 6 APPPATH/Controllers/Api/Member.php(120): CodeIgniter\Model->__call('get', [])
 7 SYSTEMPATH/CodeIgniter.php(907): App\Controllers\Api\Member->getProfile()
 8 SYSTEMPATH/CodeIgniter.php(457): CodeIgniter\CodeIgniter->runController(Object(App\Controllers\Api\Member))
 9 SYSTEMPATH/CodeIgniter.php(340): CodeIgniter\CodeIgniter->handleRequest(null, Object(Config\Cache), false)
10 FCPATH/index.php(67): CodeIgniter\CodeIgniter->run()
CRITICAL - 2022-12-09 08:09:59 --> Undefined index: password
in APPPATH/Controllers/Api/Member.php on line 38.
 1 APPPATH/Controllers/Api/Member.php(38): CodeIgniter\Debug\Exceptions->errorHandler(8, 'Undefined index: password', 'APPPATH/Controllers/Api/Member.php', 38, [...])
 2 APPPATH/Controllers/Api/Member.php(259): App\Controllers\Api\Member->setFilterData([...], 'login')
 3 SYSTEMPATH/CodeIgniter.php(907): App\Controllers\Api\Member->login()
 4 SYSTEMPATH/CodeIgniter.php(457): CodeIgniter\CodeIgniter->runController(Object(App\Controllers\Api\Member))
 5 SYSTEMPATH/CodeIgniter.php(340): CodeIgniter\CodeIgniter->handleRequest(null, Object(Config\Cache), false)
 6 FCPATH/index.php(67): CodeIgniter\CodeIgniter->run()
CRITICAL - 2022-12-09 08:10:00 --> Undefined index: password
in APPPATH/Controllers/Api/Member.php on line 38.
 1 APPPATH/Controllers/Api/Member.php(38): CodeIgniter\Debug\Exceptions->errorHandler(8, 'Undefined index: password', 'APPPATH/Controllers/Api/Member.php', 38, [...])
 2 APPPATH/Controllers/Api/Member.php(259): App\Controllers\Api\Member->setFilterData([...], 'login')
 3 SYSTEMPATH/CodeIgniter.php(907): App\Controllers\Api\Member->login()
 4 SYSTEMPATH/CodeIgniter.php(457): CodeIgniter\CodeIgniter->runController(Object(App\Controllers\Api\Member))
 5 SYSTEMPATH/CodeIgniter.php(340): CodeIgniter\CodeIgniter->handleRequest(null, Object(Config\Cache), false)
 6 FCPATH/index.php(67): CodeIgniter\CodeIgniter->run()
CRITICAL - 2022-12-09 08:10:54 --> Undefined index: password
in APPPATH/Controllers/Api/Member.php on line 38.
 1 APPPATH/Controllers/Api/Member.php(38): CodeIgniter\Debug\Exceptions->errorHandler(8, 'Undefined index: password', 'APPPATH/Controllers/Api/Member.php', 38, [...])
 2 APPPATH/Controllers/Api/Member.php(259): App\Controllers\Api\Member->setFilterData([...], 'login')
 3 SYSTEMPATH/CodeIgniter.php(907): App\Controllers\Api\Member->login()
 4 SYSTEMPATH/CodeIgniter.php(457): CodeIgniter\CodeIgniter->runController(Object(App\Controllers\Api\Member))
 5 SYSTEMPATH/CodeIgniter.php(340): CodeIgniter\CodeIgniter->handleRequest(null, Object(Config\Cache), false)
 6 FCPATH/index.php(67): CodeIgniter\CodeIgniter->run()
CRITICAL - 2022-12-09 08:10:55 --> Undefined index: password
in APPPATH/Controllers/Api/Member.php on line 38.
 1 APPPATH/Controllers/Api/Member.php(38): CodeIgniter\Debug\Exceptions->errorHandler(8, 'Undefined index: password', 'APPPATH/Controllers/Api/Member.php', 38, [...])
 2 APPPATH/Controllers/Api/Member.php(259): App\Controllers\Api\Member->setFilterData([...], 'login')
 3 SYSTEMPATH/CodeIgniter.php(907): App\Controllers\Api\Member->login()
 4 SYSTEMPATH/CodeIgniter.php(457): CodeIgniter\CodeIgniter->runController(Object(App\Controllers\Api\Member))
 5 SYSTEMPATH/CodeIgniter.php(340): CodeIgniter\CodeIgniter->handleRequest(null, Object(Config\Cache), false)
 6 FCPATH/index.php(67): CodeIgniter\CodeIgniter->run()
CRITICAL - 2022-12-09 08:10:59 --> Undefined index: password
in APPPATH/Controllers/Api/Member.php on line 38.
 1 APPPATH/Controllers/Api/Member.php(38): CodeIgniter\Debug\Exceptions->errorHandler(8, 'Undefined index: password', 'APPPATH/Controllers/Api/Member.php', 38, [...])
 2 APPPATH/Controllers/Api/Member.php(259): App\Controllers\Api\Member->setFilterData([...], 'login')
 3 SYSTEMPATH/CodeIgniter.php(907): App\Controllers\Api\Member->login()
 4 SYSTEMPATH/CodeIgniter.php(457): CodeIgniter\CodeIgniter->runController(Object(App\Controllers\Api\Member))
 5 SYSTEMPATH/CodeIgniter.php(340): CodeIgniter\CodeIgniter->handleRequest(null, Object(Config\Cache), false)
 6 FCPATH/index.php(67): CodeIgniter\CodeIgniter->run()
CRITICAL - 2022-12-09 08:11:00 --> Undefined index: password
in APPPATH/Controllers/Api/Member.php on line 38.
 1 APPPATH/Controllers/Api/Member.php(38): CodeIgniter\Debug\Exceptions->errorHandler(8, 'Undefined index: password', 'APPPATH/Controllers/Api/Member.php', 38, [...])
 2 APPPATH/Controllers/Api/Member.php(259): App\Controllers\Api\Member->setFilterData([...], 'login')
 3 SYSTEMPATH/CodeIgniter.php(907): App\Controllers\Api\Member->login()
 4 SYSTEMPATH/CodeIgniter.php(457): CodeIgniter\CodeIgniter->runController(Object(App\Controllers\Api\Member))
 5 SYSTEMPATH/CodeIgniter.php(340): CodeIgniter\CodeIgniter->handleRequest(null, Object(Config\Cache), false)
 6 FCPATH/index.php(67): CodeIgniter\CodeIgniter->run()
CRITICAL - 2022-12-09 08:11:03 --> Trying to access array offset on value of type null
in APPPATH/Controllers/Api/Member.php on line 322.
 1 APPPATH/Controllers/Api/Member.php(322): CodeIgniter\Debug\Exceptions->errorHandler(8, 'Trying to access array offset on value of type null', 'APPPATH/Controllers/Api/Member.php', 322, [...])
 2 SYSTEMPATH/CodeIgniter.php(907): App\Controllers\Api\Member->getinvited()
 3 SYSTEMPATH/CodeIgniter.php(457): CodeIgniter\CodeIgniter->runController(Object(App\Controllers\Api\Member))
 4 SYSTEMPATH/CodeIgniter.php(340): CodeIgniter\CodeIgniter->handleRequest(null, Object(Config\Cache), false)
 5 FCPATH/index.php(67): CodeIgniter\CodeIgniter->run()
CRITICAL - 2022-12-09 08:35:37 --> Undefined index: add
in APPPATH/Views/webadmin/comm/indextable.php on line 5.
 1 APPPATH/Views/webadmin/comm/indextable.php(5): CodeIgniter\Debug\Exceptions->errorHandler(8, 'Undefined index: add', 'APPPATH/Views/webadmin/comm/indextable.php', 5, [...])
 2 SYSTEMPATH/View/View.php(213): include('APPPATH/Views/webadmin/comm/indextable.php')
 3 SYSTEMPATH/View/View.php(216): CodeIgniter\View\View->CodeIgniter\View\{closure}()
 4 SYSTEMPATH/View/View.php(429): CodeIgniter\View\View->render('\\App\\Views\\webadmin\\comm\\indextable', null, true)
 5 APPPATH/Views/webadmin/sysuser/index.php(1): CodeIgniter\View\View->include('\\App\\Views\\webadmin\\comm\\indextable')
 6 SYSTEMPATH/View/View.php(213): include('APPPATH/Views/webadmin/sysuser/index.php')
 7 SYSTEMPATH/View/View.php(216): CodeIgniter\View\View->CodeIgniter\View\{closure}()
 8 SYSTEMPATH/Common.php(1142): CodeIgniter\View\View->render('webadmin/sysuser/index', [], true)
 9 APPPATH/Controllers/Webadmin/Sysuser.php(104): view('webadmin/sysuser/index', [...])
10 SYSTEMPATH/CodeIgniter.php(907): App\Controllers\Webadmin\Sysuser->index()
11 SYSTEMPATH/CodeIgniter.php(457): CodeIgniter\CodeIgniter->runController(Object(App\Controllers\Webadmin\Sysuser))
12 SYSTEMPATH/CodeIgniter.php(340): CodeIgniter\CodeIgniter->handleRequest(null, Object(Config\Cache), false)
13 FCPATH/index.php(67): CodeIgniter\CodeIgniter->run()
CRITICAL - 2022-12-09 08:35:38 --> Undefined index: add
in APPPATH/Views/webadmin/comm/indextable.php on line 5.
 1 APPPATH/Views/webadmin/comm/indextable.php(5): CodeIgniter\Debug\Exceptions->errorHandler(8, 'Undefined index: add', 'APPPATH/Views/webadmin/comm/indextable.php', 5, [...])
 2 SYSTEMPATH/View/View.php(213): include('APPPATH/Views/webadmin/comm/indextable.php')
 3 SYSTEMPATH/View/View.php(216): CodeIgniter\View\View->CodeIgniter\View\{closure}()
 4 SYSTEMPATH/View/View.php(429): CodeIgniter\View\View->render('\\App\\Views\\webadmin\\comm\\indextable', null, true)
 5 APPPATH/Views/webadmin/sysdict/index.php(1): CodeIgniter\View\View->include('\\App\\Views\\webadmin\\comm\\indextable')
 6 SYSTEMPATH/View/View.php(213): include('APPPATH/Views/webadmin/sysdict/index.php')
 7 SYSTEMPATH/View/View.php(216): CodeIgniter\View\View->CodeIgniter\View\{closure}()
 8 SYSTEMPATH/Common.php(1142): CodeIgniter\View\View->render('webadmin/sysdict/index', [], true)
 9 APPPATH/Controllers/Webadmin/Sysdict.php(25): view('webadmin/sysdict/index', [...])
10 SYSTEMPATH/CodeIgniter.php(907): App\Controllers\Webadmin\Sysdict->index()
11 SYSTEMPATH/CodeIgniter.php(457): CodeIgniter\CodeIgniter->runController(Object(App\Controllers\Webadmin\Sysdict))
12 SYSTEMPATH/CodeIgniter.php(340): CodeIgniter\CodeIgniter->handleRequest(null, Object(Config\Cache), false)
13 FCPATH/index.php(67): CodeIgniter\CodeIgniter->run()
CRITICAL - 2022-12-09 08:35:39 --> Undefined index: add
in APPPATH/Views/webadmin/comm/indextable.php on line 5.
 1 APPPATH/Views/webadmin/comm/indextable.php(5): CodeIgniter\Debug\Exceptions->errorHandler(8, 'Undefined index: add', 'APPPATH/Views/webadmin/comm/indextable.php', 5, [...])
 2 SYSTEMPATH/View/View.php(213): include('APPPATH/Views/webadmin/comm/indextable.php')
 3 SYSTEMPATH/View/View.php(216): CodeIgniter\View\View->CodeIgniter\View\{closure}()
 4 SYSTEMPATH/View/View.php(429): CodeIgniter\View\View->render('\\App\\Views\\webadmin\\comm\\indextable', null, true)
 5 APPPATH/Views/webadmin/sysrole/index.php(1): CodeIgniter\View\View->include('\\App\\Views\\webadmin\\comm\\indextable')
 6 SYSTEMPATH/View/View.php(213): include('APPPATH/Views/webadmin/sysrole/index.php')
 7 SYSTEMPATH/View/View.php(216): CodeIgniter\View\View->CodeIgniter\View\{closure}()
 8 SYSTEMPATH/Common.php(1142): CodeIgniter\View\View->render('webadmin/sysrole/index', [], true)
 9 APPPATH/Controllers/Webadmin/Sysrole.php(53): view('webadmin/sysrole/index', [...])
10 SYSTEMPATH/CodeIgniter.php(907): App\Controllers\Webadmin\Sysrole->index()
11 SYSTEMPATH/CodeIgniter.php(457): CodeIgniter\CodeIgniter->runController(Object(App\Controllers\Webadmin\Sysrole))
12 SYSTEMPATH/CodeIgniter.php(340): CodeIgniter\CodeIgniter->handleRequest(null, Object(Config\Cache), false)
13 FCPATH/index.php(67): CodeIgniter\CodeIgniter->run()
CRITICAL - 2022-12-09 08:35:52 --> Undefined index: add
in APPPATH/Views/webadmin/comm/indextable.php on line 5.
 1 APPPATH/Views/webadmin/comm/indextable.php(5): CodeIgniter\Debug\Exceptions->errorHandler(8, 'Undefined index: add', 'APPPATH/Views/webadmin/comm/indextable.php', 5, [...])
 2 SYSTEMPATH/View/View.php(213): include('APPPATH/Views/webadmin/comm/indextable.php')
 3 SYSTEMPATH/View/View.php(216): CodeIgniter\View\View->CodeIgniter\View\{closure}()
 4 SYSTEMPATH/View/View.php(429): CodeIgniter\View\View->render('\\App\\Views\\webadmin\\comm\\indextable', null, true)
 5 APPPATH/Views/webadmin/sysuser/index.php(1): CodeIgniter\View\View->include('\\App\\Views\\webadmin\\comm\\indextable')
 6 SYSTEMPATH/View/View.php(213): include('APPPATH/Views/webadmin/sysuser/index.php')
 7 SYSTEMPATH/View/View.php(216): CodeIgniter\View\View->CodeIgniter\View\{closure}()
 8 SYSTEMPATH/Common.php(1142): CodeIgniter\View\View->render('webadmin/sysuser/index', [], true)
 9 APPPATH/Controllers/Webadmin/Sysuser.php(104): view('webadmin/sysuser/index', [...])
10 SYSTEMPATH/CodeIgniter.php(907): App\Controllers\Webadmin\Sysuser->index()
11 SYSTEMPATH/CodeIgniter.php(457): CodeIgniter\CodeIgniter->runController(Object(App\Controllers\Webadmin\Sysuser))
12 SYSTEMPATH/CodeIgniter.php(340): CodeIgniter\CodeIgniter->handleRequest(null, Object(Config\Cache), false)
13 FCPATH/index.php(67): CodeIgniter\CodeIgniter->run()
CRITICAL - 2022-12-09 11:06:09 --> Call to undefined method App\Controllers\Api\Tools::sendsms()
in APPPATH/Controllers/Api/Tools.php on line 60.
 1 SYSTEMPATH/CodeIgniter.php(907): App\Controllers\Api\Tools->getPhoneCode()
 2 SYSTEMPATH/CodeIgniter.php(457): CodeIgniter\CodeIgniter->runController(Object(App\Controllers\Api\Tools))
 3 SYSTEMPATH/CodeIgniter.php(340): CodeIgniter\CodeIgniter->handleRequest(null, Object(Config\Cache), false)
 4 FCPATH/index.php(67): CodeIgniter\CodeIgniter->run()
CRITICAL - 2022-12-09 11:06:22 --> Call to undefined method App\Controllers\Api\Tools::juhecurl()
in APPPATH/Controllers/Api/Tools.php on line 27.
 1 APPPATH/Controllers/Api/Tools.php(60): App\Controllers\Api\Tools->sendsms(15057489802, [...])
 2 SYSTEMPATH/CodeIgniter.php(907): App\Controllers\Api\Tools->getPhoneCode()
 3 SYSTEMPATH/CodeIgniter.php(457): CodeIgniter\CodeIgniter->runController(Object(App\Controllers\Api\Tools))
 4 SYSTEMPATH/CodeIgniter.php(340): CodeIgniter\CodeIgniter->handleRequest(null, Object(Config\Cache), false)
 5 FCPATH/index.php(67): CodeIgniter\CodeIgniter->run()
CRITICAL - 2022-12-09 13:19:49 --> Cannot redeclare App\Controllers\Api\Member::test()
in APPPATH/Controllers/Api/Member.php on line 394.
 1 [internal function]: CodeIgniter\Debug\Exceptions->shutdownHandler()
CRITICAL - 2022-12-09 13:20:18 --> Undefined variable: session
in APPPATH/Controllers/Api/Member.php on line 129.
 1 APPPATH/Controllers/Api/Member.php(129): CodeIgniter\Debug\Exceptions->errorHandler(8, 'Undefined variable: session', 'APPPATH/Controllers/Api/Member.php', 129, [])
 2 SYSTEMPATH/CodeIgniter.php(907): App\Controllers\Api\Member->test()
 3 SYSTEMPATH/CodeIgniter.php(457): CodeIgniter\CodeIgniter->runController(Object(App\Controllers\Api\Member))
 4 SYSTEMPATH/CodeIgniter.php(340): CodeIgniter\CodeIgniter->handleRequest(null, Object(Config\Cache), false)
 5 FCPATH/index.php(67): CodeIgniter\CodeIgniter->run()
CRITICAL - 2022-12-09 13:22:44 --> Undefined variable: phone
in APPPATH/Controllers/Api/Tools.php on line 104.
 1 APPPATH/Controllers/Api/Tools.php(104): CodeIgniter\Debug\Exceptions->errorHandler(8, 'Undefined variable: phone', 'APPPATH/Controllers/Api/Tools.php', 104, [...])
 2 SYSTEMPATH/CodeIgniter.php(907): App\Controllers\Api\Tools->getPhoneCode()
 3 SYSTEMPATH/CodeIgniter.php(457): CodeIgniter\CodeIgniter->runController(Object(App\Controllers\Api\Tools))
 4 SYSTEMPATH/CodeIgniter.php(340): CodeIgniter\CodeIgniter->handleRequest(null, Object(Config\Cache), false)
 5 FCPATH/index.php(67): CodeIgniter\CodeIgniter->run()
CRITICAL - 2022-12-09 13:23:28 --> Undefined variable: phone
in APPPATH/Controllers/Api/Tools.php on line 104.
 1 APPPATH/Controllers/Api/Tools.php(104): CodeIgniter\Debug\Exceptions->errorHandler(8, 'Undefined variable: phone', 'APPPATH/Controllers/Api/Tools.php', 104, [...])
 2 SYSTEMPATH/CodeIgniter.php(907): App\Controllers\Api\Tools->getPhoneCode()
 3 SYSTEMPATH/CodeIgniter.php(457): CodeIgniter\CodeIgniter->runController(Object(App\Controllers\Api\Tools))
 4 SYSTEMPATH/CodeIgniter.php(340): CodeIgniter\CodeIgniter->handleRequest(null, Object(Config\Cache), false)
 5 FCPATH/index.php(67): CodeIgniter\CodeIgniter->run()
CRITICAL - 2022-12-09 13:31:48 --> Undefined variable: session
in APPPATH/Controllers/Api/Member.php on line 140.
 1 APPPATH/Controllers/Api/Member.php(140): CodeIgniter\Debug\Exceptions->errorHandler(8, 'Undefined variable: session', 'APPPATH/Controllers/Api/Member.php', 140, [...])
 2 SYSTEMPATH/CodeIgniter.php(907): App\Controllers\Api\Member->setPwdByPhone()
 3 SYSTEMPATH/CodeIgniter.php(457): CodeIgniter\CodeIgniter->runController(Object(App\Controllers\Api\Member))
 4 SYSTEMPATH/CodeIgniter.php(340): CodeIgniter\CodeIgniter->handleRequest(null, Object(Config\Cache), false)
 5 FCPATH/index.php(67): CodeIgniter\CodeIgniter->run()
CRITICAL - 2022-12-09 15:03:13 --> syntax error, unexpected '{'
in APPPATH/Controllers/ApiController.php on line 63.
 1 SYSTEMPATH/Autoloader/Autoloader.php(259): CodeIgniter\Autoloader\Autoloader->includeFile('APPPATH/Controllers/ApiController.php')
 2 SYSTEMPATH/Autoloader/Autoloader.php(237): CodeIgniter\Autoloader\Autoloader->loadInNamespace('App\\Controllers\\ApiController')
 3 [internal function]: CodeIgniter\Autoloader\Autoloader->loadClass('App\\Controllers\\ApiController')
 4 APPPATH/Controllers/Api/Member.php(6): spl_autoload_call('App\\Controllers\\ApiController')
 5 SYSTEMPATH/Router/AutoRouter.php(147): include_once('APPPATH/Controllers/Api/Member.php')
 6 SYSTEMPATH/Router/Router.php(499): CodeIgniter\Router\AutoRouter->getRoute('api/member/getinvited')
 7 SYSTEMPATH/Router/Router.php(205): CodeIgniter\Router\Router->autoRoute('api/member/getinvited')
 8 SYSTEMPATH/CodeIgniter.php(782): CodeIgniter\Router\Router->handle('api/member/getinvited')
 9 SYSTEMPATH/CodeIgniter.php(406): CodeIgniter\CodeIgniter->tryToRouteIt(Object(CodeIgniter\Router\RouteCollection))
10 SYSTEMPATH/CodeIgniter.php(340): CodeIgniter\CodeIgniter->handleRequest(null, Object(Config\Cache), false)
11 FCPATH/index.php(67): CodeIgniter\CodeIgniter->run()
CRITICAL - 2022-12-09 15:03:15 --> syntax error, unexpected '{'
in APPPATH/Controllers/ApiController.php on line 63.
 1 SYSTEMPATH/Autoloader/Autoloader.php(259): CodeIgniter\Autoloader\Autoloader->includeFile('APPPATH/Controllers/ApiController.php')
 2 SYSTEMPATH/Autoloader/Autoloader.php(237): CodeIgniter\Autoloader\Autoloader->loadInNamespace('App\\Controllers\\ApiController')
 3 [internal function]: CodeIgniter\Autoloader\Autoloader->loadClass('App\\Controllers\\ApiController')
 4 APPPATH/Controllers/Api/Message.php(6): spl_autoload_call('App\\Controllers\\ApiController')
 5 SYSTEMPATH/Router/AutoRouter.php(147): include_once('APPPATH/Controllers/Api/Message.php')
 6 SYSTEMPATH/Router/Router.php(499): CodeIgniter\Router\AutoRouter->getRoute('api/message/getnew')
 7 SYSTEMPATH/Router/Router.php(205): CodeIgniter\Router\Router->autoRoute('api/message/getnew')
 8 SYSTEMPATH/CodeIgniter.php(782): CodeIgniter\Router\Router->handle('api/message/getnew')
 9 SYSTEMPATH/CodeIgniter.php(406): CodeIgniter\CodeIgniter->tryToRouteIt(Object(CodeIgniter\Router\RouteCollection))
10 SYSTEMPATH/CodeIgniter.php(340): CodeIgniter\CodeIgniter->handleRequest(null, Object(Config\Cache), false)
11 FCPATH/index.php(67): CodeIgniter\CodeIgniter->run()
CRITICAL - 2022-12-09 15:03:17 --> syntax error, unexpected '{'
in APPPATH/Controllers/ApiController.php on line 63.
 1 SYSTEMPATH/Autoloader/Autoloader.php(259): CodeIgniter\Autoloader\Autoloader->includeFile('APPPATH/Controllers/ApiController.php')
 2 SYSTEMPATH/Autoloader/Autoloader.php(237): CodeIgniter\Autoloader\Autoloader->loadInNamespace('App\\Controllers\\ApiController')
 3 [internal function]: CodeIgniter\Autoloader\Autoloader->loadClass('App\\Controllers\\ApiController')
 4 APPPATH/Controllers/Api/Member.php(6): spl_autoload_call('App\\Controllers\\ApiController')
 5 SYSTEMPATH/Router/AutoRouter.php(147): include_once('APPPATH/Controllers/Api/Member.php')
 6 SYSTEMPATH/Router/Router.php(499): CodeIgniter\Router\AutoRouter->getRoute('api/member/getinvited')
 7 SYSTEMPATH/Router/Router.php(205): CodeIgniter\Router\Router->autoRoute('api/member/getinvited')
 8 SYSTEMPATH/CodeIgniter.php(782): CodeIgniter\Router\Router->handle('api/member/getinvited')
 9 SYSTEMPATH/CodeIgniter.php(406): CodeIgniter\CodeIgniter->tryToRouteIt(Object(CodeIgniter\Router\RouteCollection))
10 SYSTEMPATH/CodeIgniter.php(340): CodeIgniter\CodeIgniter->handleRequest(null, Object(Config\Cache), false)
11 FCPATH/index.php(67): CodeIgniter\CodeIgniter->run()
CRITICAL - 2022-12-09 15:03:18 --> syntax error, unexpected '{'
in APPPATH/Controllers/ApiController.php on line 63.
 1 SYSTEMPATH/Autoloader/Autoloader.php(259): CodeIgniter\Autoloader\Autoloader->includeFile('APPPATH/Controllers/ApiController.php')
 2 SYSTEMPATH/Autoloader/Autoloader.php(237): CodeIgniter\Autoloader\Autoloader->loadInNamespace('App\\Controllers\\ApiController')
 3 [internal function]: CodeIgniter\Autoloader\Autoloader->loadClass('App\\Controllers\\ApiController')
 4 APPPATH/Controllers/Api/Message.php(6): spl_autoload_call('App\\Controllers\\ApiController')
 5 SYSTEMPATH/Router/AutoRouter.php(147): include_once('APPPATH/Controllers/Api/Message.php')
 6 SYSTEMPATH/Router/Router.php(499): CodeIgniter\Router\AutoRouter->getRoute('api/message/getnew')
 7 SYSTEMPATH/Router/Router.php(205): CodeIgniter\Router\Router->autoRoute('api/message/getnew')
 8 SYSTEMPATH/CodeIgniter.php(782): CodeIgniter\Router\Router->handle('api/message/getnew')
 9 SYSTEMPATH/CodeIgniter.php(406): CodeIgniter\CodeIgniter->tryToRouteIt(Object(CodeIgniter\Router\RouteCollection))
10 SYSTEMPATH/CodeIgniter.php(340): CodeIgniter\CodeIgniter->handleRequest(null, Object(Config\Cache), false)
11 FCPATH/index.php(67): CodeIgniter\CodeIgniter->run()
CRITICAL - 2022-12-09 15:03:25 --> syntax error, unexpected '{'
in APPPATH/Controllers/ApiController.php on line 63.
 1 SYSTEMPATH/Autoloader/Autoloader.php(259): CodeIgniter\Autoloader\Autoloader->includeFile('APPPATH/Controllers/ApiController.php')
 2 SYSTEMPATH/Autoloader/Autoloader.php(237): CodeIgniter\Autoloader\Autoloader->loadInNamespace('App\\Controllers\\ApiController')
 3 [internal function]: CodeIgniter\Autoloader\Autoloader->loadClass('App\\Controllers\\ApiController')
 4 APPPATH/Controllers/Api/Home.php(6): spl_autoload_call('App\\Controllers\\ApiController')
 5 SYSTEMPATH/Router/AutoRouter.php(147): include_once('APPPATH/Controllers/Api/Home.php')
 6 SYSTEMPATH/Router/Router.php(499): CodeIgniter\Router\AutoRouter->getRoute('api/home/getSections')
 7 SYSTEMPATH/Router/Router.php(205): CodeIgniter\Router\Router->autoRoute('api/home/getSections')
 8 SYSTEMPATH/CodeIgniter.php(782): CodeIgniter\Router\Router->handle('api/home/getSections')
 9 SYSTEMPATH/CodeIgniter.php(406): CodeIgniter\CodeIgniter->tryToRouteIt(Object(CodeIgniter\Router\RouteCollection))
10 SYSTEMPATH/CodeIgniter.php(340): CodeIgniter\CodeIgniter->handleRequest(null, Object(Config\Cache), false)
11 FCPATH/index.php(67): CodeIgniter\CodeIgniter->run()
CRITICAL - 2022-12-09 15:03:46 --> syntax error, unexpected '{'
in APPPATH/Controllers/ApiController.php on line 63.
 1 SYSTEMPATH/Autoloader/Autoloader.php(259): CodeIgniter\Autoloader\Autoloader->includeFile('APPPATH/Controllers/ApiController.php')
 2 SYSTEMPATH/Autoloader/Autoloader.php(237): CodeIgniter\Autoloader\Autoloader->loadInNamespace('App\\Controllers\\ApiController')
 3 [internal function]: CodeIgniter\Autoloader\Autoloader->loadClass('App\\Controllers\\ApiController')
 4 APPPATH/Controllers/Api/Home.php(6): spl_autoload_call('App\\Controllers\\ApiController')
 5 SYSTEMPATH/Router/AutoRouter.php(147): include_once('APPPATH/Controllers/Api/Home.php')
 6 SYSTEMPATH/Router/Router.php(499): CodeIgniter\Router\AutoRouter->getRoute('api/home/getSections')
 7 SYSTEMPATH/Router/Router.php(205): CodeIgniter\Router\Router->autoRoute('api/home/getSections')
 8 SYSTEMPATH/CodeIgniter.php(782): CodeIgniter\Router\Router->handle('api/home/getSections')
 9 SYSTEMPATH/CodeIgniter.php(406): CodeIgniter\CodeIgniter->tryToRouteIt(Object(CodeIgniter\Router\RouteCollection))
10 SYSTEMPATH/CodeIgniter.php(340): CodeIgniter\CodeIgniter->handleRequest(null, Object(Config\Cache), false)
11 FCPATH/index.php(67): CodeIgniter\CodeIgniter->run()
CRITICAL - 2022-12-09 15:04:12 --> syntax error, unexpected '{'
in APPPATH/Controllers/ApiController.php on line 63.
 1 SYSTEMPATH/Autoloader/Autoloader.php(259): CodeIgniter\Autoloader\Autoloader->includeFile('APPPATH/Controllers/ApiController.php')
 2 SYSTEMPATH/Autoloader/Autoloader.php(237): CodeIgniter\Autoloader\Autoloader->loadInNamespace('App\\Controllers\\ApiController')
 3 [internal function]: CodeIgniter\Autoloader\Autoloader->loadClass('App\\Controllers\\ApiController')
 4 APPPATH/Controllers/Api/Home.php(6): spl_autoload_call('App\\Controllers\\ApiController')
 5 SYSTEMPATH/Router/AutoRouter.php(147): include_once('APPPATH/Controllers/Api/Home.php')
 6 SYSTEMPATH/Router/Router.php(499): CodeIgniter\Router\AutoRouter->getRoute('api/home/getSections')
 7 SYSTEMPATH/Router/Router.php(205): CodeIgniter\Router\Router->autoRoute('api/home/getSections')
 8 SYSTEMPATH/CodeIgniter.php(782): CodeIgniter\Router\Router->handle('api/home/getSections')
 9 SYSTEMPATH/CodeIgniter.php(406): CodeIgniter\CodeIgniter->tryToRouteIt(Object(CodeIgniter\Router\RouteCollection))
10 SYSTEMPATH/CodeIgniter.php(340): CodeIgniter\CodeIgniter->handleRequest(null, Object(Config\Cache), false)
11 FCPATH/index.php(67): CodeIgniter\CodeIgniter->run()
CRITICAL - 2022-12-09 15:04:43 --> syntax error, unexpected '{'
in APPPATH/Controllers/ApiController.php on line 63.
 1 SYSTEMPATH/Autoloader/Autoloader.php(259): CodeIgniter\Autoloader\Autoloader->includeFile('APPPATH/Controllers/ApiController.php')
 2 SYSTEMPATH/Autoloader/Autoloader.php(237): CodeIgniter\Autoloader\Autoloader->loadInNamespace('App\\Controllers\\ApiController')
 3 [internal function]: CodeIgniter\Autoloader\Autoloader->loadClass('App\\Controllers\\ApiController')
 4 APPPATH/Controllers/Api/Home.php(6): spl_autoload_call('App\\Controllers\\ApiController')
 5 SYSTEMPATH/Router/AutoRouter.php(147): include_once('APPPATH/Controllers/Api/Home.php')
 6 SYSTEMPATH/Router/Router.php(499): CodeIgniter\Router\AutoRouter->getRoute('api/home/getSections')
 7 SYSTEMPATH/Router/Router.php(205): CodeIgniter\Router\Router->autoRoute('api/home/getSections')
 8 SYSTEMPATH/CodeIgniter.php(782): CodeIgniter\Router\Router->handle('api/home/getSections')
 9 SYSTEMPATH/CodeIgniter.php(406): CodeIgniter\CodeIgniter->tryToRouteIt(Object(CodeIgniter\Router\RouteCollection))
10 SYSTEMPATH/CodeIgniter.php(340): CodeIgniter\CodeIgniter->handleRequest(null, Object(Config\Cache), false)
11 FCPATH/index.php(67): CodeIgniter\CodeIgniter->run()
CRITICAL - 2022-12-09 15:04:48 --> syntax error, unexpected '{'
in APPPATH/Controllers/ApiController.php on line 63.
 1 SYSTEMPATH/Autoloader/Autoloader.php(259): CodeIgniter\Autoloader\Autoloader->includeFile('APPPATH/Controllers/ApiController.php')
 2 SYSTEMPATH/Autoloader/Autoloader.php(237): CodeIgniter\Autoloader\Autoloader->loadInNamespace('App\\Controllers\\ApiController')
 3 [internal function]: CodeIgniter\Autoloader\Autoloader->loadClass('App\\Controllers\\ApiController')
 4 APPPATH/Controllers/Api/Vote.php(7): spl_autoload_call('App\\Controllers\\ApiController')
 5 SYSTEMPATH/Router/AutoRouter.php(147): include_once('APPPATH/Controllers/Api/Vote.php')
 6 SYSTEMPATH/Router/Router.php(499): CodeIgniter\Router\AutoRouter->getRoute('api/vote/getData')
 7 SYSTEMPATH/Router/Router.php(205): CodeIgniter\Router\Router->autoRoute('api/vote/getData')
 8 SYSTEMPATH/CodeIgniter.php(782): CodeIgniter\Router\Router->handle('api/vote/getData')
 9 SYSTEMPATH/CodeIgniter.php(406): CodeIgniter\CodeIgniter->tryToRouteIt(Object(CodeIgniter\Router\RouteCollection))
10 SYSTEMPATH/CodeIgniter.php(340): CodeIgniter\CodeIgniter->handleRequest(null, Object(Config\Cache), false)
11 FCPATH/index.php(67): CodeIgniter\CodeIgniter->run()
CRITICAL - 2022-12-09 15:05:12 --> syntax error, unexpected '{'
in APPPATH/Controllers/ApiController.php on line 63.
 1 SYSTEMPATH/Autoloader/Autoloader.php(259): CodeIgniter\Autoloader\Autoloader->includeFile('APPPATH/Controllers/ApiController.php')
 2 SYSTEMPATH/Autoloader/Autoloader.php(237): CodeIgniter\Autoloader\Autoloader->loadInNamespace('App\\Controllers\\ApiController')
 3 [internal function]: CodeIgniter\Autoloader\Autoloader->loadClass('App\\Controllers\\ApiController')
 4 APPPATH/Controllers/Api/Home.php(6): spl_autoload_call('App\\Controllers\\ApiController')
 5 SYSTEMPATH/Router/AutoRouter.php(147): include_once('APPPATH/Controllers/Api/Home.php')
 6 SYSTEMPATH/Router/Router.php(499): CodeIgniter\Router\AutoRouter->getRoute('api/home/getSections')
 7 SYSTEMPATH/Router/Router.php(205): CodeIgniter\Router\Router->autoRoute('api/home/getSections')
 8 SYSTEMPATH/CodeIgniter.php(782): CodeIgniter\Router\Router->handle('api/home/getSections')
 9 SYSTEMPATH/CodeIgniter.php(406): CodeIgniter\CodeIgniter->tryToRouteIt(Object(CodeIgniter\Router\RouteCollection))
10 SYSTEMPATH/CodeIgniter.php(340): CodeIgniter\CodeIgniter->handleRequest(null, Object(Config\Cache), false)
11 FCPATH/index.php(67): CodeIgniter\CodeIgniter->run()
CRITICAL - 2022-12-09 15:05:55 --> Undefined index: HTTP_ACCESS_TAG
in APPPATH/Controllers/ApiController.php on line 65.
 1 APPPATH/Controllers/ApiController.php(65): CodeIgniter\Debug\Exceptions->errorHandler(8, 'Undefined index: HTTP_ACCESS_TAG', 'APPPATH/Controllers/ApiController.php', 65, [...])
 2 SYSTEMPATH/CodeIgniter.php(870): App\Controllers\ApiController->initController(Object(CodeIgniter\HTTP\IncomingRequest), Object(CodeIgniter\HTTP\Response), Object(CodeIgniter\Log\Logger))
 3 SYSTEMPATH/CodeIgniter.php(448): CodeIgniter\CodeIgniter->createController()
 4 SYSTEMPATH/CodeIgniter.php(340): CodeIgniter\CodeIgniter->handleRequest(null, Object(Config\Cache), false)
 5 FCPATH/index.php(67): CodeIgniter\CodeIgniter->run()
CRITICAL - 2022-12-09 15:05:55 --> 22 : The requested URL returned error: 500 Internal Server Error
in SYSTEMPATH/HTTP/CURLRequest.php on line 655.
 1 SYSTEMPATH/HTTP/CURLRequest.php(655): CodeIgniter\HTTP\Exceptions\HTTPException::forCurlError('22', 'The requested URL returned error: 500 Internal Server Error')
 2 SYSTEMPATH/HTTP/CURLRequest.php(363): CodeIgniter\HTTP\CURLRequest->sendRequest([...])
 3 SYSTEMPATH/HTTP/CURLRequest.php(136): CodeIgniter\HTTP\CURLRequest->send('POST', 'http://192.168.1.5:8888/api/paimai/getData')
 4 APPPATH/Controllers/Api/Home.php(54): CodeIgniter\HTTP\CURLRequest->request('POST', 'http://192.168.1.5:8888/api/paimai/getData', [...])
 5 SYSTEMPATH/CodeIgniter.php(907): App\Controllers\Api\Home->getSections()
 6 SYSTEMPATH/CodeIgniter.php(457): CodeIgniter\CodeIgniter->runController(Object(App\Controllers\Api\Home))
 7 SYSTEMPATH/CodeIgniter.php(340): CodeIgniter\CodeIgniter->handleRequest(null, Object(Config\Cache), false)
 8 FCPATH/index.php(67): CodeIgniter\CodeIgniter->run()
CRITICAL - 2022-12-09 15:06:27 --> Undefined index: HTTP_ACCESS_TAG
in APPPATH/Controllers/ApiController.php on line 65.
 1 APPPATH/Controllers/ApiController.php(65): CodeIgniter\Debug\Exceptions->errorHandler(8, 'Undefined index: HTTP_ACCESS_TAG', 'APPPATH/Controllers/ApiController.php', 65, [...])
 2 SYSTEMPATH/CodeIgniter.php(870): App\Controllers\ApiController->initController(Object(CodeIgniter\HTTP\IncomingRequest), Object(CodeIgniter\HTTP\Response), Object(CodeIgniter\Log\Logger))
 3 SYSTEMPATH/CodeIgniter.php(448): CodeIgniter\CodeIgniter->createController()
 4 SYSTEMPATH/CodeIgniter.php(340): CodeIgniter\CodeIgniter->handleRequest(null, Object(Config\Cache), false)
 5 FCPATH/index.php(67): CodeIgniter\CodeIgniter->run()
CRITICAL - 2022-12-09 15:06:27 --> 22 : The requested URL returned error: 500 Internal Server Error
in SYSTEMPATH/HTTP/CURLRequest.php on line 655.
 1 SYSTEMPATH/HTTP/CURLRequest.php(655): CodeIgniter\HTTP\Exceptions\HTTPException::forCurlError('22', 'The requested URL returned error: 500 Internal Server Error')
 2 SYSTEMPATH/HTTP/CURLRequest.php(363): CodeIgniter\HTTP\CURLRequest->sendRequest([...])
 3 SYSTEMPATH/HTTP/CURLRequest.php(136): CodeIgniter\HTTP\CURLRequest->send('POST', 'http://192.168.1.5:8888/api/paimai/getData')
 4 APPPATH/Controllers/Api/Home.php(54): CodeIgniter\HTTP\CURLRequest->request('POST', 'http://192.168.1.5:8888/api/paimai/getData', [...])
 5 SYSTEMPATH/CodeIgniter.php(907): App\Controllers\Api\Home->getSections()
 6 SYSTEMPATH/CodeIgniter.php(457): CodeIgniter\CodeIgniter->runController(Object(App\Controllers\Api\Home))
 7 SYSTEMPATH/CodeIgniter.php(340): CodeIgniter\CodeIgniter->handleRequest(null, Object(Config\Cache), false)
 8 FCPATH/index.php(67): CodeIgniter\CodeIgniter->run()
CRITICAL - 2022-12-09 15:08:50 --> Undefined variable: request
in APPPATH/Controllers/Api/Tools.php on line 105.
 1 APPPATH/Controllers/Api/Tools.php(105): CodeIgniter\Debug\Exceptions->errorHandler(8, 'Undefined variable: request', 'APPPATH/Controllers/Api/Tools.php', 105, [...])
 2 SYSTEMPATH/CodeIgniter.php(907): App\Controllers\Api\Tools->getPhoneCode()
 3 SYSTEMPATH/CodeIgniter.php(457): CodeIgniter\CodeIgniter->runController(Object(App\Controllers\Api\Tools))
 4 SYSTEMPATH/CodeIgniter.php(340): CodeIgniter\CodeIgniter->handleRequest(null, Object(Config\Cache), false)
 5 FCPATH/index.php(67): CodeIgniter\CodeIgniter->run()
CRITICAL - 2022-12-09 15:09:32 --> Undefined variable: request
in APPPATH/Controllers/Api/Tools.php on line 105.
 1 APPPATH/Controllers/Api/Tools.php(105): CodeIgniter\Debug\Exceptions->errorHandler(8, 'Undefined variable: request', 'APPPATH/Controllers/Api/Tools.php', 105, [...])
 2 SYSTEMPATH/CodeIgniter.php(907): App\Controllers\Api\Tools->getPhoneCode()
 3 SYSTEMPATH/CodeIgniter.php(457): CodeIgniter\CodeIgniter->runController(Object(App\Controllers\Api\Tools))
 4 SYSTEMPATH/CodeIgniter.php(340): CodeIgniter\CodeIgniter->handleRequest(null, Object(Config\Cache), false)
 5 FCPATH/index.php(67): CodeIgniter\CodeIgniter->run()
CRITICAL - 2022-12-09 17:05:05 --> Class 'App\Controllers\Api\Time' not found
in APPPATH/Controllers/Api/Member.php on line 128.
 1 SYSTEMPATH/CodeIgniter.php(907): App\Controllers\Api\Member->test()
 2 SYSTEMPATH/CodeIgniter.php(457): CodeIgniter\CodeIgniter->runController(Object(App\Controllers\Api\Member))
 3 SYSTEMPATH/CodeIgniter.php(340): CodeIgniter\CodeIgniter->handleRequest(null, Object(Config\Cache), false)
 4 FCPATH/index.php(67): CodeIgniter\CodeIgniter->run()
CRITICAL - 2022-12-09 17:05:36 --> Class 'App\Controllers\Api\DateTime' not found
in APPPATH/Controllers/Api/Member.php on line 129.
 1 SYSTEMPATH/CodeIgniter.php(907): App\Controllers\Api\Member->test()
 2 SYSTEMPATH/CodeIgniter.php(457): CodeIgniter\CodeIgniter->runController(Object(App\Controllers\Api\Member))
 3 SYSTEMPATH/CodeIgniter.php(340): CodeIgniter\CodeIgniter->handleRequest(null, Object(Config\Cache), false)
 4 FCPATH/index.php(67): CodeIgniter\CodeIgniter->run()
CRITICAL - 2022-12-09 17:05:37 --> Class 'App\Controllers\Api\DateTime' not found
in APPPATH/Controllers/Api/Member.php on line 129.
 1 SYSTEMPATH/CodeIgniter.php(907): App\Controllers\Api\Member->test()
 2 SYSTEMPATH/CodeIgniter.php(457): CodeIgniter\CodeIgniter->runController(Object(App\Controllers\Api\Member))
 3 SYSTEMPATH/CodeIgniter.php(340): CodeIgniter\CodeIgniter->handleRequest(null, Object(Config\Cache), false)
 4 FCPATH/index.php(67): CodeIgniter\CodeIgniter->run()
CRITICAL - 2022-12-09 19:09:20 --> Class 'App\Controllers\Api\DateTime' not found
in APPPATH/Controllers/Api/Member.php on line 129.
 1 SYSTEMPATH/CodeIgniter.php(907): App\Controllers\Api\Member->test()
 2 SYSTEMPATH/CodeIgniter.php(457): CodeIgniter\CodeIgniter->runController(Object(App\Controllers\Api\Member))
 3 SYSTEMPATH/CodeIgniter.php(340): CodeIgniter\CodeIgniter->handleRequest(null, Object(Config\Cache), false)
 4 FCPATH/index.php(67): CodeIgniter\CodeIgniter->run()
CRITICAL - 2022-12-09 19:09:57 --> syntax error, unexpected 'use' (T_USE)
in APPPATH/Controllers/Api/Member.php on line 128.
 1 SYSTEMPATH/Router/Router.php(499): CodeIgniter\Router\AutoRouter->getRoute('api/member/test')
 2 SYSTEMPATH/Router/Router.php(205): CodeIgniter\Router\Router->autoRoute('api/member/test')
 3 SYSTEMPATH/CodeIgniter.php(782): CodeIgniter\Router\Router->handle('api/member/test')
 4 SYSTEMPATH/CodeIgniter.php(406): CodeIgniter\CodeIgniter->tryToRouteIt(Object(CodeIgniter\Router\RouteCollection))
 5 SYSTEMPATH/CodeIgniter.php(340): CodeIgniter\CodeIgniter->handleRequest(null, Object(Config\Cache), false)
 6 FCPATH/index.php(67): CodeIgniter\CodeIgniter->run()
ERROR - 2022-12-09 19:14:52 --> mysqli_sql_exception: You have an error in your SQL syntax; check the manual that corresponds to your MySQL server version for the right syntax to use near '19:13:52' at line 4 in /Users/mac/Desktop/Jobs/web/project/ey56_xu/system/Database/MySQLi/Connection.php:292
Stack trace:
#0 /Users/mac/Desktop/Jobs/web/project/ey56_xu/system/Database/MySQLi/Connection.php(292): mysqli->query('SELECT *\nFROM `...', 0)
#1 /Users/mac/Desktop/Jobs/web/project/ey56_xu/system/Database/BaseConnection.php(693): CodeIgniter\Database\MySQLi\Connection->execute('SELECT *\nFROM `...')
#2 /Users/mac/Desktop/Jobs/web/project/ey56_xu/system/Database/BaseConnection.php(620): CodeIgniter\Database\BaseConnection->simpleQuery('SELECT *\nFROM `...')
#3 /Users/mac/Desktop/Jobs/web/project/ey56_xu/system/Database/BaseBuilder.php(1585): CodeIgniter\Database\BaseConnection->query('SELECT *\nFROM `...', Array, false)
#4 /Users/mac/Desktop/Jobs/web/project/ey56_xu/system/Model.php(772): CodeIgniter\Database\BaseBuilder->get()
#5 /Users/mac/Desktop/Jobs/web/project/ey56_xu/app/Controllers/Api/Member.php(158): CodeIgniter\Model->__call('get', Array)
#6 /Users/mac/Desktop/Jobs/web/project/ey56_xu/system/CodeIgniter.php(907): App\Controllers\Api\Member->setPwdByPhone()
#7 /Users/mac/Desktop/Jobs/web/project/ey56_xu/system/CodeIgniter.php(457): CodeIgniter\CodeIgniter->runController(Object(App\Controllers\Api\Member))
#8 /Users/mac/Desktop/Jobs/web/project/ey56_xu/system/CodeIgniter.php(340): CodeIgniter\CodeIgniter->handleRequest(NULL, Object(Config\Cache), false)
#9 /Users/mac/Desktop/Jobs/web/project/ey56_xu/public/index.php(67): CodeIgniter\CodeIgniter->run()
#10 {main}
CRITICAL - 2022-12-09 19:14:52 --> You have an error in your SQL syntax; check the manual that corresponds to your MySQL server version for the right syntax to use near '19:13:52' at line 4
in SYSTEMPATH/Database/MySQLi/Connection.php on line 292.
 1 SYSTEMPATH/Database/MySQLi/Connection.php(292): mysqli->query('SELECT *
FROM `custom_smslog`
WHERE `deviceid` = \'16705447746998669858\'
AND `created_at` > 2022-12-09 19:13:52', 0)
 2 SYSTEMPATH/Database/BaseConnection.php(693): CodeIgniter\Database\MySQLi\Connection->execute('SELECT *
FROM `custom_smslog`
WHERE `deviceid` = \'16705447746998669858\'
AND `created_at` > 2022-12-09 19:13:52')
 3 SYSTEMPATH/Database/BaseConnection.php(620): CodeIgniter\Database\BaseConnection->simpleQuery('SELECT *
FROM `custom_smslog`
WHERE `deviceid` = \'16705447746998669858\'
AND `created_at` > 2022-12-09 19:13:52')
 4 SYSTEMPATH/Database/BaseBuilder.php(1585): CodeIgniter\Database\BaseConnection->query('SELECT *
FROM `custom_smslog`
WHERE `deviceid` = :deviceid:
AND `created_at` > 2022-12-09 19:13:52', [...], false)
 5 SYSTEMPATH/Model.php(772): CodeIgniter\Database\BaseBuilder->get()
 6 APPPATH/Controllers/Api/Member.php(158): CodeIgniter\Model->__call('get', [])
 7 SYSTEMPATH/CodeIgniter.php(907): App\Controllers\Api\Member->setPwdByPhone()
 8 SYSTEMPATH/CodeIgniter.php(457): CodeIgniter\CodeIgniter->runController(Object(App\Controllers\Api\Member))
 9 SYSTEMPATH/CodeIgniter.php(340): CodeIgniter\CodeIgniter->handleRequest(null, Object(Config\Cache), false)
10 FCPATH/index.php(67): CodeIgniter\CodeIgniter->run()
ERROR - 2022-12-09 19:16:08 --> mysqli_sql_exception: Unknown column '2022-12-09 19:15:08' in 'where clause' in /Users/mac/Desktop/Jobs/web/project/ey56_xu/system/Database/MySQLi/Connection.php:292
Stack trace:
#0 /Users/mac/Desktop/Jobs/web/project/ey56_xu/system/Database/MySQLi/Connection.php(292): mysqli->query('SELECT *\nFROM `...', 0)
#1 /Users/mac/Desktop/Jobs/web/project/ey56_xu/system/Database/BaseConnection.php(693): CodeIgniter\Database\MySQLi\Connection->execute('SELECT *\nFROM `...')
#2 /Users/mac/Desktop/Jobs/web/project/ey56_xu/system/Database/BaseConnection.php(620): CodeIgniter\Database\BaseConnection->simpleQuery('SELECT *\nFROM `...')
#3 /Users/mac/Desktop/Jobs/web/project/ey56_xu/system/Database/BaseBuilder.php(1585): CodeIgniter\Database\BaseConnection->query('SELECT *\nFROM `...', Array, false)
#4 /Users/mac/Desktop/Jobs/web/project/ey56_xu/system/Model.php(772): CodeIgniter\Database\BaseBuilder->get()
#5 /Users/mac/Desktop/Jobs/web/project/ey56_xu/app/Controllers/Api/Member.php(157): CodeIgniter\Model->__call('get', Array)
#6 /Users/mac/Desktop/Jobs/web/project/ey56_xu/system/CodeIgniter.php(907): App\Controllers\Api\Member->setPwdByPhone()
#7 /Users/mac/Desktop/Jobs/web/project/ey56_xu/system/CodeIgniter.php(457): CodeIgniter\CodeIgniter->runController(Object(App\Controllers\Api\Member))
#8 /Users/mac/Desktop/Jobs/web/project/ey56_xu/system/CodeIgniter.php(340): CodeIgniter\CodeIgniter->handleRequest(NULL, Object(Config\Cache), false)
#9 /Users/mac/Desktop/Jobs/web/project/ey56_xu/public/index.php(67): CodeIgniter\CodeIgniter->run()
#10 {main}
CRITICAL - 2022-12-09 19:16:08 --> Unknown column '2022-12-09 19:15:08' in 'where clause'
in SYSTEMPATH/Database/MySQLi/Connection.php on line 292.
 1 SYSTEMPATH/Database/MySQLi/Connection.php(292): mysqli->query('SELECT *
FROM `custom_smslog`
WHERE `deviceid` = \'16705447746998669858\'
AND `created_at` > `2022-12-09 19:15:08`', 0)
 2 SYSTEMPATH/Database/BaseConnection.php(693): CodeIgniter\Database\MySQLi\Connection->execute('SELECT *
FROM `custom_smslog`
WHERE `deviceid` = \'16705447746998669858\'
AND `created_at` > `2022-12-09 19:15:08`')
 3 SYSTEMPATH/Database/BaseConnection.php(620): CodeIgniter\Database\BaseConnection->simpleQuery('SELECT *
FROM `custom_smslog`
WHERE `deviceid` = \'16705447746998669858\'
AND `created_at` > `2022-12-09 19:15:08`')
 4 SYSTEMPATH/Database/BaseBuilder.php(1585): CodeIgniter\Database\BaseConnection->query('SELECT *
FROM `custom_smslog`
WHERE `deviceid` = :deviceid:
AND `created_at` > `2022-12-09 19:15:08`', [...], false)
 5 SYSTEMPATH/Model.php(772): CodeIgniter\Database\BaseBuilder->get()
 6 APPPATH/Controllers/Api/Member.php(157): CodeIgniter\Model->__call('get', [])
 7 SYSTEMPATH/CodeIgniter.php(907): App\Controllers\Api\Member->setPwdByPhone()
 8 SYSTEMPATH/CodeIgniter.php(457): CodeIgniter\CodeIgniter->runController(Object(App\Controllers\Api\Member))
 9 SYSTEMPATH/CodeIgniter.php(340): CodeIgniter\CodeIgniter->handleRequest(null, Object(Config\Cache), false)
10 FCPATH/index.php(67): CodeIgniter\CodeIgniter->run()
ERROR - 2022-12-09 19:18:10 --> mysqli_sql_exception: Unknown column '2022-12-09 19:17:10' in 'where clause' in /Users/mac/Desktop/Jobs/web/project/ey56_xu/system/Database/MySQLi/Connection.php:292
Stack trace:
#0 /Users/mac/Desktop/Jobs/web/project/ey56_xu/system/Database/MySQLi/Connection.php(292): mysqli->query('SELECT *\nFROM `...', 0)
#1 /Users/mac/Desktop/Jobs/web/project/ey56_xu/system/Database/BaseConnection.php(693): CodeIgniter\Database\MySQLi\Connection->execute('SELECT *\nFROM `...')
#2 /Users/mac/Desktop/Jobs/web/project/ey56_xu/system/Database/BaseConnection.php(620): CodeIgniter\Database\BaseConnection->simpleQuery('SELECT *\nFROM `...')
#3 /Users/mac/Desktop/Jobs/web/project/ey56_xu/system/Database/BaseBuilder.php(1585): CodeIgniter\Database\BaseConnection->query('SELECT *\nFROM `...', Array, false)
#4 /Users/mac/Desktop/Jobs/web/project/ey56_xu/system/Model.php(772): CodeIgniter\Database\BaseBuilder->get()
#5 /Users/mac/Desktop/Jobs/web/project/ey56_xu/app/Controllers/Api/Member.php(132): CodeIgniter\Model->__call('get', Array)
#6 /Users/mac/Desktop/Jobs/web/project/ey56_xu/system/CodeIgniter.php(907): App\Controllers\Api\Member->test()
#7 /Users/mac/Desktop/Jobs/web/project/ey56_xu/system/CodeIgniter.php(457): CodeIgniter\CodeIgniter->runController(Object(App\Controllers\Api\Member))
#8 /Users/mac/Desktop/Jobs/web/project/ey56_xu/system/CodeIgniter.php(340): CodeIgniter\CodeIgniter->handleRequest(NULL, Object(Config\Cache), false)
#9 /Users/mac/Desktop/Jobs/web/project/ey56_xu/public/index.php(67): CodeIgniter\CodeIgniter->run()
#10 {main}
CRITICAL - 2022-12-09 19:18:10 --> Unknown column '2022-12-09 19:17:10' in 'where clause'
in SYSTEMPATH/Database/MySQLi/Connection.php on line 292.
 1 SYSTEMPATH/Database/MySQLi/Connection.php(292): mysqli->query('SELECT *
FROM `custom_smslog`
WHERE `created_at` > `2022-12-09 19:17:10`', 0)
 2 SYSTEMPATH/Database/BaseConnection.php(693): CodeIgniter\Database\MySQLi\Connection->execute('SELECT *
FROM `custom_smslog`
WHERE `created_at` > `2022-12-09 19:17:10`')
 3 SYSTEMPATH/Database/BaseConnection.php(620): CodeIgniter\Database\BaseConnection->simpleQuery('SELECT *
FROM `custom_smslog`
WHERE `created_at` > `2022-12-09 19:17:10`')
 4 SYSTEMPATH/Database/BaseBuilder.php(1585): CodeIgniter\Database\BaseConnection->query('SELECT *
FROM `custom_smslog`
WHERE `created_at` > `2022-12-09 19:17:10`', [], false)
 5 SYSTEMPATH/Model.php(772): CodeIgniter\Database\BaseBuilder->get()
 6 APPPATH/Controllers/Api/Member.php(132): CodeIgniter\Model->__call('get', [])
 7 SYSTEMPATH/CodeIgniter.php(907): App\Controllers\Api\Member->test()
 8 SYSTEMPATH/CodeIgniter.php(457): CodeIgniter\CodeIgniter->runController(Object(App\Controllers\Api\Member))
 9 SYSTEMPATH/CodeIgniter.php(340): CodeIgniter\CodeIgniter->handleRequest(null, Object(Config\Cache), false)
10 FCPATH/index.php(67): CodeIgniter\CodeIgniter->run()
CRITICAL - 2022-12-09 19:18:37 --> syntax error, unexpected ';', expecting ')'
in APPPATH/Controllers/Api/Member.php on line 132.
 1 SYSTEMPATH/Router/Router.php(499): CodeIgniter\Router\AutoRouter->getRoute('api/member/test')
 2 SYSTEMPATH/Router/Router.php(205): CodeIgniter\Router\Router->autoRoute('api/member/test')
 3 SYSTEMPATH/CodeIgniter.php(782): CodeIgniter\Router\Router->handle('api/member/test')
 4 SYSTEMPATH/CodeIgniter.php(406): CodeIgniter\CodeIgniter->tryToRouteIt(Object(CodeIgniter\Router\RouteCollection))
 5 SYSTEMPATH/CodeIgniter.php(340): CodeIgniter\CodeIgniter->handleRequest(null, Object(Config\Cache), false)
 6 FCPATH/index.php(67): CodeIgniter\CodeIgniter->run()
