CRITICAL - 2022-10-14 07:25:04 --> Undefined variable: url
in APPPATH/Controllers/Admin/Caiji.php on line 570.
 1 APPPATH/Controllers/Admin/Caiji.php(570): CodeIgniter\Debug\Exceptions->errorHandler(8, 'Undefined variable: url', 'APPPATH/Controllers/Admin/Caiji.php', 570, [...])
 2 SYSTEMPATH/CodeIgniter.php(907): App\Controllers\Admin\Caiji->updateFoodUrl()
 3 SYSTEMPATH/CodeIgniter.php(457): CodeIgniter\CodeIgniter->runController(Object(App\Controllers\Admin\Caiji))
 4 SYSTEMPATH/CodeIgniter.php(340): CodeIgniter\CodeIgniter->handleRequest(null, Object(Config\Cache), false)
 5 FCPATH/index.php(67): CodeIgniter\CodeIgniter->run()
CRITICAL - 2022-10-14 07:32:02 --> syntax error, unexpected ')'
in APPPATH/Controllers/Admin/Caiji.php on line 597.
 1 SYSTEMPATH/Router/Router.php(499): CodeIgniter\Router\AutoRouter->getRoute('admin/caiji/updatefoodurl')
 2 SYSTEMPATH/Router/Router.php(205): CodeIgniter\Router\Router->autoRoute('admin/caiji/updatefoodurl')
 3 SYSTEMPATH/CodeIgniter.php(782): CodeIgniter\Router\Router->handle('admin/caiji/updatefoodurl')
 4 SYSTEMPATH/CodeIgniter.php(406): CodeIgniter\CodeIgniter->tryToRouteIt(Object(CodeIgniter\Router\RouteCollection))
 5 SYSTEMPATH/CodeIgniter.php(340): CodeIgniter\CodeIgniter->handleRequest(null, Object(Config\Cache), false)
 6 FCPATH/index.php(67): CodeIgniter\CodeIgniter->run()
CRITICAL - 2022-10-14 07:36:51 --> count(): Argument #1 ($value) must be of type Countable|array, int given
in APPPATH/Controllers/Admin/Caiji.php on line 594.
 1 APPPATH/Controllers/Admin/Caiji.php(594): count(0)
 2 SYSTEMPATH/CodeIgniter.php(907): App\Controllers\Admin\Caiji->updateFoodUrl()
 3 SYSTEMPATH/CodeIgniter.php(457): CodeIgniter\CodeIgniter->runController(Object(App\Controllers\Admin\Caiji))
 4 SYSTEMPATH/CodeIgniter.php(340): CodeIgniter\CodeIgniter->handleRequest(null, Object(Config\Cache), false)
 5 FCPATH/index.php(67): CodeIgniter\CodeIgniter->run()
CRITICAL - 2022-10-14 07:38:04 --> Undefined variable $url
in APPPATH/Controllers/Admin/Caiji.php on line 586.
 1 APPPATH/Controllers/Admin/Caiji.php(586): CodeIgniter\Debug\Exceptions->errorHandler(2, 'Undefined variable $url', 'APPPATH/Controllers/Admin/Caiji.php', 586)
 2 SYSTEMPATH/CodeIgniter.php(907): App\Controllers\Admin\Caiji->updateFoodUrl()
 3 SYSTEMPATH/CodeIgniter.php(457): CodeIgniter\CodeIgniter->runController(Object(App\Controllers\Admin\Caiji))
 4 SYSTEMPATH/CodeIgniter.php(340): CodeIgniter\CodeIgniter->handleRequest(null, Object(Config\Cache), false)
 5 FCPATH/index.php(67): CodeIgniter\CodeIgniter->run()
CRITICAL - 2022-10-14 09:05:47 --> Undefined variable: response
in APPPATH/Controllers/Admin/Caiji.php on line 621.
 1 APPPATH/Controllers/Admin/Caiji.php(621): CodeIgniter\Debug\Exceptions->errorHandler(8, 'Undefined variable: response', 'APPPATH/Controllers/Admin/Caiji.php', 621, [...])
 2 SYSTEMPATH/CodeIgniter.php(907): App\Controllers\Admin\Caiji->updateFoodUrlBySearch()
 3 SYSTEMPATH/CodeIgniter.php(457): CodeIgniter\CodeIgniter->runController(Object(App\Controllers\Admin\Caiji))
 4 SYSTEMPATH/CodeIgniter.php(340): CodeIgniter\CodeIgniter->handleRequest(null, Object(Config\Cache), false)
 5 FCPATH/index.php(67): CodeIgniter\CodeIgniter->run()
CRITICAL - 2022-10-14 09:06:01 --> Undefined variable: response
in APPPATH/Controllers/Admin/Caiji.php on line 621.
 1 APPPATH/Controllers/Admin/Caiji.php(621): CodeIgniter\Debug\Exceptions->errorHandler(8, 'Undefined variable: response', 'APPPATH/Controllers/Admin/Caiji.php', 621, [...])
 2 SYSTEMPATH/CodeIgniter.php(907): App\Controllers\Admin\Caiji->updateFoodUrlBySearch()
 3 SYSTEMPATH/CodeIgniter.php(457): CodeIgniter\CodeIgniter->runController(Object(App\Controllers\Admin\Caiji))
 4 SYSTEMPATH/CodeIgniter.php(340): CodeIgniter\CodeIgniter->handleRequest(null, Object(Config\Cache), false)
 5 FCPATH/index.php(67): CodeIgniter\CodeIgniter->run()
CRITICAL - 2022-10-14 09:06:20 --> Too few arguments to function CodeIgniter\HTTP\CURLRequest::get(), 0 passed in /Users/mac/Desktop/Jobs/web/eysystem/mini_service/miniservice.yuyaoit.cn/app/Controllers/Admin/Caiji.php on line 621 and at least 1 expected
in SYSTEMPATH/HTTP/CURLRequest.php on line 167.
 1 APPPATH/Controllers/Admin/Caiji.php(621): CodeIgniter\HTTP\CURLRequest->get()
 2 SYSTEMPATH/CodeIgniter.php(907): App\Controllers\Admin\Caiji->updateFoodUrlBySearch()
 3 SYSTEMPATH/CodeIgniter.php(457): CodeIgniter\CodeIgniter->runController(Object(App\Controllers\Admin\Caiji))
 4 SYSTEMPATH/CodeIgniter.php(340): CodeIgniter\CodeIgniter->handleRequest(null, Object(Config\Cache), false)
 5 FCPATH/index.php(67): CodeIgniter\CodeIgniter->run()
CRITICAL - 2022-10-14 09:08:49 --> syntax error, unexpected '$response' (T_VARIABLE)
in APPPATH/Controllers/Admin/Caiji.php on line 629.
 1 SYSTEMPATH/Router/Router.php(499): CodeIgniter\Router\AutoRouter->getRoute('admin/caiji/updateFoodUrlBySearch')
 2 SYSTEMPATH/Router/Router.php(205): CodeIgniter\Router\Router->autoRoute('admin/caiji/updateFoodUrlBySearch')
 3 SYSTEMPATH/CodeIgniter.php(782): CodeIgniter\Router\Router->handle('admin/caiji/updateFoodUrlBySearch')
 4 SYSTEMPATH/CodeIgniter.php(406): CodeIgniter\CodeIgniter->tryToRouteIt(Object(CodeIgniter\Router\RouteCollection))
 5 SYSTEMPATH/CodeIgniter.php(340): CodeIgniter\CodeIgniter->handleRequest(null, Object(Config\Cache), false)
 6 FCPATH/index.php(67): CodeIgniter\CodeIgniter->run()
CRITICAL - 2022-10-14 09:20:02 --> DOMXPath::query(): Invalid expression
in APPPATH/ThirdParty/phpQuery/phpQuery/phpQueryObject.php on line 667.
 1 [internal function]: CodeIgniter\Debug\Exceptions->errorHandler(2, 'DOMXPath::query(): Invalid expression', 'APPPATH/ThirdParty/phpQuery/phpQuery/phpQueryObject.php', 667, [...])
 2 APPPATH/ThirdParty/phpQuery/phpQuery/phpQueryObject.php(667): DOMXPath->query('//*[@id=\'sort_list_show\']/li[@0]')
 3 APPPATH/ThirdParty/phpQuery/phpQuery/phpQueryObject.php(856): phpQueryObject->runQuery('//*[@id=\'sort_list_show\']/li[@0]')
 4 APPPATH/ThirdParty/phpQuery/phpQuery.php(230): phpQueryObject->find('#sort_list_show > li[0]')
 5 APPPATH/ThirdParty/phpQuery/phpQuery.php(1327): phpQuery::pq('#sort_list_show > li[0]')
 6 APPPATH/Controllers/Admin/Caiji.php(627): pq('#sort_list_show > li[0]')
 7 SYSTEMPATH/CodeIgniter.php(907): App\Controllers\Admin\Caiji->updateFoodUrlBySearch()
 8 SYSTEMPATH/CodeIgniter.php(457): CodeIgniter\CodeIgniter->runController(Object(App\Controllers\Admin\Caiji))
 9 SYSTEMPATH/CodeIgniter.php(340): CodeIgniter\CodeIgniter->handleRequest(null, Object(Config\Cache), false)
10 FCPATH/index.php(67): CodeIgniter\CodeIgniter->run()
CRITICAL - 2022-10-14 09:20:32 --> DOMXPath::query(): Invalid expression
in APPPATH/ThirdParty/phpQuery/phpQuery/phpQueryObject.php on line 667.
 1 [internal function]: CodeIgniter\Debug\Exceptions->errorHandler(2, 'DOMXPath::query(): Invalid expression', 'APPPATH/ThirdParty/phpQuery/phpQuery/phpQueryObject.php', 667, [...])
 2 APPPATH/ThirdParty/phpQuery/phpQuery/phpQueryObject.php(667): DOMXPath->query('//*[@id=\'sort_list_show\']/li[@0]')
 3 APPPATH/ThirdParty/phpQuery/phpQuery/phpQueryObject.php(856): phpQueryObject->runQuery('//*[@id=\'sort_list_show\']/li[@0]')
 4 APPPATH/ThirdParty/phpQuery/phpQuery.php(230): phpQueryObject->find('#sort_list_show > li[0]')
 5 APPPATH/ThirdParty/phpQuery/phpQuery.php(1327): phpQuery::pq('#sort_list_show > li[0]')
 6 APPPATH/Controllers/Admin/Caiji.php(627): pq('#sort_list_show > li[0]')
 7 SYSTEMPATH/CodeIgniter.php(907): App\Controllers\Admin\Caiji->updateFoodUrlBySearch()
 8 SYSTEMPATH/CodeIgniter.php(457): CodeIgniter\CodeIgniter->runController(Object(App\Controllers\Admin\Caiji))
 9 SYSTEMPATH/CodeIgniter.php(340): CodeIgniter\CodeIgniter->handleRequest(null, Object(Config\Cache), false)
10 FCPATH/index.php(67): CodeIgniter\CodeIgniter->run()
CRITICAL - 2022-10-14 09:33:18 --> Illegal string offset 'id'
in APPPATH/Controllers/Admin/Caiji.php on line 637.
 1 APPPATH/Controllers/Admin/Caiji.php(637): CodeIgniter\Debug\Exceptions->errorHandler(2, 'Illegal string offset \'id\'', 'APPPATH/Controllers/Admin/Caiji.php', 637, [...])
 2 SYSTEMPATH/CodeIgniter.php(907): App\Controllers\Admin\Caiji->updateFoodUrlBySearch()
 3 SYSTEMPATH/CodeIgniter.php(457): CodeIgniter\CodeIgniter->runController(Object(App\Controllers\Admin\Caiji))
 4 SYSTEMPATH/CodeIgniter.php(340): CodeIgniter\CodeIgniter->handleRequest(null, Object(Config\Cache), false)
 5 FCPATH/index.php(67): CodeIgniter\CodeIgniter->run()
CRITICAL - 2022-10-14 09:33:59 --> Undefined variable: urlMode
in APPPATH/Controllers/Admin/Caiji.php on line 643.
 1 APPPATH/Controllers/Admin/Caiji.php(643): CodeIgniter\Debug\Exceptions->errorHandler(8, 'Undefined variable: urlMode', 'APPPATH/Controllers/Admin/Caiji.php', 643, [...])
 2 SYSTEMPATH/CodeIgniter.php(907): App\Controllers\Admin\Caiji->updateFoodUrlBySearch()
 3 SYSTEMPATH/CodeIgniter.php(457): CodeIgniter\CodeIgniter->runController(Object(App\Controllers\Admin\Caiji))
 4 SYSTEMPATH/CodeIgniter.php(340): CodeIgniter\CodeIgniter->handleRequest(null, Object(Config\Cache), false)
 5 FCPATH/index.php(67): CodeIgniter\CodeIgniter->run()
