CRITICAL - 2022-11-15 07:30:55 --> syntax error, unexpected 'insert' (T_STRING), expecting ')'
in APPPATH/Controllers/Api/Pocket.php on line 25.
 1 SYSTEMPATH/Router/Router.php(499): CodeIgniter\Router\AutoRouter->getRoute('api/pocket/getCoin')
 2 SYSTEMPATH/Router/Router.php(205): CodeIgniter\Router\Router->autoRoute('api/pocket/getCoin')
 3 SYSTEMPATH/CodeIgniter.php(782): CodeIgniter\Router\Router->handle('api/pocket/getCoin')
 4 SYSTEMPATH/CodeIgniter.php(406): CodeIgniter\CodeIgniter->tryToRouteIt(Object(CodeIgniter\Router\RouteCollection))
 5 SYSTEMPATH/CodeIgniter.php(340): CodeIgniter\CodeIgniter->handleRequest(null, Object(Config\Cache), false)
 6 FCPATH/index.php(67): CodeIgniter\CodeIgniter->run()
ERROR - 2022-11-15 07:40:58 --> mysqli_sql_exception: Duplicate entry '11' for key 'memid' in /Users/mac/Desktop/Jobs/web/project/ey56_xu/system/Database/MySQLi/Connection.php:292
Stack trace:
#0 /Users/mac/Desktop/Jobs/web/project/ey56_xu/system/Database/MySQLi/Connection.php(292): mysqli->query('INSERT INTO `po...', 0)
#1 /Users/mac/Desktop/Jobs/web/project/ey56_xu/system/Database/BaseConnection.php(693): CodeIgniter\Database\MySQLi\Connection->execute('INSERT INTO `po...')
#2 /Users/mac/Desktop/Jobs/web/project/ey56_xu/system/Database/BaseConnection.php(620): CodeIgniter\Database\BaseConnection->simpleQuery('INSERT INTO `po...')
#3 /Users/mac/Desktop/Jobs/web/project/ey56_xu/system/Database/BaseBuilder.php(1916): CodeIgniter\Database\BaseConnection->query('INSERT INTO `po...', Array, false)
#4 /Users/mac/Desktop/Jobs/web/project/ey56_xu/system/Model.php(279): CodeIgniter\Database\BaseBuilder->insert()
#5 /Users/mac/Desktop/Jobs/web/project/ey56_xu/system/BaseModel.php(738): CodeIgniter\Model->doInsert(Array)
#6 /Users/mac/Desktop/Jobs/web/project/ey56_xu/system/Model.php(667): CodeIgniter\BaseModel->insert(Array, true)
#7 /Users/mac/Desktop/Jobs/web/project/ey56_xu/app/Controllers/Api/Pocket.php(26): CodeIgniter\Model->insert(Array)
#8 /Users/mac/Desktop/Jobs/web/project/ey56_xu/system/CodeIgniter.php(907): App\Controllers\Api\Pocket->getCoin()
#9 /Users/mac/Desktop/Jobs/web/project/ey56_xu/system/CodeIgniter.php(457): CodeIgniter\CodeIgniter->runController(Object(App\Controllers\Api\Pocket))
#10 /Users/mac/Desktop/Jobs/web/project/ey56_xu/system/CodeIgniter.php(340): CodeIgniter\CodeIgniter->handleRequest(NULL, Object(Config\Cache), false)
#11 /Users/mac/Desktop/Jobs/web/project/ey56_xu/public/index.php(67): CodeIgniter\CodeIgniter->run()
#12 {main}
CRITICAL - 2022-11-15 07:40:58 --> Duplicate entry '11' for key 'memid'
in SYSTEMPATH/Database/MySQLi/Connection.php on line 292.
 1 SYSTEMPATH/Database/MySQLi/Connection.php(292): mysqli->query('INSERT INTO `pocket` (`uid`, `coin`, `cash`, `cashfix`, `point`, `created_at`, `updated_at`) VALUES (11, 22, 1000, 999, 9, \'2022-11-15 07:40:58\', \'2022-11-15 07:40:58\')', 0)
 2 SYSTEMPATH/Database/BaseConnection.php(693): CodeIgniter\Database\MySQLi\Connection->execute('INSERT INTO `pocket` (`uid`, `coin`, `cash`, `cashfix`, `point`, `created_at`, `updated_at`) VALUES (11, 22, 1000, 999, 9, \'2022-11-15 07:40:58\', \'2022-11-15 07:40:58\')')
 3 SYSTEMPATH/Database/BaseConnection.php(620): CodeIgniter\Database\BaseConnection->simpleQuery('INSERT INTO `pocket` (`uid`, `coin`, `cash`, `cashfix`, `point`, `created_at`, `updated_at`) VALUES (11, 22, 1000, 999, 9, \'2022-11-15 07:40:58\', \'2022-11-15 07:40:58\')')
 4 SYSTEMPATH/Database/BaseBuilder.php(1916): CodeIgniter\Database\BaseConnection->query('INSERT INTO `pocket` (`uid`, `coin`, `cash`, `cashfix`, `point`, `created_at`, `updated_at`) VALUES (:uid:, :coin:, :cash:, :cashfix:, :point:, :created_at:, :updated_at:)', [...], false)
 5 SYSTEMPATH/Model.php(279): CodeIgniter\Database\BaseBuilder->insert()
 6 SYSTEMPATH/BaseModel.php(738): CodeIgniter\Model->doInsert([...])
 7 SYSTEMPATH/Model.php(667): CodeIgniter\BaseModel->insert([...], true)
 8 APPPATH/Controllers/Api/Pocket.php(26): CodeIgniter\Model->insert([...])
 9 SYSTEMPATH/CodeIgniter.php(907): App\Controllers\Api\Pocket->getCoin()
10 SYSTEMPATH/CodeIgniter.php(457): CodeIgniter\CodeIgniter->runController(Object(App\Controllers\Api\Pocket))
11 SYSTEMPATH/CodeIgniter.php(340): CodeIgniter\CodeIgniter->handleRequest(null, Object(Config\Cache), false)
12 FCPATH/index.php(67): CodeIgniter\CodeIgniter->run()
ERROR - 2022-11-15 07:42:23 --> mysqli_sql_exception: Duplicate entry '11' for key 'memid' in /Users/mac/Desktop/Jobs/web/project/ey56_xu/system/Database/MySQLi/Connection.php:292
Stack trace:
#0 /Users/mac/Desktop/Jobs/web/project/ey56_xu/system/Database/MySQLi/Connection.php(292): mysqli->query('INSERT INTO `po...', 0)
#1 /Users/mac/Desktop/Jobs/web/project/ey56_xu/system/Database/BaseConnection.php(693): CodeIgniter\Database\MySQLi\Connection->execute('INSERT INTO `po...')
#2 /Users/mac/Desktop/Jobs/web/project/ey56_xu/system/Database/BaseConnection.php(620): CodeIgniter\Database\BaseConnection->simpleQuery('INSERT INTO `po...')
#3 /Users/mac/Desktop/Jobs/web/project/ey56_xu/system/Database/BaseBuilder.php(1916): CodeIgniter\Database\BaseConnection->query('INSERT INTO `po...', Array, false)
#4 /Users/mac/Desktop/Jobs/web/project/ey56_xu/system/Model.php(279): CodeIgniter\Database\BaseBuilder->insert()
#5 /Users/mac/Desktop/Jobs/web/project/ey56_xu/system/BaseModel.php(738): CodeIgniter\Model->doInsert(Array)
#6 /Users/mac/Desktop/Jobs/web/project/ey56_xu/system/Model.php(667): CodeIgniter\BaseModel->insert(Array, true)
#7 /Users/mac/Desktop/Jobs/web/project/ey56_xu/app/Controllers/Api/Pocket.php(26): CodeIgniter\Model->insert(Array)
#8 /Users/mac/Desktop/Jobs/web/project/ey56_xu/system/CodeIgniter.php(907): App\Controllers\Api\Pocket->getCoin()
#9 /Users/mac/Desktop/Jobs/web/project/ey56_xu/system/CodeIgniter.php(457): CodeIgniter\CodeIgniter->runController(Object(App\Controllers\Api\Pocket))
#10 /Users/mac/Desktop/Jobs/web/project/ey56_xu/system/CodeIgniter.php(340): CodeIgniter\CodeIgniter->handleRequest(NULL, Object(Config\Cache), false)
#11 /Users/mac/Desktop/Jobs/web/project/ey56_xu/public/index.php(67): CodeIgniter\CodeIgniter->run()
#12 {main}
CRITICAL - 2022-11-15 07:42:23 --> Duplicate entry '11' for key 'memid'
in SYSTEMPATH/Database/MySQLi/Connection.php on line 292.
 1 SYSTEMPATH/Database/MySQLi/Connection.php(292): mysqli->query('INSERT INTO `pocket` (`uid`, `coin`, `cash`, `cashfix`, `point`, `created_at`, `updated_at`) VALUES (11, 22, 1000, 999, 9, \'2022-11-15 07:42:23\', \'2022-11-15 07:42:23\')', 0)
 2 SYSTEMPATH/Database/BaseConnection.php(693): CodeIgniter\Database\MySQLi\Connection->execute('INSERT INTO `pocket` (`uid`, `coin`, `cash`, `cashfix`, `point`, `created_at`, `updated_at`) VALUES (11, 22, 1000, 999, 9, \'2022-11-15 07:42:23\', \'2022-11-15 07:42:23\')')
 3 SYSTEMPATH/Database/BaseConnection.php(620): CodeIgniter\Database\BaseConnection->simpleQuery('INSERT INTO `pocket` (`uid`, `coin`, `cash`, `cashfix`, `point`, `created_at`, `updated_at`) VALUES (11, 22, 1000, 999, 9, \'2022-11-15 07:42:23\', \'2022-11-15 07:42:23\')')
 4 SYSTEMPATH/Database/BaseBuilder.php(1916): CodeIgniter\Database\BaseConnection->query('INSERT INTO `pocket` (`uid`, `coin`, `cash`, `cashfix`, `point`, `created_at`, `updated_at`) VALUES (:uid:, :coin:, :cash:, :cashfix:, :point:, :created_at:, :updated_at:)', [...], false)
 5 SYSTEMPATH/Model.php(279): CodeIgniter\Database\BaseBuilder->insert()
 6 SYSTEMPATH/BaseModel.php(738): CodeIgniter\Model->doInsert([...])
 7 SYSTEMPATH/Model.php(667): CodeIgniter\BaseModel->insert([...], true)
 8 APPPATH/Controllers/Api/Pocket.php(26): CodeIgniter\Model->insert([...])
 9 SYSTEMPATH/CodeIgniter.php(907): App\Controllers\Api\Pocket->getCoin()
10 SYSTEMPATH/CodeIgniter.php(457): CodeIgniter\CodeIgniter->runController(Object(App\Controllers\Api\Pocket))
11 SYSTEMPATH/CodeIgniter.php(340): CodeIgniter\CodeIgniter->handleRequest(null, Object(Config\Cache), false)
12 FCPATH/index.php(67): CodeIgniter\CodeIgniter->run()
ERROR - 2022-11-15 07:42:43 --> mysqli_sql_exception: Duplicate entry '11' for key 'memid' in /Users/mac/Desktop/Jobs/web/project/ey56_xu/system/Database/MySQLi/Connection.php:292
Stack trace:
#0 /Users/mac/Desktop/Jobs/web/project/ey56_xu/system/Database/MySQLi/Connection.php(292): mysqli->query('INSERT INTO `po...', 0)
#1 /Users/mac/Desktop/Jobs/web/project/ey56_xu/system/Database/BaseConnection.php(693): CodeIgniter\Database\MySQLi\Connection->execute('INSERT INTO `po...')
#2 /Users/mac/Desktop/Jobs/web/project/ey56_xu/system/Database/BaseConnection.php(620): CodeIgniter\Database\BaseConnection->simpleQuery('INSERT INTO `po...')
#3 /Users/mac/Desktop/Jobs/web/project/ey56_xu/system/Database/BaseBuilder.php(1916): CodeIgniter\Database\BaseConnection->query('INSERT INTO `po...', Array, false)
#4 /Users/mac/Desktop/Jobs/web/project/ey56_xu/system/Model.php(279): CodeIgniter\Database\BaseBuilder->insert()
#5 /Users/mac/Desktop/Jobs/web/project/ey56_xu/system/BaseModel.php(738): CodeIgniter\Model->doInsert(Array)
#6 /Users/mac/Desktop/Jobs/web/project/ey56_xu/system/Model.php(667): CodeIgniter\BaseModel->insert(Array, true)
#7 /Users/mac/Desktop/Jobs/web/project/ey56_xu/app/Controllers/Api/Pocket.php(25): CodeIgniter\Model->insert(Array)
#8 /Users/mac/Desktop/Jobs/web/project/ey56_xu/system/CodeIgniter.php(907): App\Controllers\Api\Pocket->getCoin()
#9 /Users/mac/Desktop/Jobs/web/project/ey56_xu/system/CodeIgniter.php(457): CodeIgniter\CodeIgniter->runController(Object(App\Controllers\Api\Pocket))
#10 /Users/mac/Desktop/Jobs/web/project/ey56_xu/system/CodeIgniter.php(340): CodeIgniter\CodeIgniter->handleRequest(NULL, Object(Config\Cache), false)
#11 /Users/mac/Desktop/Jobs/web/project/ey56_xu/public/index.php(67): CodeIgniter\CodeIgniter->run()
#12 {main}
CRITICAL - 2022-11-15 07:42:43 --> Duplicate entry '11' for key 'memid'
in SYSTEMPATH/Database/MySQLi/Connection.php on line 292.
 1 SYSTEMPATH/Database/MySQLi/Connection.php(292): mysqli->query('INSERT INTO `pocket` (`uid`, `coin`, `cash`, `cashfix`, `point`, `created_at`, `updated_at`) VALUES (11, 22, 1000, 999, 9, \'2022-11-15 07:42:43\', \'2022-11-15 07:42:43\')', 0)
 2 SYSTEMPATH/Database/BaseConnection.php(693): CodeIgniter\Database\MySQLi\Connection->execute('INSERT INTO `pocket` (`uid`, `coin`, `cash`, `cashfix`, `point`, `created_at`, `updated_at`) VALUES (11, 22, 1000, 999, 9, \'2022-11-15 07:42:43\', \'2022-11-15 07:42:43\')')
 3 SYSTEMPATH/Database/BaseConnection.php(620): CodeIgniter\Database\BaseConnection->simpleQuery('INSERT INTO `pocket` (`uid`, `coin`, `cash`, `cashfix`, `point`, `created_at`, `updated_at`) VALUES (11, 22, 1000, 999, 9, \'2022-11-15 07:42:43\', \'2022-11-15 07:42:43\')')
 4 SYSTEMPATH/Database/BaseBuilder.php(1916): CodeIgniter\Database\BaseConnection->query('INSERT INTO `pocket` (`uid`, `coin`, `cash`, `cashfix`, `point`, `created_at`, `updated_at`) VALUES (:uid:, :coin:, :cash:, :cashfix:, :point:, :created_at:, :updated_at:)', [...], false)
 5 SYSTEMPATH/Model.php(279): CodeIgniter\Database\BaseBuilder->insert()
 6 SYSTEMPATH/BaseModel.php(738): CodeIgniter\Model->doInsert([...])
 7 SYSTEMPATH/Model.php(667): CodeIgniter\BaseModel->insert([...], true)
 8 APPPATH/Controllers/Api/Pocket.php(25): CodeIgniter\Model->insert([...])
 9 SYSTEMPATH/CodeIgniter.php(907): App\Controllers\Api\Pocket->getCoin()
10 SYSTEMPATH/CodeIgniter.php(457): CodeIgniter\CodeIgniter->runController(Object(App\Controllers\Api\Pocket))
11 SYSTEMPATH/CodeIgniter.php(340): CodeIgniter\CodeIgniter->handleRequest(null, Object(Config\Cache), false)
12 FCPATH/index.php(67): CodeIgniter\CodeIgniter->run()
CRITICAL - 2022-11-15 07:45:44 --> Call to a member function set() on array
in APPPATH/Controllers/Api/Pocket.php on line 41.
 1 SYSTEMPATH/CodeIgniter.php(907): App\Controllers\Api\Pocket->getCoin()
 2 SYSTEMPATH/CodeIgniter.php(457): CodeIgniter\CodeIgniter->runController(Object(App\Controllers\Api\Pocket))
 3 SYSTEMPATH/CodeIgniter.php(340): CodeIgniter\CodeIgniter->handleRequest(null, Object(Config\Cache), false)
 4 FCPATH/index.php(67): CodeIgniter\CodeIgniter->run()
CRITICAL - 2022-11-15 07:45:58 --> Call to a member function set() on array
in APPPATH/Controllers/Api/Pocket.php on line 41.
 1 SYSTEMPATH/CodeIgniter.php(907): App\Controllers\Api\Pocket->getCoin()
 2 SYSTEMPATH/CodeIgniter.php(457): CodeIgniter\CodeIgniter->runController(Object(App\Controllers\Api\Pocket))
 3 SYSTEMPATH/CodeIgniter.php(340): CodeIgniter\CodeIgniter->handleRequest(null, Object(Config\Cache), false)
 4 FCPATH/index.php(67): CodeIgniter\CodeIgniter->run()
CRITICAL - 2022-11-15 07:49:00 --> A non-numeric value encountered
in APPPATH/Controllers/Api/Pocket.php on line 42.
 1 APPPATH/Controllers/Api/Pocket.php(42): CodeIgniter\Debug\Exceptions->errorHandler(2, 'A non-numeric value encountered', 'APPPATH/Controllers/Api/Pocket.php', 42, [...])
 2 SYSTEMPATH/CodeIgniter.php(907): App\Controllers\Api\Pocket->getCoin()
 3 SYSTEMPATH/CodeIgniter.php(457): CodeIgniter\CodeIgniter->runController(Object(App\Controllers\Api\Pocket))
 4 SYSTEMPATH/CodeIgniter.php(340): CodeIgniter\CodeIgniter->handleRequest(null, Object(Config\Cache), false)
 5 FCPATH/index.php(67): CodeIgniter\CodeIgniter->run()
CRITICAL - 2022-11-15 07:52:37 --> Undefined variable: pcoket
in APPPATH/Controllers/Api/Pocket.php on line 41.
 1 APPPATH/Controllers/Api/Pocket.php(41): CodeIgniter\Debug\Exceptions->errorHandler(8, 'Undefined variable: pcoket', 'APPPATH/Controllers/Api/Pocket.php', 41, [...])
 2 SYSTEMPATH/CodeIgniter.php(907): App\Controllers\Api\Pocket->getCoin()
 3 SYSTEMPATH/CodeIgniter.php(457): CodeIgniter\CodeIgniter->runController(Object(App\Controllers\Api\Pocket))
 4 SYSTEMPATH/CodeIgniter.php(340): CodeIgniter\CodeIgniter->handleRequest(null, Object(Config\Cache), false)
 5 FCPATH/index.php(67): CodeIgniter\CodeIgniter->run()
CRITICAL - 2022-11-15 07:53:45 --> Cannot use object of type stdClass as array
in APPPATH/Controllers/Api/Pocket.php on line 42.
 1 SYSTEMPATH/CodeIgniter.php(907): App\Controllers\Api\Pocket->getCoin()
 2 SYSTEMPATH/CodeIgniter.php(457): CodeIgniter\CodeIgniter->runController(Object(App\Controllers\Api\Pocket))
 3 SYSTEMPATH/CodeIgniter.php(340): CodeIgniter\CodeIgniter->handleRequest(null, Object(Config\Cache), false)
 4 FCPATH/index.php(67): CodeIgniter\CodeIgniter->run()
CRITICAL - 2022-11-15 07:54:02 --> Call to undefined method stdClass::save()
in APPPATH/Controllers/Api/Pocket.php on line 43.
 1 SYSTEMPATH/CodeIgniter.php(907): App\Controllers\Api\Pocket->getCoin()
 2 SYSTEMPATH/CodeIgniter.php(457): CodeIgniter\CodeIgniter->runController(Object(App\Controllers\Api\Pocket))
 3 SYSTEMPATH/CodeIgniter.php(340): CodeIgniter\CodeIgniter->handleRequest(null, Object(Config\Cache), false)
 4 FCPATH/index.php(67): CodeIgniter\CodeIgniter->run()
CRITICAL - 2022-11-15 08:34:02 --> syntax error, unexpected 'return' (T_RETURN)
in APPPATH/Controllers/Api/Pocket.php on line 49.
 1 SYSTEMPATH/Router/Router.php(499): CodeIgniter\Router\AutoRouter->getRoute('api/pocket/getCoin')
 2 SYSTEMPATH/Router/Router.php(205): CodeIgniter\Router\Router->autoRoute('api/pocket/getCoin')
 3 SYSTEMPATH/CodeIgniter.php(782): CodeIgniter\Router\Router->handle('api/pocket/getCoin')
 4 SYSTEMPATH/CodeIgniter.php(406): CodeIgniter\CodeIgniter->tryToRouteIt(Object(CodeIgniter\Router\RouteCollection))
 5 SYSTEMPATH/CodeIgniter.php(340): CodeIgniter\CodeIgniter->handleRequest(null, Object(Config\Cache), false)
 6 FCPATH/index.php(67): CodeIgniter\CodeIgniter->run()
CRITICAL - 2022-11-15 08:34:40 --> Call to undefined method CodeIgniter\Database\MySQLi\Result::selectCount()
in APPPATH/Controllers/Api/Pocket.php on line 44.
 1 SYSTEMPATH/CodeIgniter.php(907): App\Controllers\Api\Pocket->getCoin()
 2 SYSTEMPATH/CodeIgniter.php(457): CodeIgniter\CodeIgniter->runController(Object(App\Controllers\Api\Pocket))
 3 SYSTEMPATH/CodeIgniter.php(340): CodeIgniter\CodeIgniter->handleRequest(null, Object(Config\Cache), false)
 4 FCPATH/index.php(67): CodeIgniter\CodeIgniter->run()
CRITICAL - 2022-11-15 08:37:12 --> Call to undefined method CodeIgniter\Database\MySQLi\Result::getAffectedRows()
in APPPATH/Controllers/Api/Pocket.php on line 44.
 1 SYSTEMPATH/CodeIgniter.php(907): App\Controllers\Api\Pocket->getCoin()
 2 SYSTEMPATH/CodeIgniter.php(457): CodeIgniter\CodeIgniter->runController(Object(App\Controllers\Api\Pocket))
 3 SYSTEMPATH/CodeIgniter.php(340): CodeIgniter\CodeIgniter->handleRequest(null, Object(Config\Cache), false)
 4 FCPATH/index.php(67): CodeIgniter\CodeIgniter->run()
CRITICAL - 2022-11-15 13:52:14 --> Call to undefined method CodeIgniter\Database\MySQLi\Builder::findColumn()
in APPPATH/Models/PocketLogCoinModel.php on line 44.
 1 APPPATH/Controllers/Api/Member.php(128): App\Models\PocketLogCoinModel->getTodayCoin('60')
 2 SYSTEMPATH/CodeIgniter.php(907): App\Controllers\Api\Member->getinvited()
 3 SYSTEMPATH/CodeIgniter.php(457): CodeIgniter\CodeIgniter->runController(Object(App\Controllers\Api\Member))
 4 SYSTEMPATH/CodeIgniter.php(340): CodeIgniter\CodeIgniter->handleRequest(null, Object(Config\Cache), false)
 5 FCPATH/index.php(67): CodeIgniter\CodeIgniter->run()
CRITICAL - 2022-11-15 13:53:02 --> Call to undefined method CodeIgniter\Database\MySQLi\Builder::findColumn()
in APPPATH/Models/PocketLogCoinModel.php on line 44.
 1 APPPATH/Controllers/Api/Member.php(128): App\Models\PocketLogCoinModel->getTodayCoin('60')
 2 SYSTEMPATH/CodeIgniter.php(907): App\Controllers\Api\Member->getinvited()
 3 SYSTEMPATH/CodeIgniter.php(457): CodeIgniter\CodeIgniter->runController(Object(App\Controllers\Api\Member))
 4 SYSTEMPATH/CodeIgniter.php(340): CodeIgniter\CodeIgniter->handleRequest(null, Object(Config\Cache), false)
 5 FCPATH/index.php(67): CodeIgniter\CodeIgniter->run()
