CRITICAL - 2023-04-03 09:10:48 --> Undefined variable: uinfo
in APPPATH/Controllers/Api/Game.php on line 182.
 1 APPPATH/Controllers/Api/Game.php(182): CodeIgniter\Debug\Exceptions->errorHandler(8, 'Undefined variable: uinfo', 'APPPATH/Controllers/Api/Game.php', 182, [...])
 2 SYSTEMPATH/CodeIgniter.php(934): App\Controllers\Api\Game->setEquip()
 3 SYSTEMPATH/CodeIgniter.php(499): CodeIgniter\CodeIgniter->runController(Object(App\Controllers\Api\Game))
 4 SYSTEMPATH/CodeIgniter.php(368): CodeIgniter\CodeIgniter->handleRequest(null, Object(Config\Cache), false)
 5 FCPATH/index.php(67): CodeIgniter\CodeIgniter->run()
CRITICAL - 2023-04-03 09:34:39 --> syntax error, unexpected ''uid'' (T_CONSTANT_ENCAPSED_STRING), expecting ')'
in APPPATH/Controllers/Api/Game.php on line 211.
 1 SYSTEMPATH/Router/Router.php(506): CodeIgniter\Router\AutoRouter->getRoute('api/game/getEquip')
 2 SYSTEMPATH/Router/Router.php(205): CodeIgniter\Router\Router->autoRoute('api/game/getEquip')
 3 SYSTEMPATH/CodeIgniter.php(815): CodeIgniter\Router\Router->handle('api/game/getEquip')
 4 SYSTEMPATH/CodeIgniter.php(449): CodeIgniter\CodeIgniter->tryToRouteIt(Object(CodeIgniter\Router\RouteCollection))
 5 SYSTEMPATH/CodeIgniter.php(368): CodeIgniter\CodeIgniter->handleRequest(null, Object(Config\Cache), false)
 6 FCPATH/index.php(67): CodeIgniter\CodeIgniter->run()
ERROR - 2023-04-03 14:49:47 --> mysqli_sql_exception: Operand should contain 1 column(s) in /Users/mac/Desktop/Jobs/web/project/ey56_xu/system/Database/MySQLi/Connection.php:295
Stack trace:
#0 /Users/mac/Desktop/Jobs/web/project/ey56_xu/system/Database/MySQLi/Connection.php(295): mysqli->query('SELECT `numb`\nF...', 0)
#1 /Users/mac/Desktop/Jobs/web/project/ey56_xu/system/Database/BaseConnection.php(691): CodeIgniter\Database\MySQLi\Connection->execute('SELECT `numb`\nF...')
#2 /Users/mac/Desktop/Jobs/web/project/ey56_xu/system/Database/BaseConnection.php(605): CodeIgniter\Database\BaseConnection->simpleQuery('SELECT `numb`\nF...')
#3 /Users/mac/Desktop/Jobs/web/project/ey56_xu/system/Database/BaseBuilder.php(1602): CodeIgniter\Database\BaseConnection->query('SELECT `numb`\nF...', Array, false)
#4 /Users/mac/Desktop/Jobs/web/project/ey56_xu/system/Model.php(202): CodeIgniter\Database\BaseBuilder->get()
#5 /Users/mac/Desktop/Jobs/web/project/ey56_xu/system/BaseModel.php(557): CodeIgniter\Model->doFind(false, NULL)
#6 /Users/mac/Desktop/Jobs/web/project/ey56_xu/system/Model.php(218): CodeIgniter\BaseModel->find()
#7 /Users/mac/Desktop/Jobs/web/project/ey56_xu/system/BaseModel.php(588): CodeIgniter\Model->doFindColumn('numb')
#8 /Users/mac/Desktop/Jobs/web/project/ey56_xu/app/Controllers/Api/Game.php(162): CodeIgniter\BaseModel->findColumn('numb')
#9 /Users/mac/Desktop/Jobs/web/project/ey56_xu/system/CodeIgniter.php(934): App\Controllers\Api\Game->setModuleSale()
#10 /Users/mac/Desktop/Jobs/web/project/ey56_xu/system/CodeIgniter.php(499): CodeIgniter\CodeIgniter->runController(Object(App\Controllers\Api\Game))
#11 /Users/mac/Desktop/Jobs/web/project/ey56_xu/system/CodeIgniter.php(368): CodeIgniter\CodeIgniter->handleRequest(NULL, Object(Config\Cache), false)
#12 /Users/mac/Desktop/Jobs/web/project/ey56_xu/public/index.php(67): CodeIgniter\CodeIgniter->run()
#13 {main}
CRITICAL - 2023-04-03 14:49:47 --> Operand should contain 1 column(s)
in SYSTEMPATH/Database/BaseConnection.php on line 645.
 1 SYSTEMPATH/Database/BaseBuilder.php(1602): CodeIgniter\Database\BaseConnection->query('SELECT `numb`
FROM `game_user_modules`
WHERE `uid` = :uid:
AND `mid` = :mid:
AND `lvl` = :lvl:
AND `game_user_modules`.`deleted_at` IS NULL', [...], false)
 2 SYSTEMPATH/Model.php(202): CodeIgniter\Database\BaseBuilder->get()
 3 SYSTEMPATH/BaseModel.php(557): CodeIgniter\Model->doFind(false, null)
 4 SYSTEMPATH/Model.php(218): CodeIgniter\BaseModel->find()
 5 SYSTEMPATH/BaseModel.php(588): CodeIgniter\Model->doFindColumn('numb')
 6 APPPATH/Controllers/Api/Game.php(162): CodeIgniter\BaseModel->findColumn('numb')
 7 SYSTEMPATH/CodeIgniter.php(934): App\Controllers\Api\Game->setModuleSale()
 8 SYSTEMPATH/CodeIgniter.php(499): CodeIgniter\CodeIgniter->runController(Object(App\Controllers\Api\Game))
 9 SYSTEMPATH/CodeIgniter.php(368): CodeIgniter\CodeIgniter->handleRequest(null, Object(Config\Cache), false)
10 FCPATH/index.php(67): CodeIgniter\CodeIgniter->run()
