CRITICAL - 2023-01-04 09:09:18 --> Undefined index: uid
in APPPATH/Controllers/Api/Chat.php on line 24.
 1 APPPATH/Controllers/Api/Chat.php(24): CodeIgniter\Debug\Exceptions->errorHandler(8, 'Undefined index: uid', 'APPPATH/Controllers/Api/Chat.php', 24, [...])
 2 SYSTEMPATH/CodeIgniter.php(907): App\Controllers\Api\Chat->getRoom()
 3 SYSTEMPATH/CodeIgniter.php(457): CodeIgniter\CodeIgniter->runController(Object(App\Controllers\Api\Chat))
 4 SYSTEMPATH/CodeIgniter.php(340): CodeIgniter\CodeIgniter->handleRequest(null, Object(Config\Cache), false)
 5 FCPATH/index.php(67): CodeIgniter\CodeIgniter->run()
CRITICAL - 2023-01-04 09:11:43 --> Undefined variable: _t
in APPPATH/Controllers/Api/Chat.php on line 27.
 1 APPPATH/Controllers/Api/Chat.php(27): CodeIgniter\Debug\Exceptions->errorHandler(8, 'Undefined variable: _t', 'APPPATH/Controllers/Api/Chat.php', 27, [...])
 2 SYSTEMPATH/CodeIgniter.php(907): App\Controllers\Api\Chat->getRoom()
 3 SYSTEMPATH/CodeIgniter.php(457): CodeIgniter\CodeIgniter->runController(Object(App\Controllers\Api\Chat))
 4 SYSTEMPATH/CodeIgniter.php(340): CodeIgniter\CodeIgniter->handleRequest(null, Object(Config\Cache), false)
 5 FCPATH/index.php(67): CodeIgniter\CodeIgniter->run()
CRITICAL - 2023-01-04 09:11:56 --> Undefined variable: _t
in APPPATH/Controllers/Api/Chat.php on line 27.
 1 APPPATH/Controllers/Api/Chat.php(27): CodeIgniter\Debug\Exceptions->errorHandler(8, 'Undefined variable: _t', 'APPPATH/Controllers/Api/Chat.php', 27, [...])
 2 SYSTEMPATH/CodeIgniter.php(907): App\Controllers\Api\Chat->getRoom()
 3 SYSTEMPATH/CodeIgniter.php(457): CodeIgniter\CodeIgniter->runController(Object(App\Controllers\Api\Chat))
 4 SYSTEMPATH/CodeIgniter.php(340): CodeIgniter\CodeIgniter->handleRequest(null, Object(Config\Cache), false)
 5 FCPATH/index.php(67): CodeIgniter\CodeIgniter->run()
CRITICAL - 2023-01-04 09:12:50 --> Undefined variable: _t
in APPPATH/Controllers/Api/Chat.php on line 27.
 1 APPPATH/Controllers/Api/Chat.php(27): CodeIgniter\Debug\Exceptions->errorHandler(8, 'Undefined variable: _t', 'APPPATH/Controllers/Api/Chat.php', 27, [...])
 2 SYSTEMPATH/CodeIgniter.php(907): App\Controllers\Api\Chat->getRoom()
 3 SYSTEMPATH/CodeIgniter.php(457): CodeIgniter\CodeIgniter->runController(Object(App\Controllers\Api\Chat))
 4 SYSTEMPATH/CodeIgniter.php(340): CodeIgniter\CodeIgniter->handleRequest(null, Object(Config\Cache), false)
 5 FCPATH/index.php(67): CodeIgniter\CodeIgniter->run()
CRITICAL - 2023-01-04 09:13:01 --> Undefined variable: _t
in APPPATH/Controllers/Api/Chat.php on line 27.
 1 APPPATH/Controllers/Api/Chat.php(27): CodeIgniter\Debug\Exceptions->errorHandler(8, 'Undefined variable: _t', 'APPPATH/Controllers/Api/Chat.php', 27, [...])
 2 SYSTEMPATH/CodeIgniter.php(907): App\Controllers\Api\Chat->getRoom()
 3 SYSTEMPATH/CodeIgniter.php(457): CodeIgniter\CodeIgniter->runController(Object(App\Controllers\Api\Chat))
 4 SYSTEMPATH/CodeIgniter.php(340): CodeIgniter\CodeIgniter->handleRequest(null, Object(Config\Cache), false)
 5 FCPATH/index.php(67): CodeIgniter\CodeIgniter->run()
CRITICAL - 2023-01-04 09:15:54 --> Undefined variable: _t
in APPPATH/Controllers/Api/Chat.php on line 28.
 1 APPPATH/Controllers/Api/Chat.php(28): CodeIgniter\Debug\Exceptions->errorHandler(8, 'Undefined variable: _t', 'APPPATH/Controllers/Api/Chat.php', 28, [...])
 2 SYSTEMPATH/CodeIgniter.php(907): App\Controllers\Api\Chat->getRoom()
 3 SYSTEMPATH/CodeIgniter.php(457): CodeIgniter\CodeIgniter->runController(Object(App\Controllers\Api\Chat))
 4 SYSTEMPATH/CodeIgniter.php(340): CodeIgniter\CodeIgniter->handleRequest(null, Object(Config\Cache), false)
 5 FCPATH/index.php(67): CodeIgniter\CodeIgniter->run()
CRITICAL - 2023-01-04 09:39:44 --> Undefined variable: mModel
in APPPATH/Controllers/Api/Chat.php on line 44.
 1 APPPATH/Controllers/Api/Chat.php(44): CodeIgniter\Debug\Exceptions->errorHandler(8, 'Undefined variable: mModel', 'APPPATH/Controllers/Api/Chat.php', 44, [...])
 2 SYSTEMPATH/CodeIgniter.php(907): App\Controllers\Api\Chat->getRoom()
 3 SYSTEMPATH/CodeIgniter.php(457): CodeIgniter\CodeIgniter->runController(Object(App\Controllers\Api\Chat))
 4 SYSTEMPATH/CodeIgniter.php(340): CodeIgniter\CodeIgniter->handleRequest(null, Object(Config\Cache), false)
 5 FCPATH/index.php(67): CodeIgniter\CodeIgniter->run()
CRITICAL - 2023-01-04 09:58:31 --> Undefined variable: c
in APPPATH/Controllers/Api/Chat.php on line 20.
 1 APPPATH/Controllers/Api/Chat.php(20): CodeIgniter\Debug\Exceptions->errorHandler(8, 'Undefined variable: c', 'APPPATH/Controllers/Api/Chat.php', 20, [...])
 2 SYSTEMPATH/CodeIgniter.php(907): App\Controllers\Api\Chat->getRoom()
 3 SYSTEMPATH/CodeIgniter.php(457): CodeIgniter\CodeIgniter->runController(Object(App\Controllers\Api\Chat))
 4 SYSTEMPATH/CodeIgniter.php(340): CodeIgniter\CodeIgniter->handleRequest(null, Object(Config\Cache), false)
 5 FCPATH/index.php(67): CodeIgniter\CodeIgniter->run()
CRITICAL - 2023-01-04 10:04:02 --> syntax error, unexpected '}'
in APPPATH/Controllers/Api/Chat.php on line 26.
 1 SYSTEMPATH/Router/Router.php(499): CodeIgniter\Router\AutoRouter->getRoute('api/chat/getRoom')
 2 SYSTEMPATH/Router/Router.php(205): CodeIgniter\Router\Router->autoRoute('api/chat/getRoom')
 3 SYSTEMPATH/CodeIgniter.php(782): CodeIgniter\Router\Router->handle('api/chat/getRoom')
 4 SYSTEMPATH/CodeIgniter.php(406): CodeIgniter\CodeIgniter->tryToRouteIt(Object(CodeIgniter\Router\RouteCollection))
 5 SYSTEMPATH/CodeIgniter.php(340): CodeIgniter\CodeIgniter->handleRequest(null, Object(Config\Cache), false)
 6 FCPATH/index.php(67): CodeIgniter\CodeIgniter->run()
CRITICAL - 2023-01-04 10:08:04 --> Undefined index: news
in APPPATH/Controllers/Api/Chat.php on line 37.
 1 APPPATH/Controllers/Api/Chat.php(37): CodeIgniter\Debug\Exceptions->errorHandler(8, 'Undefined index: news', 'APPPATH/Controllers/Api/Chat.php', 37, [...])
 2 SYSTEMPATH/CodeIgniter.php(907): App\Controllers\Api\Chat->getRoom()
 3 SYSTEMPATH/CodeIgniter.php(457): CodeIgniter\CodeIgniter->runController(Object(App\Controllers\Api\Chat))
 4 SYSTEMPATH/CodeIgniter.php(340): CodeIgniter\CodeIgniter->handleRequest(null, Object(Config\Cache), false)
 5 FCPATH/index.php(67): CodeIgniter\CodeIgniter->run()
CRITICAL - 2023-01-04 10:15:38 --> Undefined index: rid
in APPPATH/Controllers/Api/Chat.php on line 25.
 1 APPPATH/Controllers/Api/Chat.php(25): CodeIgniter\Debug\Exceptions->errorHandler(8, 'Undefined index: rid', 'APPPATH/Controllers/Api/Chat.php', 25, [...])
 2 SYSTEMPATH/CodeIgniter.php(907): App\Controllers\Api\Chat->getRoom()
 3 SYSTEMPATH/CodeIgniter.php(457): CodeIgniter\CodeIgniter->runController(Object(App\Controllers\Api\Chat))
 4 SYSTEMPATH/CodeIgniter.php(340): CodeIgniter\CodeIgniter->handleRequest(null, Object(Config\Cache), false)
 5 FCPATH/index.php(67): CodeIgniter\CodeIgniter->run()
CRITICAL - 2023-01-04 10:15:41 --> Undefined index: rid
in APPPATH/Controllers/Api/Chat.php on line 25.
 1 APPPATH/Controllers/Api/Chat.php(25): CodeIgniter\Debug\Exceptions->errorHandler(8, 'Undefined index: rid', 'APPPATH/Controllers/Api/Chat.php', 25, [...])
 2 SYSTEMPATH/CodeIgniter.php(907): App\Controllers\Api\Chat->getRoom()
 3 SYSTEMPATH/CodeIgniter.php(457): CodeIgniter\CodeIgniter->runController(Object(App\Controllers\Api\Chat))
 4 SYSTEMPATH/CodeIgniter.php(340): CodeIgniter\CodeIgniter->handleRequest(null, Object(Config\Cache), false)
 5 FCPATH/index.php(67): CodeIgniter\CodeIgniter->run()
CRITICAL - 2023-01-04 10:15:52 --> Undefined index: rid
in APPPATH/Controllers/Api/Chat.php on line 25.
 1 APPPATH/Controllers/Api/Chat.php(25): CodeIgniter\Debug\Exceptions->errorHandler(8, 'Undefined index: rid', 'APPPATH/Controllers/Api/Chat.php', 25, [...])
 2 SYSTEMPATH/CodeIgniter.php(907): App\Controllers\Api\Chat->getRoom()
 3 SYSTEMPATH/CodeIgniter.php(457): CodeIgniter\CodeIgniter->runController(Object(App\Controllers\Api\Chat))
 4 SYSTEMPATH/CodeIgniter.php(340): CodeIgniter\CodeIgniter->handleRequest(null, Object(Config\Cache), false)
 5 FCPATH/index.php(67): CodeIgniter\CodeIgniter->run()
